Copyright 1986-2014 Xilinx, Inc. All Rights Reserved.
------------------------------------------------------------------------------------------------------------------------
| Tool Version : Vivado v.2014.3 (lin64) Build 1034051 Fri Oct  3 16:32:59 MDT 2014
| Date         : Wed Apr  8 17:12:01 2015
| Host         : paasei running 64-bit Scientific Linux release 6.5 (Carbon)
| Command      : report_timing -delay_type max -max_paths 10 -sort_by group -input_pins -file postlogopt_timing_max.rpt
| Design       : mkDelayWorker32B
| Device       : xcku035-ffva1156
| Speed File   : -3  PREVIEW 1.10 09-18-2014
------------------------------------------------------------------------------------------------------------------------

Timing Report

Slack (MET) :             0.402ns  (required time - arrival time)
  Source:                 dpram2/mem_reg_bram_0/CLKBWRCLK
                            (rising edge-triggered cell RAMB36E2 clocked by wciS0_Clk  {rise@0.000ns fall@1.000ns period=2.000ns})
  Destination:            ars3/fifo_1/ram1/mem_reg_0/DINADIN[0]
                            (rising edge-triggered cell RAMB36E2 clocked by wciS0_Clk  {rise@0.000ns fall@1.000ns period=2.000ns})
  Path Group:             wciS0_Clk
  Path Type:              Setup (Max at Slow Process Corner)
  Requirement:            2.000ns  (wciS0_Clk rise@2.000ns - wciS0_Clk rise@0.000ns)
  Data Path Delay:        1.317ns  (logic 1.047ns (79.507%)  route 0.270ns (20.493%))
  Logic Levels:           0  
  Clock Uncertainty:      0.035ns  ((TSJ^2 + TIJ^2)^1/2 + DJ) / 2 + PE
    Total System Jitter     (TSJ):    0.071ns
    Total Input Jitter      (TIJ):    0.000ns
    Discrete Jitter          (DJ):    0.000ns
    Phase Error              (PE):    0.000ns

    Location             Delay type                Incr(ns)  Path(ns)    Netlist Resource(s)
  -------------------------------------------------------------------    -------------------
                         (clock wciS0_Clk rise edge)
                                                      0.000     0.000 r  
                                                      0.000     0.000 r  wciS0_Clk
                         net (fo=802, unset)          0.000     0.000    dpram2/wciS0_Clk
                                                                      r  dpram2/mem_reg_bram_0/CLKBWRCLK
  -------------------------------------------------------------------    -------------------
                         RAMB36E2 (Prop_RAMB36E2_CLKBWRCLK_DOUTBDOUT[0])
                                                      1.047     1.047 r  dpram2/mem_reg_bram_0/DOUTBDOUT[0]
                         net (fo=2, unplaced)         0.270     1.317    ars3/fifo_1/ram1/I9[0]
                         RAMB36E2                                     r  ars3/fifo_1/ram1/mem_reg_0/DINADIN[0]
  -------------------------------------------------------------------    -------------------

                         (clock wciS0_Clk rise edge)
                                                      2.000     2.000 r  
                                                      0.000     2.000 r  wciS0_Clk
                         net (fo=802, unset)          0.000     2.000    ars3/fifo_1/ram1/wciS0_Clk
                                                                      r  ars3/fifo_1/ram1/mem_reg_0/CLKBWRCLK
                         clock pessimism              0.000     2.000    
                         clock uncertainty           -0.035     1.965    
                         RAMB36E2 (Setup_RAMB36E2_CLKBWRCLK_DINADIN[0])
                                                     -0.246     1.719    ars3/fifo_1/ram1/mem_reg_0
  -------------------------------------------------------------------
                         required time                          1.719    
                         arrival time                          -1.317    
  -------------------------------------------------------------------
                         slack                                  0.402    

Slack (MET) :             0.402ns  (required time - arrival time)
  Source:                 fifo_2/fifo_1/ram1/mem_reg_bram_0/CLKBWRCLK
                            (rising edge-triggered cell RAMB36E2 clocked by wciS0_Clk  {rise@0.000ns fall@1.000ns period=2.000ns})
  Destination:            ars4/fifo_1/ram1/mem_reg_0/DINADIN[0]
                            (rising edge-triggered cell RAMB36E2 clocked by wciS0_Clk  {rise@0.000ns fall@1.000ns period=2.000ns})
  Path Group:             wciS0_Clk
  Path Type:              Setup (Max at Slow Process Corner)
  Requirement:            2.000ns  (wciS0_Clk rise@2.000ns - wciS0_Clk rise@0.000ns)
  Data Path Delay:        1.317ns  (logic 1.047ns (79.507%)  route 0.270ns (20.493%))
  Logic Levels:           0  
  Clock Uncertainty:      0.035ns  ((TSJ^2 + TIJ^2)^1/2 + DJ) / 2 + PE
    Total System Jitter     (TSJ):    0.071ns
    Total Input Jitter      (TIJ):    0.000ns
    Discrete Jitter          (DJ):    0.000ns
    Phase Error              (PE):    0.000ns

    Location             Delay type                Incr(ns)  Path(ns)    Netlist Resource(s)
  -------------------------------------------------------------------    -------------------
                         (clock wciS0_Clk rise edge)
                                                      0.000     0.000 r  
                                                      0.000     0.000 r  wciS0_Clk
                         net (fo=802, unset)          0.000     0.000    fifo_2/fifo_1/ram1/wciS0_Clk
                                                                      r  fifo_2/fifo_1/ram1/mem_reg_bram_0/CLKBWRCLK
  -------------------------------------------------------------------    -------------------
                         RAMB36E2 (Prop_RAMB36E2_CLKBWRCLK_DOUTBDOUT[0])
                                                      1.047     1.047 r  fifo_2/fifo_1/ram1/mem_reg_bram_0/DOUTBDOUT[0]
                         net (fo=2, unplaced)         0.270     1.317    ars4/fifo_1/ram1/temp_a[0]
                         RAMB36E2                                     r  ars4/fifo_1/ram1/mem_reg_0/DINADIN[0]
  -------------------------------------------------------------------    -------------------

                         (clock wciS0_Clk rise edge)
                                                      2.000     2.000 r  
                                                      0.000     2.000 r  wciS0_Clk
                         net (fo=802, unset)          0.000     2.000    ars4/fifo_1/ram1/wciS0_Clk
                                                                      r  ars4/fifo_1/ram1/mem_reg_0/CLKBWRCLK
                         clock pessimism              0.000     2.000    
                         clock uncertainty           -0.035     1.965    
                         RAMB36E2 (Setup_RAMB36E2_CLKBWRCLK_DINADIN[0])
                                                     -0.246     1.719    ars4/fifo_1/ram1/mem_reg_0
  -------------------------------------------------------------------
                         required time                          1.719    
                         arrival time                          -1.317    
  -------------------------------------------------------------------
                         slack                                  0.402    

Slack (MET) :             0.402ns  (required time - arrival time)
  Source:                 fifo_2/fifo_1/ram1/mem_reg_bram_0__1/CLKBWRCLK
                            (rising edge-triggered cell RAMB36E2 clocked by wciS0_Clk  {rise@0.000ns fall@1.000ns period=2.000ns})
  Destination:            ars4/fifo_1/ram1/mem_reg_1/DINADIN[0]
                            (rising edge-triggered cell RAMB36E2 clocked by wciS0_Clk  {rise@0.000ns fall@1.000ns period=2.000ns})
  Path Group:             wciS0_Clk
  Path Type:              Setup (Max at Slow Process Corner)
  Requirement:            2.000ns  (wciS0_Clk rise@2.000ns - wciS0_Clk rise@0.000ns)
  Data Path Delay:        1.317ns  (logic 1.047ns (79.507%)  route 0.270ns (20.493%))
  Logic Levels:           0  
  Clock Uncertainty:      0.035ns  ((TSJ^2 + TIJ^2)^1/2 + DJ) / 2 + PE
    Total System Jitter     (TSJ):    0.071ns
    Total Input Jitter      (TIJ):    0.000ns
    Discrete Jitter          (DJ):    0.000ns
    Phase Error              (PE):    0.000ns

    Location             Delay type                Incr(ns)  Path(ns)    Netlist Resource(s)
  -------------------------------------------------------------------    -------------------
                         (clock wciS0_Clk rise edge)
                                                      0.000     0.000 r  
                                                      0.000     0.000 r  wciS0_Clk
                         net (fo=802, unset)          0.000     0.000    fifo_2/fifo_1/ram1/wciS0_Clk
                                                                      r  fifo_2/fifo_1/ram1/mem_reg_bram_0__1/CLKBWRCLK
  -------------------------------------------------------------------    -------------------
                         RAMB36E2 (Prop_RAMB36E2_CLKBWRCLK_DOUTBDOUT[0])
                                                      1.047     1.047 r  fifo_2/fifo_1/ram1/mem_reg_bram_0__1/DOUTBDOUT[0]
                         net (fo=2, unplaced)         0.270     1.317    ars4/fifo_1/ram1/temp_a[72]
                         RAMB36E2                                     r  ars4/fifo_1/ram1/mem_reg_1/DINADIN[0]
  -------------------------------------------------------------------    -------------------

                         (clock wciS0_Clk rise edge)
                                                      2.000     2.000 r  
                                                      0.000     2.000 r  wciS0_Clk
                         net (fo=802, unset)          0.000     2.000    ars4/fifo_1/ram1/wciS0_Clk
                                                                      r  ars4/fifo_1/ram1/mem_reg_1/CLKBWRCLK
                         clock pessimism              0.000     2.000    
                         clock uncertainty           -0.035     1.965    
                         RAMB36E2 (Setup_RAMB36E2_CLKBWRCLK_DINADIN[0])
                                                     -0.246     1.719    ars4/fifo_1/ram1/mem_reg_1
  -------------------------------------------------------------------
                         required time                          1.719    
                         arrival time                          -1.317    
  -------------------------------------------------------------------
                         slack                                  0.402    

Slack (MET) :             0.415ns  (required time - arrival time)
  Source:                 fifo_2/fifo_1/ram1/mem_reg_bram_0__0/CLKBWRCLK
                            (rising edge-triggered cell RAMB36E2 clocked by wciS0_Clk  {rise@0.000ns fall@1.000ns period=2.000ns})
  Destination:            ars4/fifo_1/ram1/mem_reg_0/DINBDIN[4]
                            (rising edge-triggered cell RAMB36E2 clocked by wciS0_Clk  {rise@0.000ns fall@1.000ns period=2.000ns})
  Path Group:             wciS0_Clk
  Path Type:              Setup (Max at Slow Process Corner)
  Requirement:            2.000ns  (wciS0_Clk rise@2.000ns - wciS0_Clk rise@0.000ns)
  Data Path Delay:        1.317ns  (logic 1.047ns (79.507%)  route 0.270ns (20.493%))
  Logic Levels:           0  
  Clock Uncertainty:      0.035ns  ((TSJ^2 + TIJ^2)^1/2 + DJ) / 2 + PE
    Total System Jitter     (TSJ):    0.071ns
    Total Input Jitter      (TIJ):    0.000ns
    Discrete Jitter          (DJ):    0.000ns
    Phase Error              (PE):    0.000ns

    Location             Delay type                Incr(ns)  Path(ns)    Netlist Resource(s)
  -------------------------------------------------------------------    -------------------
                         (clock wciS0_Clk rise edge)
                                                      0.000     0.000 r  
                                                      0.000     0.000 r  wciS0_Clk
                         net (fo=802, unset)          0.000     0.000    fifo_2/fifo_1/ram1/wciS0_Clk
                                                                      r  fifo_2/fifo_1/ram1/mem_reg_bram_0__0/CLKBWRCLK
  -------------------------------------------------------------------    -------------------
                         RAMB36E2 (Prop_RAMB36E2_CLKBWRCLK_DOUTBDOUT[0])
                                                      1.047     1.047 r  fifo_2/fifo_1/ram1/mem_reg_bram_0__0/DOUTBDOUT[0]
                         net (fo=2, unplaced)         0.270     1.317    ars4/fifo_1/ram1/temp_a[36]
                         RAMB36E2                                     r  ars4/fifo_1/ram1/mem_reg_0/DINBDIN[4]
  -------------------------------------------------------------------    -------------------

                         (clock wciS0_Clk rise edge)
                                                      2.000     2.000 r  
                                                      0.000     2.000 r  wciS0_Clk
                         net (fo=802, unset)          0.000     2.000    ars4/fifo_1/ram1/wciS0_Clk
                                                                      r  ars4/fifo_1/ram1/mem_reg_0/CLKBWRCLK
                         clock pessimism              0.000     2.000    
                         clock uncertainty           -0.035     1.965    
                         RAMB36E2 (Setup_RAMB36E2_CLKBWRCLK_DINBDIN[4])
                                                     -0.233     1.732    ars4/fifo_1/ram1/mem_reg_0
  -------------------------------------------------------------------
                         required time                          1.732    
                         arrival time                          -1.317    
  -------------------------------------------------------------------
                         slack                                  0.415    

Slack (MET) :             0.415ns  (required time - arrival time)
  Source:                 fifo_2/fifo_1/ram1/mem_reg_bram_0__2/CLKBWRCLK
                            (rising edge-triggered cell RAMB36E2 clocked by wciS0_Clk  {rise@0.000ns fall@1.000ns period=2.000ns})
  Destination:            ars4/fifo_1/ram1/mem_reg_1/DINBDIN[4]
                            (rising edge-triggered cell RAMB36E2 clocked by wciS0_Clk  {rise@0.000ns fall@1.000ns period=2.000ns})
  Path Group:             wciS0_Clk
  Path Type:              Setup (Max at Slow Process Corner)
  Requirement:            2.000ns  (wciS0_Clk rise@2.000ns - wciS0_Clk rise@0.000ns)
  Data Path Delay:        1.317ns  (logic 1.047ns (79.507%)  route 0.270ns (20.493%))
  Logic Levels:           0  
  Clock Uncertainty:      0.035ns  ((TSJ^2 + TIJ^2)^1/2 + DJ) / 2 + PE
    Total System Jitter     (TSJ):    0.071ns
    Total Input Jitter      (TIJ):    0.000ns
    Discrete Jitter          (DJ):    0.000ns
    Phase Error              (PE):    0.000ns

    Location             Delay type                Incr(ns)  Path(ns)    Netlist Resource(s)
  -------------------------------------------------------------------    -------------------
                         (clock wciS0_Clk rise edge)
                                                      0.000     0.000 r  
                                                      0.000     0.000 r  wciS0_Clk
                         net (fo=802, unset)          0.000     0.000    fifo_2/fifo_1/ram1/wciS0_Clk
                                                                      r  fifo_2/fifo_1/ram1/mem_reg_bram_0__2/CLKBWRCLK
  -------------------------------------------------------------------    -------------------
                         RAMB36E2 (Prop_RAMB36E2_CLKBWRCLK_DOUTBDOUT[0])
                                                      1.047     1.047 r  fifo_2/fifo_1/ram1/mem_reg_bram_0__2/DOUTBDOUT[0]
                         net (fo=2, unplaced)         0.270     1.317    ars4/fifo_1/ram1/temp_a[108]
                         RAMB36E2                                     r  ars4/fifo_1/ram1/mem_reg_1/DINBDIN[4]
  -------------------------------------------------------------------    -------------------

                         (clock wciS0_Clk rise edge)
                                                      2.000     2.000 r  
                                                      0.000     2.000 r  wciS0_Clk
                         net (fo=802, unset)          0.000     2.000    ars4/fifo_1/ram1/wciS0_Clk
                                                                      r  ars4/fifo_1/ram1/mem_reg_1/CLKBWRCLK
                         clock pessimism              0.000     2.000    
                         clock uncertainty           -0.035     1.965    
                         RAMB36E2 (Setup_RAMB36E2_CLKBWRCLK_DINBDIN[4])
                                                     -0.233     1.732    ars4/fifo_1/ram1/mem_reg_1
  -------------------------------------------------------------------
                         required time                          1.732    
                         arrival time                          -1.317    
  -------------------------------------------------------------------
                         slack                                  0.415    

Slack (MET) :             0.427ns  (required time - arrival time)
  Source:                 dpram2/mem_reg_bram_0/CLKBWRCLK
                            (rising edge-triggered cell RAMB36E2 clocked by wciS0_Clk  {rise@0.000ns fall@1.000ns period=2.000ns})
  Destination:            ars3/fifo_1/ram1/mem_reg_0/DINADIN[1]
                            (rising edge-triggered cell RAMB36E2 clocked by wciS0_Clk  {rise@0.000ns fall@1.000ns period=2.000ns})
  Path Group:             wciS0_Clk
  Path Type:              Setup (Max at Slow Process Corner)
  Requirement:            2.000ns  (wciS0_Clk rise@2.000ns - wciS0_Clk rise@0.000ns)
  Data Path Delay:        1.327ns  (logic 1.057ns (79.662%)  route 0.270ns (20.338%))
  Logic Levels:           0  
  Clock Uncertainty:      0.035ns  ((TSJ^2 + TIJ^2)^1/2 + DJ) / 2 + PE
    Total System Jitter     (TSJ):    0.071ns
    Total Input Jitter      (TIJ):    0.000ns
    Discrete Jitter          (DJ):    0.000ns
    Phase Error              (PE):    0.000ns

    Location             Delay type                Incr(ns)  Path(ns)    Netlist Resource(s)
  -------------------------------------------------------------------    -------------------
                         (clock wciS0_Clk rise edge)
                                                      0.000     0.000 r  
                                                      0.000     0.000 r  wciS0_Clk
                         net (fo=802, unset)          0.000     0.000    dpram2/wciS0_Clk
                                                                      r  dpram2/mem_reg_bram_0/CLKBWRCLK
  -------------------------------------------------------------------    -------------------
                         RAMB36E2 (Prop_RAMB36E2_CLKBWRCLK_DOUTBDOUT[1])
                                                      1.057     1.057 r  dpram2/mem_reg_bram_0/DOUTBDOUT[1]
                         net (fo=2, unplaced)         0.270     1.327    ars3/fifo_1/ram1/I9[1]
                         RAMB36E2                                     r  ars3/fifo_1/ram1/mem_reg_0/DINADIN[1]
  -------------------------------------------------------------------    -------------------

                         (clock wciS0_Clk rise edge)
                                                      2.000     2.000 r  
                                                      0.000     2.000 r  wciS0_Clk
                         net (fo=802, unset)          0.000     2.000    ars3/fifo_1/ram1/wciS0_Clk
                                                                      r  ars3/fifo_1/ram1/mem_reg_0/CLKBWRCLK
                         clock pessimism              0.000     2.000    
                         clock uncertainty           -0.035     1.965    
                         RAMB36E2 (Setup_RAMB36E2_CLKBWRCLK_DINADIN[1])
                                                     -0.211     1.754    ars3/fifo_1/ram1/mem_reg_0
  -------------------------------------------------------------------
                         required time                          1.754    
                         arrival time                          -1.327    
  -------------------------------------------------------------------
                         slack                                  0.427    

Slack (MET) :             0.427ns  (required time - arrival time)
  Source:                 fifo_2/fifo_1/ram1/mem_reg_bram_0/CLKBWRCLK
                            (rising edge-triggered cell RAMB36E2 clocked by wciS0_Clk  {rise@0.000ns fall@1.000ns period=2.000ns})
  Destination:            ars4/fifo_1/ram1/mem_reg_0/DINADIN[1]
                            (rising edge-triggered cell RAMB36E2 clocked by wciS0_Clk  {rise@0.000ns fall@1.000ns period=2.000ns})
  Path Group:             wciS0_Clk
  Path Type:              Setup (Max at Slow Process Corner)
  Requirement:            2.000ns  (wciS0_Clk rise@2.000ns - wciS0_Clk rise@0.000ns)
  Data Path Delay:        1.327ns  (logic 1.057ns (79.662%)  route 0.270ns (20.338%))
  Logic Levels:           0  
  Clock Uncertainty:      0.035ns  ((TSJ^2 + TIJ^2)^1/2 + DJ) / 2 + PE
    Total System Jitter     (TSJ):    0.071ns
    Total Input Jitter      (TIJ):    0.000ns
    Discrete Jitter          (DJ):    0.000ns
    Phase Error              (PE):    0.000ns

    Location             Delay type                Incr(ns)  Path(ns)    Netlist Resource(s)
  -------------------------------------------------------------------    -------------------
                         (clock wciS0_Clk rise edge)
                                                      0.000     0.000 r  
                                                      0.000     0.000 r  wciS0_Clk
                         net (fo=802, unset)          0.000     0.000    fifo_2/fifo_1/ram1/wciS0_Clk
                                                                      r  fifo_2/fifo_1/ram1/mem_reg_bram_0/CLKBWRCLK
  -------------------------------------------------------------------    -------------------
                         RAMB36E2 (Prop_RAMB36E2_CLKBWRCLK_DOUTBDOUT[1])
                                                      1.057     1.057 r  fifo_2/fifo_1/ram1/mem_reg_bram_0/DOUTBDOUT[1]
                         net (fo=2, unplaced)         0.270     1.327    ars4/fifo_1/ram1/temp_a[1]
                         RAMB36E2                                     r  ars4/fifo_1/ram1/mem_reg_0/DINADIN[1]
  -------------------------------------------------------------------    -------------------

                         (clock wciS0_Clk rise edge)
                                                      2.000     2.000 r  
                                                      0.000     2.000 r  wciS0_Clk
                         net (fo=802, unset)          0.000     2.000    ars4/fifo_1/ram1/wciS0_Clk
                                                                      r  ars4/fifo_1/ram1/mem_reg_0/CLKBWRCLK
                         clock pessimism              0.000     2.000    
                         clock uncertainty           -0.035     1.965    
                         RAMB36E2 (Setup_RAMB36E2_CLKBWRCLK_DINADIN[1])
                                                     -0.211     1.754    ars4/fifo_1/ram1/mem_reg_0
  -------------------------------------------------------------------
                         required time                          1.754    
                         arrival time                          -1.327    
  -------------------------------------------------------------------
                         slack                                  0.427    

Slack (MET) :             0.427ns  (required time - arrival time)
  Source:                 fifo_2/fifo_1/ram1/mem_reg_bram_0__1/CLKBWRCLK
                            (rising edge-triggered cell RAMB36E2 clocked by wciS0_Clk  {rise@0.000ns fall@1.000ns period=2.000ns})
  Destination:            ars4/fifo_1/ram1/mem_reg_1/DINADIN[1]
                            (rising edge-triggered cell RAMB36E2 clocked by wciS0_Clk  {rise@0.000ns fall@1.000ns period=2.000ns})
  Path Group:             wciS0_Clk
  Path Type:              Setup (Max at Slow Process Corner)
  Requirement:            2.000ns  (wciS0_Clk rise@2.000ns - wciS0_Clk rise@0.000ns)
  Data Path Delay:        1.327ns  (logic 1.057ns (79.662%)  route 0.270ns (20.338%))
  Logic Levels:           0  
  Clock Uncertainty:      0.035ns  ((TSJ^2 + TIJ^2)^1/2 + DJ) / 2 + PE
    Total System Jitter     (TSJ):    0.071ns
    Total Input Jitter      (TIJ):    0.000ns
    Discrete Jitter          (DJ):    0.000ns
    Phase Error              (PE):    0.000ns

    Location             Delay type                Incr(ns)  Path(ns)    Netlist Resource(s)
  -------------------------------------------------------------------    -------------------
                         (clock wciS0_Clk rise edge)
                                                      0.000     0.000 r  
                                                      0.000     0.000 r  wciS0_Clk
                         net (fo=802, unset)          0.000     0.000    fifo_2/fifo_1/ram1/wciS0_Clk
                                                                      r  fifo_2/fifo_1/ram1/mem_reg_bram_0__1/CLKBWRCLK
  -------------------------------------------------------------------    -------------------
                         RAMB36E2 (Prop_RAMB36E2_CLKBWRCLK_DOUTBDOUT[1])
                                                      1.057     1.057 r  fifo_2/fifo_1/ram1/mem_reg_bram_0__1/DOUTBDOUT[1]
                         net (fo=2, unplaced)         0.270     1.327    ars4/fifo_1/ram1/temp_a[73]
                         RAMB36E2                                     r  ars4/fifo_1/ram1/mem_reg_1/DINADIN[1]
  -------------------------------------------------------------------    -------------------

                         (clock wciS0_Clk rise edge)
                                                      2.000     2.000 r  
                                                      0.000     2.000 r  wciS0_Clk
                         net (fo=802, unset)          0.000     2.000    ars4/fifo_1/ram1/wciS0_Clk
                                                                      r  ars4/fifo_1/ram1/mem_reg_1/CLKBWRCLK
                         clock pessimism              0.000     2.000    
                         clock uncertainty           -0.035     1.965    
                         RAMB36E2 (Setup_RAMB36E2_CLKBWRCLK_DINADIN[1])
                                                     -0.211     1.754    ars4/fifo_1/ram1/mem_reg_1
  -------------------------------------------------------------------
                         required time                          1.754    
                         arrival time                          -1.327    
  -------------------------------------------------------------------
                         slack                                  0.427    

Slack (MET) :             0.434ns  (required time - arrival time)
  Source:                 fifo_2/fifo_1/ram1/mem_reg_bram_0__0/CLKBWRCLK
                            (rising edge-triggered cell RAMB36E2 clocked by wciS0_Clk  {rise@0.000ns fall@1.000ns period=2.000ns})
  Destination:            ars4/fifo_1/ram1/mem_reg_0/DINBDIN[5]
                            (rising edge-triggered cell RAMB36E2 clocked by wciS0_Clk  {rise@0.000ns fall@1.000ns period=2.000ns})
  Path Group:             wciS0_Clk
  Path Type:              Setup (Max at Slow Process Corner)
  Requirement:            2.000ns  (wciS0_Clk rise@2.000ns - wciS0_Clk rise@0.000ns)
  Data Path Delay:        1.327ns  (logic 1.057ns (79.662%)  route 0.270ns (20.338%))
  Logic Levels:           0  
  Clock Uncertainty:      0.035ns  ((TSJ^2 + TIJ^2)^1/2 + DJ) / 2 + PE
    Total System Jitter     (TSJ):    0.071ns
    Total Input Jitter      (TIJ):    0.000ns
    Discrete Jitter          (DJ):    0.000ns
    Phase Error              (PE):    0.000ns

    Location             Delay type                Incr(ns)  Path(ns)    Netlist Resource(s)
  -------------------------------------------------------------------    -------------------
                         (clock wciS0_Clk rise edge)
                                                      0.000     0.000 r  
                                                      0.000     0.000 r  wciS0_Clk
                         net (fo=802, unset)          0.000     0.000    fifo_2/fifo_1/ram1/wciS0_Clk
                                                                      r  fifo_2/fifo_1/ram1/mem_reg_bram_0__0/CLKBWRCLK
  -------------------------------------------------------------------    -------------------
                         RAMB36E2 (Prop_RAMB36E2_CLKBWRCLK_DOUTBDOUT[1])
                                                      1.057     1.057 r  fifo_2/fifo_1/ram1/mem_reg_bram_0__0/DOUTBDOUT[1]
                         net (fo=2, unplaced)         0.270     1.327    ars4/fifo_1/ram1/temp_a[37]
                         RAMB36E2                                     r  ars4/fifo_1/ram1/mem_reg_0/DINBDIN[5]
  -------------------------------------------------------------------    -------------------

                         (clock wciS0_Clk rise edge)
                                                      2.000     2.000 r  
                                                      0.000     2.000 r  wciS0_Clk
                         net (fo=802, unset)          0.000     2.000    ars4/fifo_1/ram1/wciS0_Clk
                                                                      r  ars4/fifo_1/ram1/mem_reg_0/CLKBWRCLK
                         clock pessimism              0.000     2.000    
                         clock uncertainty           -0.035     1.965    
                         RAMB36E2 (Setup_RAMB36E2_CLKBWRCLK_DINBDIN[5])
                                                     -0.204     1.761    ars4/fifo_1/ram1/mem_reg_0
  -------------------------------------------------------------------
                         required time                          1.761    
                         arrival time                          -1.327    
  -------------------------------------------------------------------
                         slack                                  0.434    

Slack (MET) :             0.434ns  (required time - arrival time)
  Source:                 fifo_2/fifo_1/ram1/mem_reg_bram_0__2/CLKBWRCLK
                            (rising edge-triggered cell RAMB36E2 clocked by wciS0_Clk  {rise@0.000ns fall@1.000ns period=2.000ns})
  Destination:            ars4/fifo_1/ram1/mem_reg_1/DINBDIN[5]
                            (rising edge-triggered cell RAMB36E2 clocked by wciS0_Clk  {rise@0.000ns fall@1.000ns period=2.000ns})
  Path Group:             wciS0_Clk
  Path Type:              Setup (Max at Slow Process Corner)
  Requirement:            2.000ns  (wciS0_Clk rise@2.000ns - wciS0_Clk rise@0.000ns)
  Data Path Delay:        1.327ns  (logic 1.057ns (79.662%)  route 0.270ns (20.338%))
  Logic Levels:           0  
  Clock Uncertainty:      0.035ns  ((TSJ^2 + TIJ^2)^1/2 + DJ) / 2 + PE
    Total System Jitter     (TSJ):    0.071ns
    Total Input Jitter      (TIJ):    0.000ns
    Discrete Jitter          (DJ):    0.000ns
    Phase Error              (PE):    0.000ns

    Location             Delay type                Incr(ns)  Path(ns)    Netlist Resource(s)
  -------------------------------------------------------------------    -------------------
                         (clock wciS0_Clk rise edge)
                                                      0.000     0.000 r  
                                                      0.000     0.000 r  wciS0_Clk
                         net (fo=802, unset)          0.000     0.000    fifo_2/fifo_1/ram1/wciS0_Clk
                                                                      r  fifo_2/fifo_1/ram1/mem_reg_bram_0__2/CLKBWRCLK
  -------------------------------------------------------------------    -------------------
                         RAMB36E2 (Prop_RAMB36E2_CLKBWRCLK_DOUTBDOUT[1])
                                                      1.057     1.057 r  fifo_2/fifo_1/ram1/mem_reg_bram_0__2/DOUTBDOUT[1]
                         net (fo=2, unplaced)         0.270     1.327    ars4/fifo_1/ram1/temp_a[109]
                         RAMB36E2                                     r  ars4/fifo_1/ram1/mem_reg_1/DINBDIN[5]
  -------------------------------------------------------------------    -------------------

                         (clock wciS0_Clk rise edge)
                                                      2.000     2.000 r  
                                                      0.000     2.000 r  wciS0_Clk
                         net (fo=802, unset)          0.000     2.000    ars4/fifo_1/ram1/wciS0_Clk
                                                                      r  ars4/fifo_1/ram1/mem_reg_1/CLKBWRCLK
                         clock pessimism              0.000     2.000    
                         clock uncertainty           -0.035     1.965    
                         RAMB36E2 (Setup_RAMB36E2_CLKBWRCLK_DINBDIN[5])
                                                     -0.204     1.761    ars4/fifo_1/ram1/mem_reg_1
  -------------------------------------------------------------------
                         required time                          1.761    
                         arrival time                          -1.327    
  -------------------------------------------------------------------
                         slack                                  0.434    




