Copyright 1986-2014 Xilinx, Inc. All Rights Reserved.
------------------------------------------------------------------------------------
| Tool Version : Vivado v.2014.3 (lin64) Build 1034051 Fri Oct  3 16:32:59 MDT 2014
| Date         : Wed Mar 18 16:40:52 2015
| Host         : lazarus running 64-bit Ubuntu 12.04.4 LTS
| Command      : report_timing_summary -file postroute.timing_summary.rpt
| Design       : RLE_BlobMerging
| Device       : 7vx330t-ffg1157
| Speed File   : -3  PRODUCTION 1.11 2014-03-13
------------------------------------------------------------------------------------

Timing Summary Report

------------------------------------------------------------------------------------------------
| Timer Settings
| --------------
------------------------------------------------------------------------------------------------

  Enable Multi Corner Analysis               :  Yes
  Enable Pessimism Removal                   :  Yes
  Pessimism Removal Resolution               :  Nearest Common Node
  Enable Input Delay Default Clock           :  No
  Enable Preset / Clear Arcs                 :  No
  Disable Flight Delays                      :  No

  Corner  Analyze    Analyze    
  Name    Max Paths  Min Paths  
  ------  ---------  ---------  
  Slow    Yes        Yes        
  Fast    Yes        Yes        



check_timing report

Table of Contents
-----------------
1. checking no_clock
2. checking constant_clock
3. checking pulse_width_clock
4. checking unconstrained_internal_endpoints
5. checking no_input_delay
6. checking no_output_delay
7. checking multiple_clock
8. checking generated_clocks
9. checking loops
10. checking partial_input_delay
11. checking partial_output_delay
12. checking unexpandable_clocks
13. checking latch_loops

1. checking no_clock
--------------------
 There are 0 register/latch pins with no clock.


2. checking constant_clock
--------------------------
 There are 0 register/latch pins with constant_clock.


3. checking pulse_width_clock
-----------------------------
 There are 0 register/latch pins which need pulse_width check


4. checking unconstrained_internal_endpoints
--------------------------------------------
 There are 0 pins that are not constrained for maximum delay.

 There are 0 pins that are not constrained for maximum delay due to constant clock.


5. checking no_input_delay
--------------------------
 There are 35 input ports with no input delay specified. (HIGH)

 There are 0 input ports with no input delay but user has a false path constraint.


6. checking no_output_delay
---------------------------
 There are 67 ports with no output delay specified. (HIGH)

 There are 0 ports with no output delay but user has a false path constraint

 There are 0 ports with no output delay but has a clock definition.


7. checking multiple_clock
--------------------------
 There are 0 register/latch pins with multiple clocks.


8. checking generated_clocks
----------------------------
 There are 0 generated clocks that are not connected to a clock source.


9. checking loops
-----------------
 There are 0 combinational loops in the design.


10. checking partial_input_delay
--------------------------------
 There are 0 input ports with partial input delay specified.


11. checking partial_output_delay
---------------------------------
 There are 0 ports with partial output delay specified.


12. checking unexpandable_clocks
--------------------------------
 There are 0 unexpandable clock pairs.


13. checking latch_loops
------------------------
 There are 0 combinational latch loops in the design through latch input



------------------------------------------------------------------------------------------------
| Design Timing Summary
| ---------------------
------------------------------------------------------------------------------------------------

    WNS(ns)      TNS(ns)  TNS Failing Endpoints  TNS Total Endpoints      WHS(ns)      THS(ns)  THS Failing Endpoints  THS Total Endpoints     WPWS(ns)     TPWS(ns)  TPWS Failing Endpoints  TPWS Total Endpoints  
    -------      -------  ---------------------  -------------------      -------      -------  ---------------------  -------------------     --------     --------  ----------------------  --------------------  
      0.843        0.000                      0                 1202        0.084        0.000                      0                 1202       23.600        0.000                       0                   583  


All user specified timing constraints are met.


------------------------------------------------------------------------------------------------
| Clock Summary
| -------------
------------------------------------------------------------------------------------------------

Clock  Waveform(ns)       Period(ns)      Frequency(MHz)
-----  ------------       ----------      --------------
clk    {0.000 24.000}     48.000          20.833          


------------------------------------------------------------------------------------------------
| Intra Clock Table
| -----------------
------------------------------------------------------------------------------------------------

Clock             WNS(ns)      TNS(ns)  TNS Failing Endpoints  TNS Total Endpoints      WHS(ns)      THS(ns)  THS Failing Endpoints  THS Total Endpoints     WPWS(ns)     TPWS(ns)  TPWS Failing Endpoints  TPWS Total Endpoints  
-----             -------      -------  ---------------------  -------------------      -------      -------  ---------------------  -------------------     --------     --------  ----------------------  --------------------  
clk                 0.843        0.000                      0                 1202        0.084        0.000                      0                 1202       23.600        0.000                       0                   583  


------------------------------------------------------------------------------------------------
| Inter Clock Table
| -----------------
------------------------------------------------------------------------------------------------

From Clock    To Clock          WNS(ns)      TNS(ns)  TNS Failing Endpoints  TNS Total Endpoints      WHS(ns)      THS(ns)  THS Failing Endpoints  THS Total Endpoints  
----------    --------          -------      -------  ---------------------  -------------------      -------      -------  ---------------------  -------------------  


------------------------------------------------------------------------------------------------
| Other Path Groups Table
| -----------------------
------------------------------------------------------------------------------------------------

Path Group    From Clock    To Clock          WNS(ns)      TNS(ns)  TNS Failing Endpoints  TNS Total Endpoints      WHS(ns)      THS(ns)  THS Failing Endpoints  THS Total Endpoints  
----------    ----------    --------          -------      -------  ---------------------  -------------------      -------      -------  ---------------------  -------------------  


------------------------------------------------------------------------------------------------
| Timing Details
| --------------
------------------------------------------------------------------------------------------------


---------------------------------------------------------------------------------------------------
From Clock:  clk
  To Clock:  clk

Setup :            0  Failing Endpoints,  Worst Slack        0.843ns,  Total Violation        0.000ns
Hold  :            0  Failing Endpoints,  Worst Slack        0.084ns,  Total Violation        0.000ns
PW    :            0  Failing Endpoints,  Worst Slack       23.600ns,  Total Violation        0.000ns
---------------------------------------------------------------------------------------------------


Max Delay Paths
--------------------------------------------------------------------------------------
Slack (MET) :             0.843ns  (required time - arrival time)
  Source:                 countDetectedBlobs_reg[0]/C
                            (rising edge-triggered cell FDRE clocked by clk  {rise@0.000ns fall@24.000ns period=48.000ns})
  Destination:            oAvgSizeXaxis_reg[0]/D
                            (rising edge-triggered cell FDRE clocked by clk  {rise@0.000ns fall@24.000ns period=48.000ns})
  Path Group:             clk
  Path Type:              Setup (Max at Slow Process Corner)
  Requirement:            48.000ns  (clk rise@48.000ns - clk rise@0.000ns)
  Data Path Delay:        47.179ns  (logic 22.673ns (48.057%)  route 24.506ns (51.943%))
  Logic Levels:           275  (CARRY4=227 LUT1=1 LUT2=2 LUT4=14 LUT5=24 LUT6=7)
  Clock Path Skew:        0.006ns (DCD - SCD + CPR)
    Destination Clock Delay (DCD):    3.674ns = ( 51.674 - 48.000 ) 
    Source Clock Delay      (SCD):    3.950ns
    Clock Pessimism Removal (CPR):    0.281ns
  Clock Uncertainty:      0.035ns  ((TSJ^2 + TIJ^2)^1/2 + DJ) / 2 + PE
    Total System Jitter     (TSJ):    0.071ns
    Total Input Jitter      (TIJ):    0.000ns
    Discrete Jitter          (DJ):    0.000ns
    Phase Error              (PE):    0.000ns

    Location             Delay type                Incr(ns)  Path(ns)    Netlist Resource(s)
  -------------------------------------------------------------------    -------------------
                         (clock clk rise edge)        0.000     0.000 r  
    AL31                                              0.000     0.000 r  clk
                         net (fo=0)                   0.000     0.000    clk
    AL31                 IBUF (Prop_ibuf_I_O)         0.605     0.605 r  clk_IBUF_inst/O
                         net (fo=1, routed)           2.097     2.702    clk_IBUF
    BUFGCTRL_X0Y0        BUFG (Prop_bufg_I_O)         0.080     2.782 r  clk_IBUF_BUFG_inst/O
                         net (fo=582, routed)         1.168     3.950    clk_IBUF_BUFG
    SLICE_X28Y158                                                     r  countDetectedBlobs_reg[0]/C
  -------------------------------------------------------------------    -------------------
    SLICE_X28Y158        FDRE (Prop_fdre_C_Q)         0.216     4.166 r  countDetectedBlobs_reg[0]/Q
                         net (fo=162, routed)         0.324     4.490    n_0_countDetectedBlobs_reg[0]
    SLICE_X28Y159        LUT2 (Prop_lut2_I0_O)        0.043     4.533 r  oAvgSizeXaxis[10]_i_1190/O
                         net (fo=1, routed)           0.000     4.533    n_0_oAvgSizeXaxis[10]_i_1190
    SLICE_X28Y159        CARRY4 (Prop_carry4_S[1]_CO[3])
                                                      0.257     4.790 r  oAvgSizeXaxis_reg[10]_i_1121/CO[3]
                         net (fo=1, routed)           0.000     4.790    n_0_oAvgSizeXaxis_reg[10]_i_1121
    SLICE_X28Y160        CARRY4 (Prop_carry4_CI_CO[3])
                                                      0.049     4.839 r  oAvgSizeXaxis_reg[10]_i_1043/CO[3]
                         net (fo=1, routed)           0.000     4.839    n_0_oAvgSizeXaxis_reg[10]_i_1043
    SLICE_X28Y161        CARRY4 (Prop_carry4_CI_CO[3])
                                                      0.049     4.888 r  oAvgSizeXaxis_reg[10]_i_922/CO[3]
                         net (fo=1, routed)           0.000     4.888    n_0_oAvgSizeXaxis_reg[10]_i_922
    SLICE_X28Y162        CARRY4 (Prop_carry4_CI_CO[3])
                                                      0.049     4.937 r  oAvgSizeXaxis_reg[10]_i_777/CO[3]
                         net (fo=1, routed)           0.000     4.937    n_0_oAvgSizeXaxis_reg[10]_i_777
    SLICE_X28Y163        CARRY4 (Prop_carry4_CI_CO[3])
                                                      0.049     4.986 r  oAvgSizeXaxis_reg[10]_i_638/CO[3]
                         net (fo=1, routed)           0.000     4.986    n_0_oAvgSizeXaxis_reg[10]_i_638
    SLICE_X28Y164        CARRY4 (Prop_carry4_CI_O[3])
                                                      0.145     5.131 r  oAvgSizeXaxis_reg[10]_i_619/O[3]
                         net (fo=116, routed)         0.531     5.661    n_4_oAvgSizeXaxis_reg[10]_i_619
    SLICE_X27Y158        LUT5 (Prop_lut5_I4_O)        0.120     5.781 r  oAvgSizeXaxis[10]_i_1160/O
                         net (fo=1, routed)           0.000     5.781    n_0_oAvgSizeXaxis[10]_i_1160
    SLICE_X27Y158        CARRY4 (Prop_carry4_S[2]_CO[3])
                                                      0.188     5.969 r  oAvgSizeXaxis_reg[10]_i_1105/CO[3]
                         net (fo=1, routed)           0.000     5.969    n_0_oAvgSizeXaxis_reg[10]_i_1105
    SLICE_X27Y159        CARRY4 (Prop_carry4_CI_CO[3])
                                                      0.049     6.018 r  oAvgSizeXaxis_reg[10]_i_1114/CO[3]
                         net (fo=1, routed)           0.000     6.018    n_0_oAvgSizeXaxis_reg[10]_i_1114
    SLICE_X27Y160        CARRY4 (Prop_carry4_CI_CO[3])
                                                      0.049     6.067 r  oAvgSizeXaxis_reg[10]_i_1037/CO[3]
                         net (fo=1, routed)           0.000     6.067    n_0_oAvgSizeXaxis_reg[10]_i_1037
    SLICE_X27Y161        CARRY4 (Prop_carry4_CI_CO[3])
                                                      0.049     6.116 r  oAvgSizeXaxis_reg[10]_i_916/CO[3]
                         net (fo=1, routed)           0.000     6.116    n_0_oAvgSizeXaxis_reg[10]_i_916
    SLICE_X27Y162        CARRY4 (Prop_carry4_CI_CO[3])
                                                      0.049     6.165 r  oAvgSizeXaxis_reg[10]_i_771/CO[3]
                         net (fo=1, routed)           0.000     6.165    n_0_oAvgSizeXaxis_reg[10]_i_771
    SLICE_X27Y163        CARRY4 (Prop_carry4_CI_CO[3])
                                                      0.049     6.214 r  oAvgSizeXaxis_reg[10]_i_621/CO[3]
                         net (fo=1, routed)           0.000     6.214    n_0_oAvgSizeXaxis_reg[10]_i_621
    SLICE_X27Y164        CARRY4 (Prop_carry4_CI_O[0])
                                                      0.104     6.318 r  oAvgSizeXaxis_reg[10]_i_620/O[0]
                         net (fo=76, routed)          0.423     6.741    inst_x/p_1_in
    SLICE_X32Y162        LUT4 (Prop_lut4_I2_O)        0.120     6.861 r  oAvgSizeXaxis[10]_i_1062/O
                         net (fo=1, routed)           0.426     7.287    n_0_oAvgSizeXaxis[10]_i_1062
    SLICE_X26Y161        CARRY4 (Prop_carry4_DI[1]_CO[3])
                                                      0.242     7.529 r  oAvgSizeXaxis_reg[10]_i_917/CO[3]
                         net (fo=1, routed)           0.000     7.529    n_0_oAvgSizeXaxis_reg[10]_i_917
    SLICE_X26Y162        CARRY4 (Prop_carry4_CI_CO[3])
                                                      0.049     7.578 r  oAvgSizeXaxis_reg[10]_i_772/CO[3]
                         net (fo=1, routed)           0.000     7.578    n_0_oAvgSizeXaxis_reg[10]_i_772
    SLICE_X26Y163        CARRY4 (Prop_carry4_CI_CO[3])
                                                      0.049     7.627 r  oAvgSizeXaxis_reg[10]_i_623/CO[3]
                         net (fo=1, routed)           0.000     7.627    n_0_oAvgSizeXaxis_reg[10]_i_623
    SLICE_X26Y164        CARRY4 (Prop_carry4_CI_O[1])
                                                      0.153     7.780 r  oAvgSizeXaxis_reg[10]_i_622/O[1]
                         net (fo=33, routed)          0.456     8.236    inst_x/p_2_in
    SLICE_X28Y158        LUT6 (Prop_lut6_I4_O)        0.119     8.355 r  oAvgSizeXaxis[10]_i_1024/O
                         net (fo=8, routed)           0.398     8.752    n_0_oAvgSizeXaxis[10]_i_1024
    SLICE_X25Y159        LUT2 (Prop_lut2_I0_O)        0.043     8.795 r  oAvgSizeXaxis[10]_i_1041/O
                         net (fo=1, routed)           0.000     8.795    n_0_oAvgSizeXaxis[10]_i_1041
    SLICE_X25Y159        CARRY4 (Prop_carry4_S[1]_CO[3])
                                                      0.257     9.052 r  oAvgSizeXaxis_reg[10]_i_913/CO[3]
                         net (fo=1, routed)           0.000     9.052    n_0_oAvgSizeXaxis_reg[10]_i_913
    SLICE_X25Y160        CARRY4 (Prop_carry4_CI_CO[3])
                                                      0.049     9.101 r  oAvgSizeXaxis_reg[10]_i_768/CO[3]
                         net (fo=1, routed)           0.000     9.101    n_0_oAvgSizeXaxis_reg[10]_i_768
    SLICE_X25Y161        CARRY4 (Prop_carry4_CI_CO[3])
                                                      0.049     9.150 r  oAvgSizeXaxis_reg[10]_i_616/CO[3]
                         net (fo=1, routed)           0.000     9.150    n_0_oAvgSizeXaxis_reg[10]_i_616
    SLICE_X25Y162        CARRY4 (Prop_carry4_CI_CO[3])
                                                      0.049     9.199 r  oAvgSizeXaxis_reg[10]_i_494/CO[3]
                         net (fo=1, routed)           0.000     9.199    n_0_oAvgSizeXaxis_reg[10]_i_494
    SLICE_X25Y163        CARRY4 (Prop_carry4_CI_O[2])
                                                      0.107     9.306 r  oAvgSizeXaxis_reg[10]_i_475/O[2]
                         net (fo=102, routed)         0.491     9.797    inst_x/p_3_in
    SLICE_X25Y155        LUT6 (Prop_lut6_I4_O)        0.118     9.915 r  oAvgSizeXaxis[10]_i_1010/O
                         net (fo=7, routed)           0.271    10.186    n_0_oAvgSizeXaxis[10]_i_1010
    SLICE_X24Y155        LUT4 (Prop_lut4_I2_O)        0.043    10.229 r  oAvgSizeXaxis[10]_i_1110/O
                         net (fo=1, routed)           0.000    10.229    n_0_oAvgSizeXaxis[10]_i_1110
    SLICE_X24Y155        CARRY4 (Prop_carry4_S[3]_CO[3])
                                                      0.187    10.416 r  oAvgSizeXaxis_reg[10]_i_1011/CO[3]
                         net (fo=1, routed)           0.000    10.416    n_0_oAvgSizeXaxis_reg[10]_i_1011
    SLICE_X24Y156        CARRY4 (Prop_carry4_CI_CO[3])
                                                      0.049    10.465 r  oAvgSizeXaxis_reg[10]_i_1036/CO[3]
                         net (fo=1, routed)           0.000    10.465    n_0_oAvgSizeXaxis_reg[10]_i_1036
    SLICE_X24Y157        CARRY4 (Prop_carry4_CI_CO[3])
                                                      0.049    10.514 r  oAvgSizeXaxis_reg[10]_i_915/CO[3]
                         net (fo=1, routed)           0.000    10.514    n_0_oAvgSizeXaxis_reg[10]_i_915
    SLICE_X24Y158        CARRY4 (Prop_carry4_CI_CO[3])
                                                      0.049    10.563 r  oAvgSizeXaxis_reg[10]_i_770/CO[3]
                         net (fo=1, routed)           0.000    10.563    n_0_oAvgSizeXaxis_reg[10]_i_770
    SLICE_X24Y159        CARRY4 (Prop_carry4_CI_CO[3])
                                                      0.049    10.612 r  oAvgSizeXaxis_reg[10]_i_618/CO[3]
                         net (fo=1, routed)           0.000    10.612    n_0_oAvgSizeXaxis_reg[10]_i_618
    SLICE_X24Y160        CARRY4 (Prop_carry4_CI_CO[3])
                                                      0.049    10.661 r  oAvgSizeXaxis_reg[10]_i_496/CO[3]
                         net (fo=1, routed)           0.000    10.661    n_0_oAvgSizeXaxis_reg[10]_i_496
    SLICE_X24Y161        CARRY4 (Prop_carry4_CI_O[3])
                                                      0.145    10.806 r  oAvgSizeXaxis_reg[10]_i_476/O[3]
                         net (fo=60, routed)          0.332    11.138    inst_x/p_4_in
    SLICE_X25Y154        LUT5 (Prop_lut5_I3_O)        0.120    11.258 r  oAvgSizeXaxis[10]_i_1002/O
                         net (fo=7, routed)           0.383    11.642    n_0_oAvgSizeXaxis[10]_i_1002
    SLICE_X23Y155        LUT4 (Prop_lut4_I3_O)        0.043    11.685 r  oAvgSizeXaxis[10]_i_1101/O
                         net (fo=1, routed)           0.000    11.685    n_0_oAvgSizeXaxis[10]_i_1101
    SLICE_X23Y155        CARRY4 (Prop_carry4_S[1]_CO[3])
                                                      0.257    11.942 r  oAvgSizeXaxis_reg[10]_i_1000/CO[3]
                         net (fo=1, routed)           0.000    11.942    n_0_oAvgSizeXaxis_reg[10]_i_1000
    SLICE_X23Y156        CARRY4 (Prop_carry4_CI_CO[3])
                                                      0.049    11.991 r  oAvgSizeXaxis_reg[10]_i_882/CO[3]
                         net (fo=1, routed)           0.000    11.991    n_0_oAvgSizeXaxis_reg[10]_i_882
    SLICE_X23Y157        CARRY4 (Prop_carry4_CI_CO[3])
                                                      0.049    12.040 r  oAvgSizeXaxis_reg[10]_i_736/CO[3]
                         net (fo=1, routed)           0.000    12.040    n_0_oAvgSizeXaxis_reg[10]_i_736
    SLICE_X23Y158        CARRY4 (Prop_carry4_CI_CO[3])
                                                      0.049    12.089 r  oAvgSizeXaxis_reg[10]_i_584/CO[3]
                         net (fo=1, routed)           0.000    12.089    n_0_oAvgSizeXaxis_reg[10]_i_584
    SLICE_X23Y159        CARRY4 (Prop_carry4_CI_CO[3])
                                                      0.049    12.138 r  oAvgSizeXaxis_reg[10]_i_457/CO[3]
                         net (fo=1, routed)           0.000    12.138    n_0_oAvgSizeXaxis_reg[10]_i_457
    SLICE_X23Y160        CARRY4 (Prop_carry4_CI_CO[3])
                                                      0.049    12.187 r  oAvgSizeXaxis_reg[10]_i_341/CO[3]
                         net (fo=1, routed)           0.000    12.187    n_0_oAvgSizeXaxis_reg[10]_i_341
    SLICE_X23Y161        CARRY4 (Prop_carry4_CI_O[0])
                                                      0.104    12.291 r  oAvgSizeXaxis_reg[10]_i_340/O[0]
                         net (fo=107, routed)         0.534    12.824    inst_x/p_5_in
    SLICE_X24Y154        LUT6 (Prop_lut6_I4_O)        0.120    12.944 r  oAvgSizeXaxis[10]_i_988/O
                         net (fo=7, routed)           0.429    13.373    n_0_oAvgSizeXaxis[10]_i_988
    SLICE_X22Y156        LUT5 (Prop_lut5_I3_O)        0.043    13.416 r  oAvgSizeXaxis[10]_i_1018/O
                         net (fo=1, routed)           0.000    13.416    n_0_oAvgSizeXaxis[10]_i_1018
    SLICE_X22Y156        CARRY4 (Prop_carry4_S[0]_CO[3])
                                                      0.238    13.654 r  oAvgSizeXaxis_reg[10]_i_873/CO[3]
                         net (fo=1, routed)           0.000    13.654    n_0_oAvgSizeXaxis_reg[10]_i_873
    SLICE_X22Y157        CARRY4 (Prop_carry4_CI_CO[3])
                                                      0.050    13.704 r  oAvgSizeXaxis_reg[10]_i_884/CO[3]
                         net (fo=1, routed)           0.000    13.704    n_0_oAvgSizeXaxis_reg[10]_i_884
    SLICE_X22Y158        CARRY4 (Prop_carry4_CI_CO[3])
                                                      0.050    13.754 r  oAvgSizeXaxis_reg[10]_i_738/CO[3]
                         net (fo=1, routed)           0.000    13.754    n_0_oAvgSizeXaxis_reg[10]_i_738
    SLICE_X22Y159        CARRY4 (Prop_carry4_CI_CO[3])
                                                      0.050    13.804 r  oAvgSizeXaxis_reg[10]_i_586/CO[3]
                         net (fo=1, routed)           0.000    13.804    n_0_oAvgSizeXaxis_reg[10]_i_586
    SLICE_X22Y160        CARRY4 (Prop_carry4_CI_CO[3])
                                                      0.050    13.854 r  oAvgSizeXaxis_reg[10]_i_459/CO[3]
                         net (fo=1, routed)           0.000    13.854    n_0_oAvgSizeXaxis_reg[10]_i_459
    SLICE_X22Y161        CARRY4 (Prop_carry4_CI_CO[3])
                                                      0.050    13.904 r  oAvgSizeXaxis_reg[10]_i_343/CO[3]
                         net (fo=1, routed)           0.000    13.904    n_0_oAvgSizeXaxis_reg[10]_i_343
    SLICE_X22Y162        CARRY4 (Prop_carry4_CI_O[1])
                                                      0.152    14.056 r  oAvgSizeXaxis_reg[10]_i_342/O[1]
                         net (fo=65, routed)          0.529    14.585    inst_x/p_6_in
    SLICE_X23Y153        LUT5 (Prop_lut5_I3_O)        0.121    14.706 r  oAvgSizeXaxis[10]_i_870/O
                         net (fo=7, routed)           0.451    15.157    n_0_oAvgSizeXaxis[10]_i_870
    SLICE_X21Y157        LUT6 (Prop_lut6_I0_O)        0.043    15.200 r  oAvgSizeXaxis[10]_i_889/O
                         net (fo=1, routed)           0.000    15.200    n_0_oAvgSizeXaxis[10]_i_889
    SLICE_X21Y157        CARRY4 (Prop_carry4_S[0]_CO[3])
                                                      0.251    15.451 r  oAvgSizeXaxis_reg[10]_i_732/CO[3]
                         net (fo=1, routed)           0.000    15.451    n_0_oAvgSizeXaxis_reg[10]_i_732
    SLICE_X21Y158        CARRY4 (Prop_carry4_CI_CO[3])
                                                      0.049    15.500 r  oAvgSizeXaxis_reg[10]_i_580/CO[3]
                         net (fo=1, routed)           0.000    15.500    n_0_oAvgSizeXaxis_reg[10]_i_580
    SLICE_X21Y159        CARRY4 (Prop_carry4_CI_CO[3])
                                                      0.049    15.549 r  oAvgSizeXaxis_reg[10]_i_453/CO[3]
                         net (fo=1, routed)           0.000    15.549    n_0_oAvgSizeXaxis_reg[10]_i_453
    SLICE_X21Y160        CARRY4 (Prop_carry4_CI_CO[3])
                                                      0.049    15.598 r  oAvgSizeXaxis_reg[10]_i_336/CO[3]
                         net (fo=1, routed)           0.000    15.598    n_0_oAvgSizeXaxis_reg[10]_i_336
    SLICE_X21Y161        CARRY4 (Prop_carry4_CI_CO[3])
                                                      0.049    15.647 r  oAvgSizeXaxis_reg[10]_i_256/CO[3]
                         net (fo=1, routed)           0.000    15.647    n_0_oAvgSizeXaxis_reg[10]_i_256
    SLICE_X21Y162        CARRY4 (Prop_carry4_CI_O[2])
                                                      0.107    15.754 r  oAvgSizeXaxis_reg[10]_i_237/O[2]
                         net (fo=112, routed)         0.562    16.316    inst_x/p_7_in
    SLICE_X20Y153        LUT5 (Prop_lut5_I3_O)        0.118    16.434 r  oAvgSizeXaxis[10]_i_709/O
                         net (fo=7, routed)           0.438    16.872    n_0_oAvgSizeXaxis[10]_i_709
    SLICE_X21Y148        LUT4 (Prop_lut4_I3_O)        0.043    16.915 r  oAvgSizeXaxis[10]_i_877/O
                         net (fo=1, routed)           0.000    16.915    n_0_oAvgSizeXaxis[10]_i_877
    SLICE_X21Y148        CARRY4 (Prop_carry4_S[3]_CO[3])
                                                      0.187    17.102 r  oAvgSizeXaxis_reg[10]_i_710/CO[3]
                         net (fo=1, routed)           0.000    17.102    n_0_oAvgSizeXaxis_reg[10]_i_710
    SLICE_X21Y149        CARRY4 (Prop_carry4_CI_CO[3])
                                                      0.049    17.151 r  oAvgSizeXaxis_reg[10]_i_734/CO[3]
                         net (fo=1, routed)           0.001    17.152    n_0_oAvgSizeXaxis_reg[10]_i_734
    SLICE_X21Y150        CARRY4 (Prop_carry4_CI_CO[3])
                                                      0.049    17.201 r  oAvgSizeXaxis_reg[10]_i_582/CO[3]
                         net (fo=1, routed)           0.000    17.201    n_0_oAvgSizeXaxis_reg[10]_i_582
    SLICE_X21Y151        CARRY4 (Prop_carry4_CI_CO[3])
                                                      0.049    17.250 r  oAvgSizeXaxis_reg[10]_i_455/CO[3]
                         net (fo=1, routed)           0.000    17.250    n_0_oAvgSizeXaxis_reg[10]_i_455
    SLICE_X21Y152        CARRY4 (Prop_carry4_CI_CO[3])
                                                      0.049    17.299 r  oAvgSizeXaxis_reg[10]_i_338/CO[3]
                         net (fo=1, routed)           0.000    17.299    n_0_oAvgSizeXaxis_reg[10]_i_338
    SLICE_X21Y153        CARRY4 (Prop_carry4_CI_CO[3])
                                                      0.049    17.348 r  oAvgSizeXaxis_reg[10]_i_258/CO[3]
                         net (fo=1, routed)           0.000    17.348    n_0_oAvgSizeXaxis_reg[10]_i_258
    SLICE_X21Y154        CARRY4 (Prop_carry4_CI_O[3])
                                                      0.145    17.493 r  oAvgSizeXaxis_reg[10]_i_238/O[3]
                         net (fo=70, routed)          0.558    18.051    inst_x/p_8_in
    SLICE_X21Y163        LUT5 (Prop_lut5_I3_O)        0.120    18.171 r  oAvgSizeXaxis[10]_i_699/O
                         net (fo=7, routed)           0.435    18.606    n_0_oAvgSizeXaxis[10]_i_699
    SLICE_X19Y156        LUT6 (Prop_lut6_I5_O)        0.043    18.649 r  oAvgSizeXaxis[10]_i_865/O
                         net (fo=1, routed)           0.000    18.649    n_0_oAvgSizeXaxis[10]_i_865
    SLICE_X19Y156        CARRY4 (Prop_carry4_S[3]_CO[3])
                                                      0.187    18.836 r  oAvgSizeXaxis_reg[10]_i_700/CO[3]
                         net (fo=1, routed)           0.000    18.836    n_0_oAvgSizeXaxis_reg[10]_i_700
    SLICE_X19Y157        CARRY4 (Prop_carry4_CI_CO[3])
                                                      0.049    18.885 r  oAvgSizeXaxis_reg[10]_i_549/CO[3]
                         net (fo=1, routed)           0.000    18.885    n_0_oAvgSizeXaxis_reg[10]_i_549
    SLICE_X19Y158        CARRY4 (Prop_carry4_CI_CO[3])
                                                      0.049    18.934 r  oAvgSizeXaxis_reg[10]_i_421/CO[3]
                         net (fo=1, routed)           0.000    18.934    n_0_oAvgSizeXaxis_reg[10]_i_421
    SLICE_X19Y159        CARRY4 (Prop_carry4_CI_CO[3])
                                                      0.049    18.983 r  oAvgSizeXaxis_reg[10]_i_304/CO[3]
                         net (fo=1, routed)           0.000    18.983    n_0_oAvgSizeXaxis_reg[10]_i_304
    SLICE_X19Y160        CARRY4 (Prop_carry4_CI_CO[3])
                                                      0.049    19.032 r  oAvgSizeXaxis_reg[10]_i_219/CO[3]
                         net (fo=1, routed)           0.000    19.032    n_0_oAvgSizeXaxis_reg[10]_i_219
    SLICE_X19Y161        CARRY4 (Prop_carry4_CI_CO[3])
                                                      0.049    19.081 r  oAvgSizeXaxis_reg[10]_i_148/CO[3]
                         net (fo=1, routed)           0.000    19.081    n_0_oAvgSizeXaxis_reg[10]_i_148
    SLICE_X19Y162        CARRY4 (Prop_carry4_CI_O[0])
                                                      0.104    19.185 r  oAvgSizeXaxis_reg[10]_i_147/O[0]
                         net (fo=117, routed)         0.572    19.756    inst_x/p_9_in
    SLICE_X20Y154        LUT5 (Prop_lut5_I3_O)        0.120    19.876 r  oAvgSizeXaxis[10]_i_691/O
                         net (fo=7, routed)           0.407    20.284    n_0_oAvgSizeXaxis[10]_i_691
    SLICE_X20Y158        LUT4 (Prop_lut4_I3_O)        0.043    20.327 r  oAvgSizeXaxis[10]_i_851/O
                         net (fo=1, routed)           0.000    20.327    n_0_oAvgSizeXaxis[10]_i_851
    SLICE_X20Y158        CARRY4 (Prop_carry4_S[1]_CO[3])
                                                      0.246    20.573 r  oAvgSizeXaxis_reg[10]_i_688/CO[3]
                         net (fo=1, routed)           0.000    20.573    n_0_oAvgSizeXaxis_reg[10]_i_688
    SLICE_X20Y159        CARRY4 (Prop_carry4_CI_CO[3])
                                                      0.050    20.623 r  oAvgSizeXaxis_reg[10]_i_541/CO[3]
                         net (fo=1, routed)           0.000    20.623    n_0_oAvgSizeXaxis_reg[10]_i_541
    SLICE_X20Y160        CARRY4 (Prop_carry4_CI_CO[3])
                                                      0.050    20.673 r  oAvgSizeXaxis_reg[10]_i_551/CO[3]
                         net (fo=1, routed)           0.000    20.673    n_0_oAvgSizeXaxis_reg[10]_i_551
    SLICE_X20Y161        CARRY4 (Prop_carry4_CI_CO[3])
                                                      0.050    20.723 r  oAvgSizeXaxis_reg[10]_i_423/CO[3]
                         net (fo=1, routed)           0.000    20.723    n_0_oAvgSizeXaxis_reg[10]_i_423
    SLICE_X20Y162        CARRY4 (Prop_carry4_CI_CO[3])
                                                      0.050    20.773 r  oAvgSizeXaxis_reg[10]_i_306/CO[3]
                         net (fo=1, routed)           0.000    20.773    n_0_oAvgSizeXaxis_reg[10]_i_306
    SLICE_X20Y163        CARRY4 (Prop_carry4_CI_CO[3])
                                                      0.050    20.823 r  oAvgSizeXaxis_reg[10]_i_221/CO[3]
                         net (fo=1, routed)           0.000    20.823    n_0_oAvgSizeXaxis_reg[10]_i_221
    SLICE_X20Y164        CARRY4 (Prop_carry4_CI_CO[3])
                                                      0.050    20.873 r  oAvgSizeXaxis_reg[10]_i_150/CO[3]
                         net (fo=1, routed)           0.000    20.873    n_0_oAvgSizeXaxis_reg[10]_i_150
    SLICE_X20Y165        CARRY4 (Prop_carry4_CI_O[1])
                                                      0.152    21.025 r  oAvgSizeXaxis_reg[10]_i_149/O[1]
                         net (fo=75, routed)          0.588    21.613    inst_x/p_10_in
    SLICE_X20Y154        LUT5 (Prop_lut5_I3_O)        0.121    21.734 r  oAvgSizeXaxis[10]_i_680/O
                         net (fo=7, routed)           0.671    22.404    n_0_oAvgSizeXaxis[10]_i_680
    SLICE_X19Y165        LUT4 (Prop_lut4_I3_O)        0.043    22.447 r  oAvgSizeXaxis[10]_i_707/O
                         net (fo=1, routed)           0.000    22.447    n_0_oAvgSizeXaxis[10]_i_707
    SLICE_X19Y165        CARRY4 (Prop_carry4_S[1]_CO[3])
                                                      0.257    22.704 r  oAvgSizeXaxis_reg[10]_i_539/CO[3]
                         net (fo=1, routed)           0.000    22.704    n_0_oAvgSizeXaxis_reg[10]_i_539
    SLICE_X19Y166        CARRY4 (Prop_carry4_CI_CO[3])
                                                      0.049    22.753 r  oAvgSizeXaxis_reg[10]_i_417/CO[3]
                         net (fo=1, routed)           0.000    22.753    n_0_oAvgSizeXaxis_reg[10]_i_417
    SLICE_X19Y167        CARRY4 (Prop_carry4_CI_CO[3])
                                                      0.049    22.802 r  oAvgSizeXaxis_reg[10]_i_300/CO[3]
                         net (fo=1, routed)           0.000    22.802    n_0_oAvgSizeXaxis_reg[10]_i_300
    SLICE_X19Y168        CARRY4 (Prop_carry4_CI_CO[3])
                                                      0.049    22.851 r  oAvgSizeXaxis_reg[10]_i_215/CO[3]
                         net (fo=1, routed)           0.000    22.851    n_0_oAvgSizeXaxis_reg[10]_i_215
    SLICE_X19Y169        CARRY4 (Prop_carry4_CI_CO[3])
                                                      0.049    22.900 r  oAvgSizeXaxis_reg[10]_i_143/CO[3]
                         net (fo=1, routed)           0.000    22.900    n_0_oAvgSizeXaxis_reg[10]_i_143
    SLICE_X19Y170        CARRY4 (Prop_carry4_CI_CO[3])
                                                      0.049    22.949 r  oAvgSizeXaxis_reg[10]_i_100/CO[3]
                         net (fo=1, routed)           0.000    22.949    n_0_oAvgSizeXaxis_reg[10]_i_100
    SLICE_X19Y171        CARRY4 (Prop_carry4_CI_O[2])
                                                      0.107    23.056 r  oAvgSizeXaxis_reg[10]_i_81/O[2]
                         net (fo=101, routed)         0.540    23.597    inst_x/p_11_in
    SLICE_X21Y163        LUT5 (Prop_lut5_I3_O)        0.118    23.715 r  oAvgSizeXaxis[10]_i_662/O
                         net (fo=7, routed)           0.382    24.096    n_0_oAvgSizeXaxis[10]_i_662
    SLICE_X18Y158        LUT4 (Prop_lut4_I3_O)        0.043    24.139 r  oAvgSizeXaxis[10]_i_697/O
                         net (fo=1, routed)           0.000    24.139    n_0_oAvgSizeXaxis[10]_i_697
    SLICE_X18Y158        CARRY4 (Prop_carry4_S[1]_CO[3])
                                                      0.246    24.385 r  oAvgSizeXaxis_reg[10]_i_530/CO[3]
                         net (fo=1, routed)           0.000    24.385    n_0_oAvgSizeXaxis_reg[10]_i_530
    SLICE_X18Y159        CARRY4 (Prop_carry4_CI_CO[3])
                                                      0.050    24.435 r  oAvgSizeXaxis_reg[10]_i_395/CO[3]
                         net (fo=1, routed)           0.000    24.435    n_0_oAvgSizeXaxis_reg[10]_i_395
    SLICE_X18Y160        CARRY4 (Prop_carry4_CI_CO[3])
                                                      0.050    24.485 r  oAvgSizeXaxis_reg[10]_i_419/CO[3]
                         net (fo=1, routed)           0.000    24.485    n_0_oAvgSizeXaxis_reg[10]_i_419
    SLICE_X18Y161        CARRY4 (Prop_carry4_CI_CO[3])
                                                      0.050    24.535 r  oAvgSizeXaxis_reg[10]_i_302/CO[3]
                         net (fo=1, routed)           0.000    24.535    n_0_oAvgSizeXaxis_reg[10]_i_302
    SLICE_X18Y162        CARRY4 (Prop_carry4_CI_CO[3])
                                                      0.050    24.585 r  oAvgSizeXaxis_reg[10]_i_217/CO[3]
                         net (fo=1, routed)           0.000    24.585    n_0_oAvgSizeXaxis_reg[10]_i_217
    SLICE_X18Y163        CARRY4 (Prop_carry4_CI_CO[3])
                                                      0.050    24.635 r  oAvgSizeXaxis_reg[10]_i_145/CO[3]
                         net (fo=1, routed)           0.000    24.635    n_0_oAvgSizeXaxis_reg[10]_i_145
    SLICE_X18Y164        CARRY4 (Prop_carry4_CI_CO[3])
                                                      0.050    24.685 r  oAvgSizeXaxis_reg[10]_i_102/CO[3]
                         net (fo=1, routed)           0.000    24.685    n_0_oAvgSizeXaxis_reg[10]_i_102
    SLICE_X18Y165        CARRY4 (Prop_carry4_CI_O[3])
                                                      0.147    24.832 r  oAvgSizeXaxis_reg[10]_i_82/O[3]
                         net (fo=59, routed)          0.563    25.395    inst_x/p_12_in
    SLICE_X14Y156        LUT5 (Prop_lut5_I3_O)        0.120    25.515 r  oAvgSizeXaxis[10]_i_660/O
                         net (fo=7, routed)           0.381    25.896    n_0_oAvgSizeXaxis[10]_i_660
    SLICE_X17Y158        CARRY4 (Prop_carry4_DI[0]_CO[3])
                                                      0.262    26.158 r  oAvgSizeXaxis_reg[10]_i_514/CO[3]
                         net (fo=1, routed)           0.000    26.158    n_0_oAvgSizeXaxis_reg[10]_i_514
    SLICE_X17Y159        CARRY4 (Prop_carry4_CI_CO[3])
                                                      0.049    26.207 r  oAvgSizeXaxis_reg[10]_i_385/CO[3]
                         net (fo=1, routed)           0.000    26.207    n_0_oAvgSizeXaxis_reg[10]_i_385
    SLICE_X17Y160        CARRY4 (Prop_carry4_CI_CO[3])
                                                      0.049    26.256 r  oAvgSizeXaxis_reg[10]_i_276/CO[3]
                         net (fo=1, routed)           0.000    26.256    n_0_oAvgSizeXaxis_reg[10]_i_276
    SLICE_X17Y161        CARRY4 (Prop_carry4_CI_CO[3])
                                                      0.049    26.305 r  oAvgSizeXaxis_reg[10]_i_191/CO[3]
                         net (fo=1, routed)           0.000    26.305    n_0_oAvgSizeXaxis_reg[10]_i_191
    SLICE_X17Y162        CARRY4 (Prop_carry4_CI_CO[3])
                                                      0.049    26.354 r  oAvgSizeXaxis_reg[10]_i_119/CO[3]
                         net (fo=1, routed)           0.000    26.354    n_0_oAvgSizeXaxis_reg[10]_i_119
    SLICE_X17Y163        CARRY4 (Prop_carry4_CI_CO[3])
                                                      0.049    26.403 r  oAvgSizeXaxis_reg[10]_i_71/CO[3]
                         net (fo=1, routed)           0.000    26.403    n_0_oAvgSizeXaxis_reg[10]_i_71
    SLICE_X17Y164        CARRY4 (Prop_carry4_CI_CO[3])
                                                      0.049    26.452 r  oAvgSizeXaxis_reg[10]_i_43/CO[3]
                         net (fo=1, routed)           0.000    26.452    n_0_oAvgSizeXaxis_reg[10]_i_43
    SLICE_X17Y165        CARRY4 (Prop_carry4_CI_O[0])
                                                      0.104    26.556 r  oAvgSizeXaxis_reg[10]_i_42/O[0]
                         net (fo=105, routed)         0.592    27.148    inst_x/p_13_in
    SLICE_X15Y154        LUT5 (Prop_lut5_I3_O)        0.120    27.268 r  oAvgSizeXaxis[10]_i_512/O
                         net (fo=7, routed)           0.244    27.512    n_0_oAvgSizeXaxis[10]_i_512
    SLICE_X16Y155        LUT4 (Prop_lut4_I3_O)        0.043    27.555 r  oAvgSizeXaxis[10]_i_668/O
                         net (fo=1, routed)           0.000    27.555    n_0_oAvgSizeXaxis[10]_i_668
    SLICE_X16Y155        CARRY4 (Prop_carry4_S[1]_CO[3])
                                                      0.246    27.801 r  oAvgSizeXaxis_reg[10]_i_509/CO[3]
                         net (fo=1, routed)           0.000    27.801    n_0_oAvgSizeXaxis_reg[10]_i_509
    SLICE_X16Y156        CARRY4 (Prop_carry4_CI_CO[3])
                                                      0.050    27.851 r  oAvgSizeXaxis_reg[10]_i_380/CO[3]
                         net (fo=1, routed)           0.000    27.851    n_0_oAvgSizeXaxis_reg[10]_i_380
    SLICE_X16Y157        CARRY4 (Prop_carry4_CI_CO[3])
                                                      0.050    27.901 r  oAvgSizeXaxis_reg[10]_i_274/CO[3]
                         net (fo=1, routed)           0.000    27.901    n_0_oAvgSizeXaxis_reg[10]_i_274
    SLICE_X16Y158        CARRY4 (Prop_carry4_CI_CO[3])
                                                      0.050    27.951 r  oAvgSizeXaxis_reg[10]_i_278/CO[3]
                         net (fo=1, routed)           0.000    27.951    n_0_oAvgSizeXaxis_reg[10]_i_278
    SLICE_X16Y159        CARRY4 (Prop_carry4_CI_CO[3])
                                                      0.050    28.001 r  oAvgSizeXaxis_reg[10]_i_193/CO[3]
                         net (fo=1, routed)           0.000    28.001    n_0_oAvgSizeXaxis_reg[10]_i_193
    SLICE_X16Y160        CARRY4 (Prop_carry4_CI_CO[3])
                                                      0.050    28.051 r  oAvgSizeXaxis_reg[10]_i_121/CO[3]
                         net (fo=1, routed)           0.000    28.051    n_0_oAvgSizeXaxis_reg[10]_i_121
    SLICE_X16Y161        CARRY4 (Prop_carry4_CI_CO[3])
                                                      0.050    28.101 r  oAvgSizeXaxis_reg[10]_i_73/CO[3]
                         net (fo=1, routed)           0.000    28.101    n_0_oAvgSizeXaxis_reg[10]_i_73
    SLICE_X16Y162        CARRY4 (Prop_carry4_CI_CO[3])
                                                      0.050    28.151 r  oAvgSizeXaxis_reg[10]_i_45/CO[3]
                         net (fo=1, routed)           0.000    28.151    n_0_oAvgSizeXaxis_reg[10]_i_45
    SLICE_X16Y163        CARRY4 (Prop_carry4_CI_O[1])
                                                      0.152    28.303 r  oAvgSizeXaxis_reg[10]_i_44/O[1]
                         net (fo=63, routed)          0.548    28.852    inst_x/p_14_in
    SLICE_X15Y155        LUT5 (Prop_lut5_I3_O)        0.121    28.973 r  oAvgSizeXaxis[10]_i_654/O
                         net (fo=7, routed)           0.401    29.373    n_0_oAvgSizeXaxis[10]_i_654
    SLICE_X14Y158        LUT4 (Prop_lut4_I3_O)        0.043    29.416 r  oAvgSizeXaxis[10]_i_676/O
                         net (fo=1, routed)           0.000    29.416    n_0_oAvgSizeXaxis[10]_i_676
    SLICE_X14Y158        CARRY4 (Prop_carry4_S[1]_CO[3])
                                                      0.246    29.662 r  oAvgSizeXaxis_reg[10]_i_511/CO[3]
                         net (fo=1, routed)           0.000    29.662    n_0_oAvgSizeXaxis_reg[10]_i_511
    SLICE_X14Y159        CARRY4 (Prop_carry4_CI_CO[3])
                                                      0.050    29.712 r  oAvgSizeXaxis_reg[10]_i_382/CO[3]
                         net (fo=1, routed)           0.000    29.712    n_0_oAvgSizeXaxis_reg[10]_i_382
    SLICE_X14Y160        CARRY4 (Prop_carry4_CI_CO[3])
                                                      0.050    29.762 r  oAvgSizeXaxis_reg[10]_i_272/CO[3]
                         net (fo=1, routed)           0.000    29.762    n_0_oAvgSizeXaxis_reg[10]_i_272
    SLICE_X14Y161        CARRY4 (Prop_carry4_CI_CO[3])
                                                      0.050    29.812 r  oAvgSizeXaxis_reg[10]_i_188/CO[3]
                         net (fo=1, routed)           0.000    29.812    n_0_oAvgSizeXaxis_reg[10]_i_188
    SLICE_X14Y162        CARRY4 (Prop_carry4_CI_CO[3])
                                                      0.050    29.862 r  oAvgSizeXaxis_reg[10]_i_116/CO[3]
                         net (fo=1, routed)           0.000    29.862    n_0_oAvgSizeXaxis_reg[10]_i_116
    SLICE_X14Y163        CARRY4 (Prop_carry4_CI_CO[3])
                                                      0.050    29.912 r  oAvgSizeXaxis_reg[10]_i_68/CO[3]
                         net (fo=1, routed)           0.000    29.912    n_0_oAvgSizeXaxis_reg[10]_i_68
    SLICE_X14Y164        CARRY4 (Prop_carry4_CI_CO[3])
                                                      0.050    29.962 r  oAvgSizeXaxis_reg[10]_i_39/CO[3]
                         net (fo=1, routed)           0.000    29.962    n_0_oAvgSizeXaxis_reg[10]_i_39
    SLICE_X14Y165        CARRY4 (Prop_carry4_CI_CO[3])
                                                      0.050    30.012 r  oAvgSizeXaxis_reg[10]_i_24/CO[3]
                         net (fo=1, routed)           0.000    30.012    n_0_oAvgSizeXaxis_reg[10]_i_24
    SLICE_X14Y166        CARRY4 (Prop_carry4_CI_O[2])
                                                      0.108    30.120 r  oAvgSizeXaxis_reg[10]_i_22/O[2]
                         net (fo=110, routed)         0.540    30.660    inst_x/p_15_in
    SLICE_X13Y155        LUT5 (Prop_lut5_I3_O)        0.126    30.786 r  oAvgSizeXaxis[10]_i_264/O
                         net (fo=7, routed)           0.436    31.222    n_0_oAvgSizeXaxis[10]_i_264
    SLICE_X13Y159        LUT4 (Prop_lut4_I3_O)        0.043    31.265 r  oAvgSizeXaxis[10]_i_374/O
                         net (fo=1, routed)           0.000    31.265    n_0_oAvgSizeXaxis[10]_i_374
    SLICE_X13Y159        CARRY4 (Prop_carry4_S[3]_CO[3])
                                                      0.187    31.452 r  oAvgSizeXaxis_reg[10]_i_260/CO[3]
                         net (fo=1, routed)           0.000    31.452    n_0_oAvgSizeXaxis_reg[10]_i_260
    SLICE_X13Y160        CARRY4 (Prop_carry4_CI_CO[3])
                                                      0.049    31.501 r  oAvgSizeXaxis_reg[10]_i_176/CO[3]
                         net (fo=1, routed)           0.000    31.501    n_0_oAvgSizeXaxis_reg[10]_i_176
    SLICE_X13Y161        CARRY4 (Prop_carry4_CI_CO[3])
                                                      0.049    31.550 r  oAvgSizeXaxis_reg[10]_i_104/CO[3]
                         net (fo=1, routed)           0.000    31.550    n_0_oAvgSizeXaxis_reg[10]_i_104
    SLICE_X13Y162        CARRY4 (Prop_carry4_CI_CO[3])
                                                      0.049    31.599 r  oAvgSizeXaxis_reg[10]_i_56/CO[3]
                         net (fo=1, routed)           0.000    31.599    n_0_oAvgSizeXaxis_reg[10]_i_56
    SLICE_X13Y163        CARRY4 (Prop_carry4_CI_CO[3])
                                                      0.049    31.648 r  oAvgSizeXaxis_reg[10]_i_27/CO[3]
                         net (fo=1, routed)           0.000    31.648    n_0_oAvgSizeXaxis_reg[10]_i_27
    SLICE_X13Y164        CARRY4 (Prop_carry4_CI_CO[3])
                                                      0.049    31.697 r  oAvgSizeXaxis_reg[10]_i_12/CO[3]
                         net (fo=1, routed)           0.000    31.697    n_0_oAvgSizeXaxis_reg[10]_i_12
    SLICE_X13Y165        CARRY4 (Prop_carry4_CI_CO[3])
                                                      0.049    31.746 r  oAvgSizeXaxis_reg[10]_i_4/CO[3]
                         net (fo=1, routed)           0.000    31.746    n_0_oAvgSizeXaxis_reg[10]_i_4
    SLICE_X13Y166        CARRY4 (Prop_carry4_CI_O[3])
                                                      0.145    31.891 r  oAvgSizeXaxis_reg[10]_i_3/O[3]
                         net (fo=68, routed)          0.541    32.432    inst_x/p_16_in
    SLICE_X13Y155        LUT6 (Prop_lut6_I4_O)        0.120    32.552 r  oAvgSizeXaxis[9]_i_93/O
                         net (fo=7, routed)           0.415    32.967    n_0_oAvgSizeXaxis[9]_i_93
    SLICE_X12Y158        LUT5 (Prop_lut5_I3_O)        0.043    33.010 r  oAvgSizeXaxis[9]_i_85/O
                         net (fo=1, routed)           0.000    33.010    n_0_oAvgSizeXaxis[9]_i_85
    SLICE_X12Y158        CARRY4 (Prop_carry4_S[0]_CO[3])
                                                      0.238    33.248 r  oAvgSizeXaxis_reg[9]_i_68/CO[3]
                         net (fo=1, routed)           0.000    33.248    n_0_oAvgSizeXaxis_reg[9]_i_68
    SLICE_X12Y159        CARRY4 (Prop_carry4_CI_CO[3])
                                                      0.050    33.298 r  oAvgSizeXaxis_reg[9]_i_59/CO[3]
                         net (fo=1, routed)           0.000    33.298    n_0_oAvgSizeXaxis_reg[9]_i_59
    SLICE_X12Y160        CARRY4 (Prop_carry4_CI_CO[3])
                                                      0.050    33.348 r  oAvgSizeXaxis_reg[9]_i_50/CO[3]
                         net (fo=1, routed)           0.000    33.348    n_0_oAvgSizeXaxis_reg[9]_i_50
    SLICE_X12Y161        CARRY4 (Prop_carry4_CI_CO[3])
                                                      0.050    33.398 r  oAvgSizeXaxis_reg[9]_i_41/CO[3]
                         net (fo=1, routed)           0.000    33.398    n_0_oAvgSizeXaxis_reg[9]_i_41
    SLICE_X12Y162        CARRY4 (Prop_carry4_CI_CO[3])
                                                      0.050    33.448 r  oAvgSizeXaxis_reg[9]_i_32/CO[3]
                         net (fo=1, routed)           0.000    33.448    n_0_oAvgSizeXaxis_reg[9]_i_32
    SLICE_X12Y163        CARRY4 (Prop_carry4_CI_CO[3])
                                                      0.050    33.498 r  oAvgSizeXaxis_reg[9]_i_23/CO[3]
                         net (fo=1, routed)           0.000    33.498    n_0_oAvgSizeXaxis_reg[9]_i_23
    SLICE_X12Y164        CARRY4 (Prop_carry4_CI_CO[3])
                                                      0.050    33.548 r  oAvgSizeXaxis_reg[9]_i_14/CO[3]
                         net (fo=1, routed)           0.000    33.548    n_0_oAvgSizeXaxis_reg[9]_i_14
    SLICE_X12Y165        CARRY4 (Prop_carry4_CI_CO[3])
                                                      0.050    33.598 r  oAvgSizeXaxis_reg[9]_i_5/CO[3]
                         net (fo=1, routed)           0.000    33.598    n_0_oAvgSizeXaxis_reg[9]_i_5
    SLICE_X12Y166        CARRY4 (Prop_carry4_CI_CO[3])
                                                      0.050    33.648 r  oAvgSizeXaxis_reg[9]_i_3/CO[3]
                         net (fo=1, routed)           0.000    33.648    n_0_oAvgSizeXaxis_reg[9]_i_3
    SLICE_X12Y167        CARRY4 (Prop_carry4_CI_O[0])
                                                      0.102    33.750 r  oAvgSizeXaxis_reg[9]_i_2/O[0]
                         net (fo=114, routed)         0.540    34.289    inst_x/p_17_in
    SLICE_X12Y156        LUT6 (Prop_lut6_I4_O)        0.119    34.408 r  oAvgSizeXaxis[8]_i_96/O
                         net (fo=7, routed)           0.444    34.852    n_0_oAvgSizeXaxis[8]_i_96
    SLICE_X11Y160        LUT5 (Prop_lut5_I3_O)        0.043    34.895 r  oAvgSizeXaxis[8]_i_88/O
                         net (fo=1, routed)           0.000    34.895    n_0_oAvgSizeXaxis[8]_i_88
    SLICE_X11Y160        CARRY4 (Prop_carry4_S[0]_CO[3])
                                                      0.251    35.146 r  oAvgSizeXaxis_reg[8]_i_71/CO[3]
                         net (fo=1, routed)           0.000    35.146    n_0_oAvgSizeXaxis_reg[8]_i_71
    SLICE_X11Y161        CARRY4 (Prop_carry4_CI_CO[3])
                                                      0.049    35.195 r  oAvgSizeXaxis_reg[8]_i_62/CO[3]
                         net (fo=1, routed)           0.000    35.195    n_0_oAvgSizeXaxis_reg[8]_i_62
    SLICE_X11Y162        CARRY4 (Prop_carry4_CI_CO[3])
                                                      0.049    35.244 r  oAvgSizeXaxis_reg[8]_i_53/CO[3]
                         net (fo=1, routed)           0.000    35.244    n_0_oAvgSizeXaxis_reg[8]_i_53
    SLICE_X11Y163        CARRY4 (Prop_carry4_CI_CO[3])
                                                      0.049    35.293 r  oAvgSizeXaxis_reg[8]_i_44/CO[3]
                         net (fo=1, routed)           0.000    35.293    n_0_oAvgSizeXaxis_reg[8]_i_44
    SLICE_X11Y164        CARRY4 (Prop_carry4_CI_CO[3])
                                                      0.049    35.342 r  oAvgSizeXaxis_reg[8]_i_35/CO[3]
                         net (fo=1, routed)           0.000    35.342    n_0_oAvgSizeXaxis_reg[8]_i_35
    SLICE_X11Y165        CARRY4 (Prop_carry4_CI_CO[3])
                                                      0.049    35.391 r  oAvgSizeXaxis_reg[8]_i_26/CO[3]
                         net (fo=1, routed)           0.000    35.391    n_0_oAvgSizeXaxis_reg[8]_i_26
    SLICE_X11Y166        CARRY4 (Prop_carry4_CI_CO[3])
                                                      0.049    35.440 r  oAvgSizeXaxis_reg[8]_i_17/CO[3]
                         net (fo=1, routed)           0.000    35.440    n_0_oAvgSizeXaxis_reg[8]_i_17
    SLICE_X11Y167        CARRY4 (Prop_carry4_CI_CO[3])
                                                      0.049    35.489 r  oAvgSizeXaxis_reg[8]_i_7/CO[3]
                         net (fo=1, routed)           0.000    35.489    n_0_oAvgSizeXaxis_reg[8]_i_7
    SLICE_X11Y168        CARRY4 (Prop_carry4_CI_CO[3])
                                                      0.049    35.538 r  oAvgSizeXaxis_reg[8]_i_3/CO[3]
                         net (fo=1, routed)           0.000    35.538    n_0_oAvgSizeXaxis_reg[8]_i_3
    SLICE_X11Y169        CARRY4 (Prop_carry4_CI_O[1])
                                                      0.153    35.691 r  oAvgSizeXaxis_reg[8]_i_2/O[1]
                         net (fo=74, routed)          0.661    36.352    inst_x/p_18_in
    SLICE_X10Y157        LUT5 (Prop_lut5_I3_O)        0.119    36.471 r  oAvgSizeXaxis[7]_i_77/O
                         net (fo=7, routed)           0.452    36.923    n_0_oAvgSizeXaxis[7]_i_77
    SLICE_X10Y161        LUT4 (Prop_lut4_I3_O)        0.043    36.966 r  oAvgSizeXaxis[7]_i_87/O
                         net (fo=1, routed)           0.000    36.966    n_0_oAvgSizeXaxis[7]_i_87
    SLICE_X10Y161        CARRY4 (Prop_carry4_S[3]_CO[3])
                                                      0.173    37.139 r  oAvgSizeXaxis_reg[7]_i_73/CO[3]
                         net (fo=1, routed)           0.000    37.139    n_0_oAvgSizeXaxis_reg[7]_i_73
    SLICE_X10Y162        CARRY4 (Prop_carry4_CI_CO[3])
                                                      0.050    37.189 r  oAvgSizeXaxis_reg[7]_i_64/CO[3]
                         net (fo=1, routed)           0.000    37.189    n_0_oAvgSizeXaxis_reg[7]_i_64
    SLICE_X10Y163        CARRY4 (Prop_carry4_CI_CO[3])
                                                      0.050    37.239 r  oAvgSizeXaxis_reg[7]_i_55/CO[3]
                         net (fo=1, routed)           0.000    37.239    n_0_oAvgSizeXaxis_reg[7]_i_55
    SLICE_X10Y164        CARRY4 (Prop_carry4_CI_CO[3])
                                                      0.050    37.289 r  oAvgSizeXaxis_reg[7]_i_46/CO[3]
                         net (fo=1, routed)           0.000    37.289    n_0_oAvgSizeXaxis_reg[7]_i_46
    SLICE_X10Y165        CARRY4 (Prop_carry4_CI_CO[3])
                                                      0.050    37.339 r  oAvgSizeXaxis_reg[7]_i_37/CO[3]
                         net (fo=1, routed)           0.000    37.339    n_0_oAvgSizeXaxis_reg[7]_i_37
    SLICE_X10Y166        CARRY4 (Prop_carry4_CI_CO[3])
                                                      0.050    37.389 r  oAvgSizeXaxis_reg[7]_i_28/CO[3]
                         net (fo=1, routed)           0.000    37.389    n_0_oAvgSizeXaxis_reg[7]_i_28
    SLICE_X10Y167        CARRY4 (Prop_carry4_CI_CO[3])
                                                      0.050    37.439 r  oAvgSizeXaxis_reg[7]_i_19/CO[3]
                         net (fo=1, routed)           0.000    37.439    n_0_oAvgSizeXaxis_reg[7]_i_19
    SLICE_X10Y168        CARRY4 (Prop_carry4_CI_CO[3])
                                                      0.050    37.489 r  oAvgSizeXaxis_reg[7]_i_9/CO[3]
                         net (fo=1, routed)           0.000    37.489    n_0_oAvgSizeXaxis_reg[7]_i_9
    SLICE_X10Y169        CARRY4 (Prop_carry4_CI_CO[3])
                                                      0.050    37.539 r  oAvgSizeXaxis_reg[7]_i_3/CO[3]
                         net (fo=1, routed)           0.000    37.539    n_0_oAvgSizeXaxis_reg[7]_i_3
    SLICE_X10Y170        CARRY4 (Prop_carry4_CI_O[2])
                                                      0.108    37.647 r  oAvgSizeXaxis_reg[7]_i_2/O[2]
                         net (fo=119, routed)         0.615    38.262    inst_x/p_19_in
    SLICE_X10Y158        LUT5 (Prop_lut5_I3_O)        0.126    38.388 r  oAvgSizeXaxis[6]_i_86/O
                         net (fo=7, routed)           0.380    38.768    n_0_oAvgSizeXaxis[6]_i_86
    SLICE_X9Y160         LUT5 (Prop_lut5_I0_O)        0.043    38.811 r  oAvgSizeXaxis[6]_i_91/O
                         net (fo=1, routed)           0.000    38.811    n_0_oAvgSizeXaxis[6]_i_91
    SLICE_X9Y160         CARRY4 (Prop_carry4_S[0]_CO[3])
                                                      0.251    39.062 r  oAvgSizeXaxis_reg[6]_i_74/CO[3]
                         net (fo=1, routed)           0.000    39.062    n_0_oAvgSizeXaxis_reg[6]_i_74
    SLICE_X9Y161         CARRY4 (Prop_carry4_CI_CO[3])
                                                      0.049    39.111 r  oAvgSizeXaxis_reg[6]_i_65/CO[3]
                         net (fo=1, routed)           0.000    39.111    n_0_oAvgSizeXaxis_reg[6]_i_65
    SLICE_X9Y162         CARRY4 (Prop_carry4_CI_CO[3])
                                                      0.049    39.160 r  oAvgSizeXaxis_reg[6]_i_56/CO[3]
                         net (fo=1, routed)           0.000    39.160    n_0_oAvgSizeXaxis_reg[6]_i_56
    SLICE_X9Y163         CARRY4 (Prop_carry4_CI_CO[3])
                                                      0.049    39.209 r  oAvgSizeXaxis_reg[6]_i_47/CO[3]
                         net (fo=1, routed)           0.000    39.209    n_0_oAvgSizeXaxis_reg[6]_i_47
    SLICE_X9Y164         CARRY4 (Prop_carry4_CI_CO[3])
                                                      0.049    39.258 r  oAvgSizeXaxis_reg[6]_i_38/CO[3]
                         net (fo=1, routed)           0.000    39.258    n_0_oAvgSizeXaxis_reg[6]_i_38
    SLICE_X9Y165         CARRY4 (Prop_carry4_CI_CO[3])
                                                      0.049    39.307 r  oAvgSizeXaxis_reg[6]_i_29/CO[3]
                         net (fo=1, routed)           0.000    39.307    n_0_oAvgSizeXaxis_reg[6]_i_29
    SLICE_X9Y166         CARRY4 (Prop_carry4_CI_CO[3])
                                                      0.049    39.356 r  oAvgSizeXaxis_reg[6]_i_20/CO[3]
                         net (fo=1, routed)           0.000    39.356    n_0_oAvgSizeXaxis_reg[6]_i_20
    SLICE_X9Y167         CARRY4 (Prop_carry4_CI_CO[3])
                                                      0.049    39.405 r  oAvgSizeXaxis_reg[6]_i_11/CO[3]
                         net (fo=1, routed)           0.000    39.405    n_0_oAvgSizeXaxis_reg[6]_i_11
    SLICE_X9Y168         CARRY4 (Prop_carry4_CI_CO[3])
                                                      0.049    39.454 r  oAvgSizeXaxis_reg[6]_i_3/CO[3]
                         net (fo=1, routed)           0.000    39.454    n_0_oAvgSizeXaxis_reg[6]_i_3
    SLICE_X9Y169         CARRY4 (Prop_carry4_CI_O[3])
                                                      0.145    39.599 r  oAvgSizeXaxis_reg[6]_i_2/O[3]
                         net (fo=79, routed)          0.594    40.193    inst_x/p_20_in
    SLICE_X6Y159         LUT5 (Prop_lut5_I3_O)        0.120    40.313 r  oAvgSizeXaxis[5]_i_81/O
                         net (fo=7, routed)           0.389    40.702    n_0_oAvgSizeXaxis[5]_i_81
    SLICE_X8Y160         CARRY4 (Prop_carry4_DI[0]_CO[3])
                                                      0.276    40.978 r  oAvgSizeXaxis_reg[5]_i_68/CO[3]
                         net (fo=1, routed)           0.000    40.978    n_0_oAvgSizeXaxis_reg[5]_i_68
    SLICE_X8Y161         CARRY4 (Prop_carry4_CI_CO[3])
                                                      0.050    41.028 r  oAvgSizeXaxis_reg[5]_i_59/CO[3]
                         net (fo=1, routed)           0.000    41.028    n_0_oAvgSizeXaxis_reg[5]_i_59
    SLICE_X8Y162         CARRY4 (Prop_carry4_CI_CO[3])
                                                      0.050    41.078 r  oAvgSizeXaxis_reg[5]_i_50/CO[3]
                         net (fo=1, routed)           0.000    41.078    n_0_oAvgSizeXaxis_reg[5]_i_50
    SLICE_X8Y163         CARRY4 (Prop_carry4_CI_CO[3])
                                                      0.050    41.128 r  oAvgSizeXaxis_reg[5]_i_41/CO[3]
                         net (fo=1, routed)           0.000    41.128    n_0_oAvgSizeXaxis_reg[5]_i_41
    SLICE_X8Y164         CARRY4 (Prop_carry4_CI_CO[3])
                                                      0.050    41.178 r  oAvgSizeXaxis_reg[5]_i_32/CO[3]
                         net (fo=1, routed)           0.000    41.178    n_0_oAvgSizeXaxis_reg[5]_i_32
    SLICE_X8Y165         CARRY4 (Prop_carry4_CI_CO[3])
                                                      0.050    41.228 r  oAvgSizeXaxis_reg[5]_i_23/CO[3]
                         net (fo=1, routed)           0.000    41.228    n_0_oAvgSizeXaxis_reg[5]_i_23
    SLICE_X8Y166         CARRY4 (Prop_carry4_CI_CO[3])
                                                      0.050    41.278 r  oAvgSizeXaxis_reg[5]_i_14/CO[3]
                         net (fo=1, routed)           0.000    41.278    n_0_oAvgSizeXaxis_reg[5]_i_14
    SLICE_X8Y167         CARRY4 (Prop_carry4_CI_CO[3])
                                                      0.050    41.328 r  oAvgSizeXaxis_reg[5]_i_5/CO[3]
                         net (fo=1, routed)           0.000    41.328    n_0_oAvgSizeXaxis_reg[5]_i_5
    SLICE_X8Y168         CARRY4 (Prop_carry4_CI_CO[3])
                                                      0.050    41.378 r  oAvgSizeXaxis_reg[5]_i_3/CO[3]
                         net (fo=1, routed)           0.000    41.378    n_0_oAvgSizeXaxis_reg[5]_i_3
    SLICE_X8Y169         CARRY4 (Prop_carry4_CI_O[0])
                                                      0.102    41.480 r  oAvgSizeXaxis_reg[5]_i_2/O[0]
                         net (fo=124, routed)         0.612    42.092    inst_x/p_21_in
    SLICE_X5Y158         LUT5 (Prop_lut5_I3_O)        0.119    42.211 r  oAvgSizeXaxis[4]_i_92/O
                         net (fo=7, routed)           0.345    42.556    n_0_oAvgSizeXaxis[4]_i_92
    SLICE_X7Y159         LUT4 (Prop_lut4_I0_O)        0.043    42.599 r  oAvgSizeXaxis[4]_i_96/O
                         net (fo=1, routed)           0.000    42.599    n_0_oAvgSizeXaxis[4]_i_96
    SLICE_X7Y159         CARRY4 (Prop_carry4_S[1]_CO[3])
                                                      0.257    42.856 r  oAvgSizeXaxis_reg[4]_i_80/CO[3]
                         net (fo=1, routed)           0.000    42.856    n_0_oAvgSizeXaxis_reg[4]_i_80
    SLICE_X7Y160         CARRY4 (Prop_carry4_CI_CO[3])
                                                      0.049    42.905 r  oAvgSizeXaxis_reg[4]_i_71/CO[3]
                         net (fo=1, routed)           0.000    42.905    n_0_oAvgSizeXaxis_reg[4]_i_71
    SLICE_X7Y161         CARRY4 (Prop_carry4_CI_CO[3])
                                                      0.049    42.954 r  oAvgSizeXaxis_reg[4]_i_62/CO[3]
                         net (fo=1, routed)           0.000    42.954    n_0_oAvgSizeXaxis_reg[4]_i_62
    SLICE_X7Y162         CARRY4 (Prop_carry4_CI_CO[3])
                                                      0.049    43.003 r  oAvgSizeXaxis_reg[4]_i_53/CO[3]
                         net (fo=1, routed)           0.000    43.003    n_0_oAvgSizeXaxis_reg[4]_i_53
    SLICE_X7Y163         CARRY4 (Prop_carry4_CI_CO[3])
                                                      0.049    43.052 r  oAvgSizeXaxis_reg[4]_i_44/CO[3]
                         net (fo=1, routed)           0.000    43.052    n_0_oAvgSizeXaxis_reg[4]_i_44
    SLICE_X7Y164         CARRY4 (Prop_carry4_CI_CO[3])
                                                      0.049    43.101 r  oAvgSizeXaxis_reg[4]_i_35/CO[3]
                         net (fo=1, routed)           0.000    43.101    n_0_oAvgSizeXaxis_reg[4]_i_35
    SLICE_X7Y165         CARRY4 (Prop_carry4_CI_CO[3])
                                                      0.049    43.150 r  oAvgSizeXaxis_reg[4]_i_26/CO[3]
                         net (fo=1, routed)           0.000    43.150    n_0_oAvgSizeXaxis_reg[4]_i_26
    SLICE_X7Y166         CARRY4 (Prop_carry4_CI_CO[3])
                                                      0.049    43.199 r  oAvgSizeXaxis_reg[4]_i_17/CO[3]
                         net (fo=1, routed)           0.000    43.199    n_0_oAvgSizeXaxis_reg[4]_i_17
    SLICE_X7Y167         CARRY4 (Prop_carry4_CI_CO[3])
                                                      0.049    43.248 r  oAvgSizeXaxis_reg[4]_i_7/CO[3]
                         net (fo=1, routed)           0.000    43.248    n_0_oAvgSizeXaxis_reg[4]_i_7
    SLICE_X7Y168         CARRY4 (Prop_carry4_CI_CO[3])
                                                      0.049    43.297 r  oAvgSizeXaxis_reg[4]_i_3/CO[3]
                         net (fo=1, routed)           0.000    43.297    n_0_oAvgSizeXaxis_reg[4]_i_3
    SLICE_X7Y169         CARRY4 (Prop_carry4_CI_O[1])
                                                      0.153    43.450 r  oAvgSizeXaxis_reg[4]_i_2/O[1]
                         net (fo=84, routed)          0.633    44.083    inst_x/p_22_in
    SLICE_X4Y158         LUT5 (Prop_lut5_I3_O)        0.119    44.202 r  oAvgSizeXaxis[3]_i_94/O
                         net (fo=7, routed)           0.368    44.570    n_0_oAvgSizeXaxis[3]_i_94
    SLICE_X4Y160         CARRY4 (Prop_carry4_DI[1]_CO[3])
                                                      0.242    44.812 r  oAvgSizeXaxis_reg[3]_i_82/CO[3]
                         net (fo=1, routed)           0.000    44.812    n_0_oAvgSizeXaxis_reg[3]_i_82
    SLICE_X4Y161         CARRY4 (Prop_carry4_CI_CO[3])
                                                      0.049    44.861 r  oAvgSizeXaxis_reg[3]_i_73/CO[3]
                         net (fo=1, routed)           0.000    44.861    n_0_oAvgSizeXaxis_reg[3]_i_73
    SLICE_X4Y162         CARRY4 (Prop_carry4_CI_CO[3])
                                                      0.049    44.910 r  oAvgSizeXaxis_reg[3]_i_64/CO[3]
                         net (fo=1, routed)           0.000    44.910    n_0_oAvgSizeXaxis_reg[3]_i_64
    SLICE_X4Y163         CARRY4 (Prop_carry4_CI_CO[3])
                                                      0.049    44.959 r  oAvgSizeXaxis_reg[3]_i_55/CO[3]
                         net (fo=1, routed)           0.000    44.959    n_0_oAvgSizeXaxis_reg[3]_i_55
    SLICE_X4Y164         CARRY4 (Prop_carry4_CI_CO[3])
                                                      0.049    45.008 r  oAvgSizeXaxis_reg[3]_i_46/CO[3]
                         net (fo=1, routed)           0.000    45.008    n_0_oAvgSizeXaxis_reg[3]_i_46
    SLICE_X4Y165         CARRY4 (Prop_carry4_CI_CO[3])
                                                      0.049    45.057 r  oAvgSizeXaxis_reg[3]_i_37/CO[3]
                         net (fo=1, routed)           0.000    45.057    n_0_oAvgSizeXaxis_reg[3]_i_37
    SLICE_X4Y166         CARRY4 (Prop_carry4_CI_CO[3])
                                                      0.049    45.106 r  oAvgSizeXaxis_reg[3]_i_28/CO[3]
                         net (fo=1, routed)           0.000    45.106    n_0_oAvgSizeXaxis_reg[3]_i_28
    SLICE_X4Y167         CARRY4 (Prop_carry4_CI_CO[3])
                                                      0.049    45.155 r  oAvgSizeXaxis_reg[3]_i_19/CO[3]
                         net (fo=1, routed)           0.000    45.155    n_0_oAvgSizeXaxis_reg[3]_i_19
    SLICE_X4Y168         CARRY4 (Prop_carry4_CI_CO[3])
                                                      0.049    45.204 r  oAvgSizeXaxis_reg[3]_i_9/CO[3]
                         net (fo=1, routed)           0.000    45.204    n_0_oAvgSizeXaxis_reg[3]_i_9
    SLICE_X4Y169         CARRY4 (Prop_carry4_CI_CO[3])
                                                      0.049    45.253 r  oAvgSizeXaxis_reg[3]_i_3/CO[3]
                         net (fo=1, routed)           0.000    45.253    n_0_oAvgSizeXaxis_reg[3]_i_3
    SLICE_X4Y170         CARRY4 (Prop_carry4_CI_O[2])
                                                      0.107    45.360 r  oAvgSizeXaxis_reg[3]_i_2/O[2]
                         net (fo=129, routed)         0.483    45.843    inst_x/p_23_in
    SLICE_X4Y157         LUT5 (Prop_lut5_I3_O)        0.118    45.961 r  oAvgSizeXaxis[2]_i_95/O
                         net (fo=8, routed)           0.312    46.273    n_0_oAvgSizeXaxis[2]_i_95
    SLICE_X3Y158         LUT4 (Prop_lut4_I0_O)        0.043    46.316 r  oAvgSizeXaxis[2]_i_99/O
                         net (fo=1, routed)           0.000    46.316    n_0_oAvgSizeXaxis[2]_i_99
    SLICE_X3Y158         CARRY4 (Prop_carry4_S[1]_CO[3])
                                                      0.257    46.573 r  oAvgSizeXaxis_reg[2]_i_83/CO[3]
                         net (fo=1, routed)           0.000    46.573    n_0_oAvgSizeXaxis_reg[2]_i_83
    SLICE_X3Y159         CARRY4 (Prop_carry4_CI_CO[3])
                                                      0.049    46.622 r  oAvgSizeXaxis_reg[2]_i_74/CO[3]
                         net (fo=1, routed)           0.000    46.622    n_0_oAvgSizeXaxis_reg[2]_i_74
    SLICE_X3Y160         CARRY4 (Prop_carry4_CI_CO[3])
                                                      0.049    46.671 r  oAvgSizeXaxis_reg[2]_i_65/CO[3]
                         net (fo=1, routed)           0.000    46.671    n_0_oAvgSizeXaxis_reg[2]_i_65
    SLICE_X3Y161         CARRY4 (Prop_carry4_CI_CO[3])
                                                      0.049    46.720 r  oAvgSizeXaxis_reg[2]_i_56/CO[3]
                         net (fo=1, routed)           0.000    46.720    n_0_oAvgSizeXaxis_reg[2]_i_56
    SLICE_X3Y162         CARRY4 (Prop_carry4_CI_CO[3])
                                                      0.049    46.769 r  oAvgSizeXaxis_reg[2]_i_47/CO[3]
                         net (fo=1, routed)           0.000    46.769    n_0_oAvgSizeXaxis_reg[2]_i_47
    SLICE_X3Y163         CARRY4 (Prop_carry4_CI_CO[3])
                                                      0.049    46.818 r  oAvgSizeXaxis_reg[2]_i_38/CO[3]
                         net (fo=1, routed)           0.000    46.818    n_0_oAvgSizeXaxis_reg[2]_i_38
    SLICE_X3Y164         CARRY4 (Prop_carry4_CI_CO[3])
                                                      0.049    46.867 r  oAvgSizeXaxis_reg[2]_i_29/CO[3]
                         net (fo=1, routed)           0.000    46.867    n_0_oAvgSizeXaxis_reg[2]_i_29
    SLICE_X3Y165         CARRY4 (Prop_carry4_CI_CO[3])
                                                      0.049    46.916 r  oAvgSizeXaxis_reg[2]_i_20/CO[3]
                         net (fo=1, routed)           0.000    46.916    n_0_oAvgSizeXaxis_reg[2]_i_20
    SLICE_X3Y166         CARRY4 (Prop_carry4_CI_CO[3])
                                                      0.049    46.965 r  oAvgSizeXaxis_reg[2]_i_11/CO[3]
                         net (fo=1, routed)           0.000    46.965    n_0_oAvgSizeXaxis_reg[2]_i_11
    SLICE_X3Y167         CARRY4 (Prop_carry4_CI_CO[3])
                                                      0.049    47.014 r  oAvgSizeXaxis_reg[2]_i_3/CO[3]
                         net (fo=1, routed)           0.000    47.014    n_0_oAvgSizeXaxis_reg[2]_i_3
    SLICE_X3Y168         CARRY4 (Prop_carry4_CI_O[3])
                                                      0.145    47.159 r  oAvgSizeXaxis_reg[2]_i_2/O[3]
                         net (fo=101, routed)         0.571    47.730    inst_x/p_24_in
    SLICE_X3Y156         LUT5 (Prop_lut5_I3_O)        0.120    47.850 r  oAvgSizeXaxis[1]_i_89/O
                         net (fo=5, routed)           0.308    48.159    n_0_oAvgSizeXaxis[1]_i_89
    SLICE_X2Y157         LUT4 (Prop_lut4_I3_O)        0.043    48.202 r  oAvgSizeXaxis[1]_i_94/O
                         net (fo=1, routed)           0.000    48.202    n_0_oAvgSizeXaxis[1]_i_94
    SLICE_X2Y157         CARRY4 (Prop_carry4_S[0]_CO[3])
                                                      0.238    48.440 r  oAvgSizeXaxis_reg[1]_i_77/CO[3]
                         net (fo=1, routed)           0.000    48.440    n_0_oAvgSizeXaxis_reg[1]_i_77
    SLICE_X2Y158         CARRY4 (Prop_carry4_CI_CO[3])
                                                      0.050    48.490 r  oAvgSizeXaxis_reg[1]_i_68/CO[3]
                         net (fo=1, routed)           0.000    48.490    n_0_oAvgSizeXaxis_reg[1]_i_68
    SLICE_X2Y159         CARRY4 (Prop_carry4_CI_CO[3])
                                                      0.050    48.540 r  oAvgSizeXaxis_reg[1]_i_59/CO[3]
                         net (fo=1, routed)           0.000    48.540    n_0_oAvgSizeXaxis_reg[1]_i_59
    SLICE_X2Y160         CARRY4 (Prop_carry4_CI_CO[3])
                                                      0.050    48.590 r  oAvgSizeXaxis_reg[1]_i_50/CO[3]
                         net (fo=1, routed)           0.000    48.590    n_0_oAvgSizeXaxis_reg[1]_i_50
    SLICE_X2Y161         CARRY4 (Prop_carry4_CI_CO[3])
                                                      0.050    48.640 r  oAvgSizeXaxis_reg[1]_i_41/CO[3]
                         net (fo=1, routed)           0.000    48.640    n_0_oAvgSizeXaxis_reg[1]_i_41
    SLICE_X2Y162         CARRY4 (Prop_carry4_CI_CO[3])
                                                      0.050    48.690 r  oAvgSizeXaxis_reg[1]_i_32/CO[3]
                         net (fo=1, routed)           0.000    48.690    n_0_oAvgSizeXaxis_reg[1]_i_32
    SLICE_X2Y163         CARRY4 (Prop_carry4_CI_CO[3])
                                                      0.050    48.740 r  oAvgSizeXaxis_reg[1]_i_23/CO[3]
                         net (fo=1, routed)           0.000    48.740    n_0_oAvgSizeXaxis_reg[1]_i_23
    SLICE_X2Y164         CARRY4 (Prop_carry4_CI_CO[3])
                                                      0.050    48.790 r  oAvgSizeXaxis_reg[1]_i_14/CO[3]
                         net (fo=1, routed)           0.000    48.790    n_0_oAvgSizeXaxis_reg[1]_i_14
    SLICE_X2Y165         CARRY4 (Prop_carry4_CI_CO[3])
                                                      0.050    48.840 r  oAvgSizeXaxis_reg[1]_i_5/CO[3]
                         net (fo=1, routed)           0.000    48.840    n_0_oAvgSizeXaxis_reg[1]_i_5
    SLICE_X2Y166         CARRY4 (Prop_carry4_CI_CO[3])
                                                      0.050    48.890 r  oAvgSizeXaxis_reg[1]_i_3/CO[3]
                         net (fo=1, routed)           0.000    48.890    n_0_oAvgSizeXaxis_reg[1]_i_3
    SLICE_X2Y167         CARRY4 (Prop_carry4_CI_O[0])
                                                      0.102    48.992 r  oAvgSizeXaxis_reg[1]_i_2/O[0]
                         net (fo=97, routed)          0.683    49.675    inst_x/p_25_in
    SLICE_X0Y156         LUT5 (Prop_lut5_I3_O)        0.119    49.794 r  oAvgSizeXaxis[0]_i_107/O
                         net (fo=1, routed)           0.188    49.982    n_0_oAvgSizeXaxis[0]_i_107
    SLICE_X1Y156         CARRY4 (Prop_carry4_DI[2]_CO[3])
                                                      0.191    50.173 r  oAvgSizeXaxis_reg[0]_i_97/CO[3]
                         net (fo=1, routed)           0.000    50.173    n_0_oAvgSizeXaxis_reg[0]_i_97
    SLICE_X1Y157         CARRY4 (Prop_carry4_CI_CO[3])
                                                      0.049    50.222 r  oAvgSizeXaxis_reg[0]_i_88/CO[3]
                         net (fo=1, routed)           0.000    50.222    n_0_oAvgSizeXaxis_reg[0]_i_88
    SLICE_X1Y158         CARRY4 (Prop_carry4_CI_CO[3])
                                                      0.049    50.271 r  oAvgSizeXaxis_reg[0]_i_79/CO[3]
                         net (fo=1, routed)           0.000    50.271    n_0_oAvgSizeXaxis_reg[0]_i_79
    SLICE_X1Y159         CARRY4 (Prop_carry4_CI_CO[3])
                                                      0.049    50.320 r  oAvgSizeXaxis_reg[0]_i_70/CO[3]
                         net (fo=1, routed)           0.000    50.320    n_0_oAvgSizeXaxis_reg[0]_i_70
    SLICE_X1Y160         CARRY4 (Prop_carry4_CI_CO[3])
                                                      0.049    50.369 r  oAvgSizeXaxis_reg[0]_i_61/CO[3]
                         net (fo=1, routed)           0.000    50.369    n_0_oAvgSizeXaxis_reg[0]_i_61
    SLICE_X1Y161         CARRY4 (Prop_carry4_CI_CO[3])
                                                      0.049    50.418 r  oAvgSizeXaxis_reg[0]_i_52/CO[3]
                         net (fo=1, routed)           0.000    50.418    n_0_oAvgSizeXaxis_reg[0]_i_52
    SLICE_X1Y162         CARRY4 (Prop_carry4_CI_CO[3])
                                                      0.049    50.467 r  oAvgSizeXaxis_reg[0]_i_43/CO[3]
                         net (fo=1, routed)           0.000    50.467    n_0_oAvgSizeXaxis_reg[0]_i_43
    SLICE_X1Y163         CARRY4 (Prop_carry4_CI_CO[3])
                                                      0.049    50.516 r  oAvgSizeXaxis_reg[0]_i_34/CO[3]
                         net (fo=1, routed)           0.000    50.516    n_0_oAvgSizeXaxis_reg[0]_i_34
    SLICE_X1Y164         CARRY4 (Prop_carry4_CI_CO[3])
                                                      0.049    50.565 r  oAvgSizeXaxis_reg[0]_i_25/CO[3]
                         net (fo=1, routed)           0.000    50.565    n_0_oAvgSizeXaxis_reg[0]_i_25
    SLICE_X1Y165         CARRY4 (Prop_carry4_CI_CO[3])
                                                      0.049    50.614 r  oAvgSizeXaxis_reg[0]_i_16/CO[3]
                         net (fo=1, routed)           0.000    50.614    n_0_oAvgSizeXaxis_reg[0]_i_16
    SLICE_X1Y166         CARRY4 (Prop_carry4_CI_CO[3])
                                                      0.049    50.663 r  oAvgSizeXaxis_reg[0]_i_6/CO[3]
                         net (fo=1, routed)           0.000    50.663    n_0_oAvgSizeXaxis_reg[0]_i_6
    SLICE_X1Y167         CARRY4 (Prop_carry4_CI_CO[3])
                                                      0.049    50.712 r  oAvgSizeXaxis_reg[0]_i_3/CO[3]
                         net (fo=1, routed)           0.000    50.712    n_0_oAvgSizeXaxis_reg[0]_i_3
    SLICE_X1Y168         CARRY4 (Prop_carry4_CI_O[1])
                                                      0.153    50.865 f  oAvgSizeXaxis_reg[0]_i_2/O[1]
                         net (fo=1, routed)           0.138    51.003    inst_x/p_26_in
    SLICE_X1Y168         LUT1 (Prop_lut1_I0_O)        0.126    51.129 r  oAvgSizeXaxis[0]_i_1/O
                         net (fo=1, routed)           0.000    51.129    n_0_oAvgSizeXaxis[0]_i_1
    SLICE_X1Y168         FDRE                                         r  oAvgSizeXaxis_reg[0]/D
  -------------------------------------------------------------------    -------------------

                         (clock clk rise edge)       48.000    48.000 r  
    AL31                                              0.000    48.000 r  clk
                         net (fo=0)                   0.000    48.000    clk
    AL31                 IBUF (Prop_ibuf_I_O)         0.490    48.490 r  clk_IBUF_inst/O
                         net (fo=1, routed)           2.005    50.495    clk_IBUF
    BUFGCTRL_X0Y0        BUFG (Prop_bufg_I_O)         0.072    50.567 r  clk_IBUF_BUFG_inst/O
                         net (fo=582, routed)         1.107    51.674    clk_IBUF_BUFG
    SLICE_X1Y168                                                      r  oAvgSizeXaxis_reg[0]/C
                         clock pessimism              0.281    51.956    
                         clock uncertainty           -0.035    51.920    
    SLICE_X1Y168         FDRE (Setup_fdre_C_D)        0.052    51.972    oAvgSizeXaxis_reg[0]
  -------------------------------------------------------------------
                         required time                         51.972    
                         arrival time                         -51.129    
  -------------------------------------------------------------------
                         slack                                  0.843    





Min Delay Paths
--------------------------------------------------------------------------------------
Slack (MET) :             0.084ns  (arrival time - required time)
  Source:                 blob5Y_bb_center_reg[0]/C
                            (rising edge-triggered cell FDRE clocked by clk  {rise@0.000ns fall@24.000ns period=48.000ns})
  Destination:            oWriteBlobData_reg[10]/D
                            (rising edge-triggered cell FDRE clocked by clk  {rise@0.000ns fall@24.000ns period=48.000ns})
  Path Group:             clk
  Path Type:              Hold (Min at Fast Process Corner)
  Requirement:            0.000ns  (clk rise@0.000ns - clk rise@0.000ns)
  Data Path Delay:        0.182ns  (logic 0.128ns (70.338%)  route 0.054ns (29.662%))
  Logic Levels:           1  (LUT6=1)
  Clock Path Skew:        0.011ns (DCD - SCD - CPR)
    Destination Clock Delay (DCD):    2.347ns
    Source Clock Delay      (SCD):    1.886ns
    Clock Pessimism Removal (CPR):    0.449ns

    Location             Delay type                Incr(ns)  Path(ns)    Netlist Resource(s)
  -------------------------------------------------------------------    -------------------
                         (clock clk rise edge)        0.000     0.000 r  
    AL31                                              0.000     0.000 r  clk
                         net (fo=0)                   0.000     0.000    clk
    AL31                 IBUF (Prop_ibuf_I_O)         0.143     0.143 r  clk_IBUF_inst/O
                         net (fo=1, routed)           1.086     1.229    clk_IBUF
    BUFGCTRL_X0Y0        BUFG (Prop_bufg_I_O)         0.026     1.255 r  clk_IBUF_BUFG_inst/O
                         net (fo=582, routed)         0.631     1.886    clk_IBUF_BUFG
    SLICE_X13Y118                                                     r  blob5Y_bb_center_reg[0]/C
  -------------------------------------------------------------------    -------------------
    SLICE_X13Y118        FDRE (Prop_fdre_C_Q)         0.100     1.986 r  blob5Y_bb_center_reg[0]/Q
                         net (fo=1, routed)           0.054     2.040    n_0_blob5Y_bb_center_reg[0]
    SLICE_X12Y118        LUT6 (Prop_lut6_I5_O)        0.028     2.068 r  oWriteBlobData[10]_i_1/O
                         net (fo=1, routed)           0.000     2.068    n_0_oWriteBlobData[10]_i_1
    SLICE_X12Y118        FDRE                                         r  oWriteBlobData_reg[10]/D
  -------------------------------------------------------------------    -------------------

                         (clock clk rise edge)        0.000     0.000 r  
    AL31                                              0.000     0.000 r  clk
                         net (fo=0)                   0.000     0.000    clk
    AL31                 IBUF (Prop_ibuf_I_O)         0.310     0.310 r  clk_IBUF_inst/O
                         net (fo=1, routed)           1.156     1.466    clk_IBUF
    BUFGCTRL_X0Y0        BUFG (Prop_bufg_I_O)         0.030     1.496 r  clk_IBUF_BUFG_inst/O
                         net (fo=582, routed)         0.851     2.347    clk_IBUF_BUFG
    SLICE_X12Y118                                                     r  oWriteBlobData_reg[10]/C
                         clock pessimism             -0.449     1.897    
    SLICE_X12Y118        FDRE (Hold_fdre_C_D)         0.087     1.984    oWriteBlobData_reg[10]
  -------------------------------------------------------------------
                         required time                         -1.984    
                         arrival time                           2.068    
  -------------------------------------------------------------------
                         slack                                  0.084    





Pulse Width Checks
--------------------------------------------------------------------------------------
Clock Name:         clk
Waveform:           { 0 24 }
Period:             48.000
Sources:            { clk }

Check Type        Corner  Lib Pin  Reference Pin  Required  Actual  Slack   Location       Pin
Min Period        n/a     BUFG/I   n/a            1.349     48.000  46.650  BUFGCTRL_X0Y0  clk_IBUF_BUFG_inst/I
Low Pulse Width   Fast    FDRE/C   n/a            0.400     24.000  23.600  SLICE_X28Y158  countDetectedBlobs_reg[1]/C
High Pulse Width  Fast    FDRE/C   n/a            0.350     24.000  23.650  SLICE_X10Y117  ContainerAdjacentResult_reg[12]/C



