Copyright 1986-2014 Xilinx, Inc. All Rights Reserved.
------------------------------------------------------------------------------------
| Tool Version : Vivado v.2014.3 (lin64) Build 1034051 Fri Oct  3 16:32:59 MDT 2014
| Date         : Wed Apr  8 17:57:47 2015
| Host         : paasei running 64-bit Scientific Linux release 6.5 (Carbon)
| Command      : report_utilization -file postRoute.utilization.rpt
| Design       : or1200_flat
| Device       : xcku035
| Design State : Fully Placed
------------------------------------------------------------------------------------

Utilization Design Information

Table of Contents
-----------------
1. CLB Logic
1.1 Summary of Registers by Type
2. CLB Logic Distribution
3. BLOCKRAM
4. ARITHMETIC
5. I/O
6. CLOCK
7. ADVANCED
8. CONFIGURATION
9. Primitives
10. Black Boxes
11. Instantiated Netlists

1. CLB Logic
------------

+-------------------------+------+-------+-----------+-------+
|        Site Type        | Used | Fixed | Available | Util% |
+-------------------------+------+-------+-----------+-------+
| CLB LUTs                | 2332 |     0 |    203128 |  1.14 |
|   LUT as Logic          | 2332 |     0 |    203128 |  1.14 |
|   LUT as Memory         |    0 |     0 |    112800 |  0.00 |
| CLB Registers           |  680 |     0 |    406256 |  0.16 |
|   Register as Flip Flop |  679 |     0 |    406256 |  0.16 |
|   Register as Latch     |    1 |     0 |    406256 | <0.01 |
| CARRY8                  |   59 |     0 |     30300 |  0.19 |
| F7 Muxes                |   16 |     0 |    121200 |  0.01 |
| F8 Muxes                |    0 |     0 |     60600 |  0.00 |
| F9 Muxes                |    0 |     0 |     30300 |  0.00 |
+-------------------------+------+-------+-----------+-------+


1.1 Summary of Registers by Type
--------------------------------

+-------+--------------+-------------+--------------+
| Total | Clock Enable | Synchronous | Asynchronous |
+-------+--------------+-------------+--------------+
| 0     |            _ |           - |            - |
| 0     |            _ |           - |          Set |
| 0     |            _ |           - |        Reset |
| 0     |            _ |         Set |            - |
| 0     |            _ |       Reset |            - |
| 0     |          Yes |           - |            - |
| 0     |          Yes |           - |          Set |
| 1     |          Yes |           - |        Reset |
| 14    |          Yes |         Set |            - |
| 665   |          Yes |       Reset |            - |
+-------+--------------+-------------+--------------+


2. CLB Logic Distribution
-------------------------

+-------------------------------------------------------------+----------+-------+-----------+-------+
|                          Site Type                          |   Used   | Fixed | Available | Util% |
+-------------------------------------------------------------+----------+-------+-----------+-------+
| CLB                                                         |      365 |     0 |     30300 |  1.20 |
|   CLBL                                                      |      153 |     0 |           |       |
|   CLBM                                                      |      212 |     0 |           |       |
| LUT as Logic                                                |     2332 |     0 |    203128 |  1.14 |
|   using O5 output only                                      |        9 |       |           |       |
|   using O6 output only                                      |     1958 |       |           |       |
|   using O5 and O6                                           |      365 |       |           |       |
| LUT as Memory                                               |        0 |     0 |    112800 |  0.00 |
|   LUT as Distributed RAM                                    |        0 |     0 |           |       |
|   LUT as Shift Register                                     |        0 |     0 |           |       |
| LUT Flip Flop Pairs                                         |     2350 |     0 |    203128 |  1.15 |
|   fully used LUT-FF pairs                                   |      510 |       |           |       |
|   LUT-FF pairs with unused LUT                              |       27 |       |           |       |
|   LUT-FF pairs with unused Flip Flop                        |     1813 |       |           |       |
| Unique Control Sets                                         |       27 |       |           |       |
| Minimum number of registers lost to control set restriction | 44(Lost) |       |           |       |
+-------------------------------------------------------------+----------+-------+-----------+-------+


3. BLOCKRAM
-----------

+-------------------+------+-------+-----------+-------+
|     Site Type     | Used | Fixed | Available | Util% |
+-------------------+------+-------+-----------+-------+
| Block RAM Tile    |    1 |     0 |       540 |  0.18 |
|   RAMB36/FIFO*    |    0 |     0 |       540 |  0.00 |
|   RAMB18          |    2 |     0 |      1080 |  0.18 |
|     RAMB18E2 only |    2 |       |           |       |
+-------------------+------+-------+-----------+-------+
* Note: Each Block RAM Tile only has one FIFO logic available and therefore can accommodate only one FIFO36E2 or one FIFO18E2. However, if a FIFO18E2 occupies a Block RAM Tile, that tile can still accommodate a RAMB18E2


4. ARITHMETIC
-------------

+----------------+------+-------+-----------+-------+
|    Site Type   | Used | Fixed | Available | Util% |
+----------------+------+-------+-----------+-------+
| DSPs           |    4 |     0 |      1700 |  0.23 |
|   DSP48E2 only |    4 |       |           |       |
+----------------+------+-------+-----------+-------+


5. I/O
------

+------------------+------+-------+-----------+-------+
|     Site Type    | Used | Fixed | Available | Util% |
+------------------+------+-------+-----------+-------+
| Bonded IOB       |    0 |     0 |       520 |  0.00 |
| HPIOB            |    0 |     0 |       416 |  0.00 |
| HRIO             |    0 |     0 |       104 |  0.00 |
| HPIOBDIFFINBUF   |    0 |     0 |       192 |  0.00 |
| HPIOBDIFFOUTBUF  |    0 |     0 |       192 |  0.00 |
| HRIODIFFINBUF    |    0 |     0 |        48 |  0.00 |
| HRIODIFFOUTBUF   |    0 |     0 |        48 |  0.00 |
| BITSLICE_CONTROL |    0 |     0 |        80 |  0.00 |
| BITSLICE_RX_TX   |    0 |     0 |       520 |  0.00 |
| BITSLICE_TX      |    0 |     0 |        80 |  0.00 |
| RIU_OR           |    0 |     0 |        40 |  0.00 |
+------------------+------+-------+-----------+-------+


6. CLOCK
--------

+----------------------+------+-------+-----------+-------+
|       Site Type      | Used | Fixed | Available | Util% |
+----------------------+------+-------+-----------+-------+
| GLOBAL CLOCK BUFFERs |    0 |     0 |       240 |  0.00 |
| BUFG_GT_SYNC         |    0 |     0 |        55 |  0.00 |
| BUFG_GT              |    0 |     0 |       120 |  0.00 |
| PLLE3_ADV            |    0 |     0 |        20 |  0.00 |
| MMCME3_ADV           |    0 |     0 |        10 |  0.00 |
+----------------------+------+-------+-----------+-------+
* Note: Each used BUFGCTRL counts as two global buffer resources.


7. ADVANCED
-----------

+-----------------+------+-------+-----------+-------+
|    Site Type    | Used | Fixed | Available | Util% |
+-----------------+------+-------+-----------+-------+
| GTHE3_CHANNEL   |    0 |     0 |        20 |  0.00 |
| GTHE3_COMMON    |    0 |     0 |         5 |  0.00 |
| IBUFDS_GTE3     |    0 |     0 |         5 |  0.00 |
| OBUFDS_GTE3     |    0 |     0 |         5 |  0.00 |
| OBUFDS_GTE3_ADV |    0 |     0 |         5 |  0.00 |
| PCIE_3_1        |    0 |     0 |         3 |  0.00 |
| SYSMONE1        |    0 |     0 |         1 |  0.00 |
+-----------------+------+-------+-----------+-------+


8. CONFIGURATION
----------------

+-----------+------+-------+-----------+-------+
| Site Type | Used | Fixed | Available | Util% |
+-----------+------+-------+-----------+-------+
| BSCANE2   |    0 |     0 |         4 |  0.00 |
| EFUSE_USR |    0 |     0 |         1 |  0.00 |
+-----------+------+-------+-----------+-------+


9. Primitives
-------------

+----------+------+---------------------+
| Ref Name | Used | Functional Category |
+----------+------+---------------------+
| LUT6     |  918 |                 CLB |
| FDRE     |  665 |            Register |
| LUT5     |  506 |                 CLB |
| LUT3     |  398 |                 CLB |
| LUT4     |  346 |                 CLB |
| LUT2     |  338 |                 CLB |
| LUT1     |  191 |                 CLB |
| CARRY8   |   59 |                 CLB |
| MUXF7    |   16 |                 CLB |
| FDSE     |   14 |            Register |
| DSP48E2  |    4 |          Arithmetic |
| RAMB18E2 |    2 |           Block Ram |
| LDCE     |    1 |            Register |
+----------+------+---------------------+


10. Black Boxes
---------------

+----------+------+
| Ref Name | Used |
+----------+------+


11. Instantiated Netlists
-------------------------

+----------+------+
| Ref Name | Used |
+----------+------+


