Copyright 1986-2014 Xilinx, Inc. All Rights Reserved.
------------------------------------------------------------------------------------
| Tool Version : Vivado v.2014.3 (lin64) Build 1034051 Fri Oct  3 16:32:59 MDT 2014
| Date         : Wed Apr  8 18:29:28 2015
| Host         : paasei running 64-bit Scientific Linux release 6.5 (Carbon)
| Command      : report_timing -file postPlace.timing.rpt
| Design       : LU64PEEng
| Device       : xcku035-ffva1156
| Speed File   : -3  PREVIEW 1.10 09-18-2014
------------------------------------------------------------------------------------

Timing Report

Slack (MET) :             0.289ns  (required time - arrival time)
  Source:                 compBlock/rec/d_man_reg[0]/C
                            (rising edge-triggered cell FDRE clocked by clk  {rise@0.000ns fall@21.000ns period=42.000ns})
  Destination:            compBlock/multOperand_reg[20]_rep__1/D
                            (rising edge-triggered cell FDRE clocked by clk  {rise@0.000ns fall@21.000ns period=42.000ns})
  Path Group:             clk
  Path Type:              Setup (Max at Slow Process Corner)
  Requirement:            42.000ns  (clk rise@42.000ns - clk rise@0.000ns)
  Data Path Delay:        41.485ns  (logic 11.944ns (28.791%)  route 29.541ns (71.209%))
  Logic Levels:           105  (CARRY8=49 LUT1=1 LUT2=1 LUT3=5 LUT4=2 LUT5=27 LUT6=20)
  Clock Path Skew:        -0.239ns (DCD - SCD + CPR)
    Destination Clock Delay (DCD):    2.882ns = ( 44.882 - 42.000 ) 
    Source Clock Delay      (SCD):    3.349ns
    Clock Pessimism Removal (CPR):    0.228ns
  Clock Uncertainty:      0.035ns  ((TSJ^2 + TIJ^2)^1/2 + DJ) / 2 + PE
    Total System Jitter     (TSJ):    0.071ns
    Total Input Jitter      (TIJ):    0.000ns
    Discrete Jitter          (DJ):    0.000ns
    Phase Error              (PE):    0.000ns
  Clock Net Delay (Source):      2.330ns (routing 0.764ns, distribution 1.566ns)
  Clock Net Delay (Destination): 2.025ns (routing 0.698ns, distribution 1.327ns)

    Location             Delay type                Incr(ns)  Path(ns)    Netlist Resource(s)
  -------------------------------------------------------------------    -------------------
                         (clock clk rise edge)        0.000     0.000 r  
    AG12                                              0.000     0.000 r  clk
                         net (fo=0)                   0.000     0.000    clk_IBUF_inst/I
    AG12                 INBUF (Prop_INBUF_PAD_O)     0.559     0.559 r  clk_IBUF_inst/INBUF_INST/O
                         net (fo=1, routed)           0.035     0.594    clk_IBUF_inst/OUT
    AG12                 IBUFCTRL (Prop_IBUFCTRL_I_O)
                                                      0.039     0.633 r  clk_IBUF_inst/IBUFCTRL_INST/O
                         net (fo=1, estimated)        0.319     0.952    clk_IBUF
    BUFGCE_X1Y0          BUFGCE (Prop_BUFGCE_I_O)     0.067     1.019 r  clk_IBUF_BUFG_inst/O
    X1Y1 (CLOCK_ROOT)    net (fo=30944, estimated)    2.330     3.349    compBlock/rec/clk_IBUF_BUFG
    SLICE_X87Y113                                                     r  compBlock/rec/d_man_reg[0]/C
  -------------------------------------------------------------------    -------------------
    SLICE_X87Y113        FDRE (Prop_FDRE_C_Q)         0.102     3.451 f  compBlock/rec/d_man_reg[0]/Q
                         net (fo=47, estimated)       0.561     4.012    compBlock/rec/d_man[0]
    SLICE_X90Y111        LUT1 (Prop_LUT1_I0_O)        0.035     4.047 r  compBlock/rec/multOperand[23]_i_133/O
                         net (fo=23, routed)          0.002     4.049    compBlock/rec/n_0_multOperand[23]_i_133
    SLICE_X90Y111        CARRY8 (Prop_CARRY8_S[0]_CO[7])
                                                      0.321     4.370 r  compBlock/rec/multOperand_reg[23]_i_94_CARRY8/CO[7]
                         net (fo=1, estimated)        0.000     4.370    compBlock/rec/n_0_multOperand_reg[23]_i_62
    SLICE_X90Y112        CARRY8 (Prop_CARRY8_CI_CO[7])
                                                      0.043     4.413 r  compBlock/rec/multOperand_reg[23]_i_61_CARRY8/CO[7]
                         net (fo=1, estimated)        0.000     4.413    compBlock/rec/n_0_multOperand_reg[23]_i_37
    SLICE_X90Y113        CARRY8 (Prop_CARRY8_CI_O[7])
                                                      0.182     4.595 f  compBlock/rec/multOperand_reg[23]_i_36_CARRY8/O[7]
                         net (fo=7, estimated)        0.456     5.051    compBlock/rec/divide/numer220[23]
    SLICE_X89Y114        LUT2 (Prop_LUT2_I1_O)        0.035     5.086 r  compBlock/rec/multOperand[23]_i_6/O
                         net (fo=2, estimated)        0.290     5.376    compBlock/rec/n_0_multOperand[23]_i_6
    SLICE_X90Y115        CARRY8 (Prop_CARRY8_S[4]_CO[4])
                                                      0.099     5.475 r  compBlock/rec/multOperand_reg[23]_i_4_CARRY8/CO[4]
                         net (fo=144, estimated)      0.338     5.813    compBlock/rec/O1[15]
    SLICE_X91Y114        LUT4 (Prop_LUT4_I1_O)        0.036     5.849 f  compBlock/rec/multOperand[22]_i_81/O
                         net (fo=1, estimated)        0.221     6.070    compBlock/rec/n_0_multOperand[22]_i_81
    SLICE_X91Y113        LUT6 (Prop_LUT6_I4_O)        0.035     6.105 r  compBlock/rec/multOperand[22]_i_48/O
                         net (fo=1, estimated)        0.347     6.452    compBlock/rec/n_0_multOperand[22]_i_48
    SLICE_X89Y113        CARRY8 (Prop_CARRY8_DI[3]_CO[7])
                                                      0.315     6.767 r  compBlock/rec/multOperand_reg[22]_i_20_CARRY8/CO[7]
                         net (fo=1, estimated)        0.000     6.767    compBlock/rec/n_0_multOperand_reg[22]_i_8
    SLICE_X89Y114        CARRY8 (Prop_CARRY8_CI_CO[4])
                                                      0.140     6.907 r  compBlock/rec/multOperand_reg[22]_i_4_CARRY8/CO[4]
                         net (fo=120, estimated)      0.482     7.389    compBlock/rec/O1[14]
    SLICE_X87Y112        LUT6 (Prop_LUT6_I1_O)        0.035     7.424 r  compBlock/rec/multOperand[19]_i_46/O
                         net (fo=9, estimated)        0.518     7.942    compBlock/rec/n_0_multOperand[19]_i_46
    SLICE_X88Y114        LUT5 (Prop_LUT5_I1_O)        0.062     8.004 r  compBlock/rec/multOperand[24]_i_23/O
                         net (fo=1, estimated)        0.463     8.467    compBlock/rec/n_0_multOperand[24]_i_23
    SLICE_X87Y115        CARRY8 (Prop_CARRY8_DI[7]_CO[7])
                                                      0.145     8.612 r  compBlock/rec/multOperand_reg[24]_i_22_CARRY8/CO[7]
                         net (fo=1, estimated)        0.000     8.612    compBlock/rec/n_0_multOperand_reg[24]_i_11
    SLICE_X87Y116        CARRY8 (Prop_CARRY8_CI_CO[5])
                                                      0.123     8.735 r  compBlock/rec/multOperand_reg[24]_i_5_CARRY8/CO[5]
                         net (fo=170, estimated)      0.535     9.270    compBlock/rec/O1[13]
    SLICE_X88Y119        LUT3 (Prop_LUT3_I1_O)        0.134     9.404 f  compBlock/rec/multOperand[19]_i_43/O
                         net (fo=1, estimated)        0.475     9.879    compBlock/rec/n_0_multOperand[19]_i_43
    SLICE_X86Y117        LUT5 (Prop_LUT5_I4_O)        0.102     9.981 r  compBlock/rec/multOperand[19]_i_14/O
                         net (fo=1, estimated)        0.365    10.346    compBlock/rec/n_0_multOperand[19]_i_14
    SLICE_X86Y117        CARRY8 (Prop_CARRY8_DI[0]_CO[5])
                                                      0.244    10.590 r  compBlock/rec/multOperand_reg[19]_i_4_CARRY8/CO[5]
                         net (fo=150, estimated)      0.551    11.141    compBlock/rec/O1[12]
    SLICE_X88Y120        LUT5 (Prop_LUT5_I1_O)        0.114    11.255 f  compBlock/rec/multOperand[17]_i_55/O
                         net (fo=4, estimated)        0.466    11.721    compBlock/rec/n_0_multOperand[17]_i_55
    SLICE_X86Y124        LUT5 (Prop_LUT5_I0_O)        0.062    11.783 r  compBlock/rec/multOperand[23]_i_44/O
                         net (fo=1, estimated)        0.182    11.965    compBlock/rec/n_0_multOperand[23]_i_44
    SLICE_X86Y123        CARRY8 (Prop_CARRY8_DI[0]_CO[6])
                                                      0.268    12.233 r  compBlock/rec/multOperand_reg[23]_i_19_CARRY8/CO[6]
                         net (fo=176, estimated)      0.372    12.605    compBlock/rec/O1[11]
    SLICE_X85Y117        LUT3 (Prop_LUT3_I1_O)        0.034    12.639 f  compBlock/rec/multOperand[17]_i_136/O
                         net (fo=5, estimated)        0.433    13.072    compBlock/rec/n_0_multOperand[17]_i_136
    SLICE_X84Y122        LUT6 (Prop_LUT6_I5_O)        0.035    13.107 r  compBlock/rec/multOperand[17]_i_90/O
                         net (fo=1, estimated)        0.285    13.392    compBlock/rec/n_0_multOperand[17]_i_90
    SLICE_X85Y122        CARRY8 (Prop_CARRY8_DI[3]_CO[7])
                                                      0.315    13.707 r  compBlock/rec/multOperand_reg[17]_i_41_CARRY8/CO[7]
                         net (fo=1, estimated)        0.000    13.707    compBlock/rec/n_0_multOperand_reg[17]_i_13
    SLICE_X85Y123        CARRY8 (Prop_CARRY8_CI_CO[6])
                                                      0.147    13.854 r  compBlock/rec/multOperand_reg[17]_i_4_CARRY8/CO[6]
                         net (fo=164, estimated)      0.681    14.535    compBlock/div_man[17]
    SLICE_X88Y120        LUT5 (Prop_LUT5_I1_O)        0.035    14.570 r  compBlock/multOperand[15]_i_143/O
                         net (fo=9, estimated)        0.474    15.044    compBlock/rec/I6
    SLICE_X87Y121        CARRY8 (Prop_CARRY8_DI[5]_CO[7])
                                                      0.178    15.222 r  compBlock/rec/multOperand_reg[15]_i_147_CARRY8/CO[7]
                         net (fo=1, estimated)        0.000    15.222    compBlock/rec/n_0_multOperand_reg[15]_i_104
    SLICE_X87Y122        CARRY8 (Prop_CARRY8_CI_O[0])
                                                      0.105    15.327 r  compBlock/rec/multOperand_reg[15]_i_98_CARRY8/O[0]
                         net (fo=6, estimated)        0.593    15.920    compBlock/rec/divide/numer150[8]
    SLICE_X89Y119        LUT3 (Prop_LUT3_I0_O)        0.173    16.093 f  compBlock/rec/multOperand[15]_i_105/O
                         net (fo=5, estimated)        0.415    16.508    compBlock/rec/n_0_multOperand[15]_i_105
    SLICE_X89Y121        LUT6 (Prop_LUT6_I4_O)        0.035    16.543 r  compBlock/rec/multOperand[15]_i_43/O
                         net (fo=1, estimated)        0.367    16.910    compBlock/rec/n_0_multOperand[15]_i_43
    SLICE_X89Y123        CARRY8 (Prop_CARRY8_DI[4]_CO[7])
                                                      0.184    17.094 r  compBlock/rec/multOperand_reg[15]_i_39_CARRY8/CO[7]
                         net (fo=1, estimated)        0.000    17.094    compBlock/rec/n_0_multOperand_reg[15]_i_15
    SLICE_X89Y124        CARRY8 (Prop_CARRY8_CI_CO[7])
                                                      0.043    17.137 r  compBlock/rec/multOperand_reg[15]_i_4_CARRY8/CO[7]
                         net (fo=170, estimated)      0.408    17.545    compBlock/rec/div_man[15]
    SLICE_X89Y122        LUT5 (Prop_LUT5_I1_O)        0.035    17.580 r  compBlock/rec/multOperand[13]_i_140/O
                         net (fo=9, estimated)        0.289    17.869    compBlock/rec/n_0_multOperand[13]_i_140
    SLICE_X89Y122        LUT6 (Prop_LUT6_I0_O)        0.035    17.904 r  compBlock/rec/multOperand[15]_i_187/O
                         net (fo=1, estimated)        0.366    18.270    compBlock/rec/n_0_multOperand[15]_i_187
    SLICE_X90Y127        CARRY8 (Prop_CARRY8_DI[3]_CO[7])
                                                      0.315    18.585 r  compBlock/rec/multOperand_reg[15]_i_164_CARRY8/CO[7]
                         net (fo=1, estimated)        0.000    18.585    compBlock/rec/n_0_multOperand_reg[15]_i_125
    SLICE_X90Y128        CARRY8 (Prop_CARRY8_CI_CO[7])
                                                      0.043    18.628 r  compBlock/rec/multOperand_reg[15]_i_77_CARRY8/CO[7]
                         net (fo=1, estimated)        0.000    18.628    compBlock/rec/n_0_multOperand_reg[15]_i_35
    SLICE_X90Y129        CARRY8 (Prop_CARRY8_CI_CO[0])
                                                      0.105    18.733 r  compBlock/rec/multOperand_reg[15]_i_13_CARRY8/CO[0]
                         net (fo=187, estimated)      0.308    19.041    compBlock/rec/O1[9]
    SLICE_X88Y129        LUT3 (Prop_LUT3_I1_O)        0.134    19.175 f  compBlock/rec/multOperand[13]_i_74/O
                         net (fo=4, estimated)        0.403    19.578    compBlock/rec/n_0_multOperand[13]_i_74
    SLICE_X90Y125        LUT5 (Prop_LUT5_I0_O)        0.034    19.612 r  compBlock/rec/multOperand[13]_i_28/O
                         net (fo=1, estimated)        0.434    20.046    compBlock/rec/n_0_multOperand[13]_i_28
    SLICE_X91Y121        CARRY8 (Prop_CARRY8_DI[3]_CO[7])
                                                      0.315    20.361 r  compBlock/rec/multOperand_reg[13]_i_9_CARRY8/CO[7]
                         net (fo=1, estimated)        0.000    20.361    compBlock/rec/n_0_multOperand_reg[13]_i_4
    SLICE_X91Y122        CARRY8 (Prop_CARRY8_CI_CO[0])
                                                      0.105    20.466 r  compBlock/rec/multOperand_reg[13]_i_2_CARRY8/CO[0]
                         net (fo=179, estimated)      0.370    20.836    compBlock/rec/O1[8]
    SLICE_X90Y125        LUT5 (Prop_LUT5_I1_O)        0.035    20.871 f  compBlock/rec/multOperand[11]_i_80/O
                         net (fo=5, estimated)        0.227    21.098    compBlock/rec/n_0_multOperand[11]_i_80
    SLICE_X90Y126        LUT6 (Prop_LUT6_I5_O)        0.035    21.133 r  compBlock/rec/multOperand[13]_i_106/O
                         net (fo=1, estimated)        0.296    21.429    compBlock/rec/n_0_multOperand[13]_i_106
    SLICE_X92Y126        CARRY8 (Prop_CARRY8_DI[1]_CO[7])
                                                      0.316    21.745 r  compBlock/rec/multOperand_reg[13]_i_53_CARRY8/CO[7]
                         net (fo=1, estimated)        0.000    21.745    compBlock/rec/n_0_multOperand_reg[13]_i_21
    SLICE_X92Y127        CARRY8 (Prop_CARRY8_CI_CO[1])
                                                      0.068    21.813 r  compBlock/rec/multOperand_reg[13]_i_7_CARRY8/CO[1]
                         net (fo=194, estimated)      0.455    22.268    compBlock/rec/O1[7]
    SLICE_X92Y120        LUT5 (Prop_LUT5_I1_O)        0.035    22.303 r  compBlock/rec/multOperand[11]_i_183/O
                         net (fo=9, estimated)        0.181    22.484    compBlock/rec/n_0_multOperand[11]_i_183
    SLICE_X92Y118        LUT6 (Prop_LUT6_I0_O)        0.035    22.519 r  compBlock/rec/multOperand[11]_i_127/O
                         net (fo=1, estimated)        0.291    22.810    compBlock/rec/n_0_multOperand[11]_i_127
    SLICE_X93Y118        CARRY8 (Prop_CARRY8_DI[2]_CO[7])
                                                      0.317    23.127 r  compBlock/rec/multOperand_reg[11]_i_69_CARRY8/CO[7]
                         net (fo=1, estimated)        0.000    23.127    compBlock/rec/n_0_multOperand_reg[11]_i_32
    SLICE_X93Y119        CARRY8 (Prop_CARRY8_CI_CO[7])
                                                      0.043    23.170 r  compBlock/rec/multOperand_reg[11]_i_11_CARRY8/CO[7]
                         net (fo=1, estimated)        0.000    23.170    compBlock/rec/n_0_multOperand_reg[11]_i_4
    SLICE_X93Y120        CARRY8 (Prop_CARRY8_CI_CO[1])
                                                      0.068    23.238 r  compBlock/rec/multOperand_reg[11]_i_2_CARRY8/CO[1]
                         net (fo=190, estimated)      0.425    23.663    compBlock/rec/O1[6]
    SLICE_X92Y127        LUT5 (Prop_LUT5_I1_O)        0.081    23.744 f  compBlock/rec/multOperand[9]_i_104/O
                         net (fo=5, estimated)        0.345    24.089    compBlock/rec/n_0_multOperand[9]_i_104
    SLICE_X92Y119        LUT6 (Prop_LUT6_I1_O)        0.035    24.124 r  compBlock/rec/multOperand[11]_i_111/O
                         net (fo=1, estimated)        0.377    24.501    compBlock/rec/n_0_multOperand[11]_i_111
    SLICE_X92Y122        CARRY8 (Prop_CARRY8_DI[0]_CO[7])
                                                      0.330    24.831 r  compBlock/rec/multOperand_reg[11]_i_56_CARRY8/CO[7]
                         net (fo=1, estimated)        0.000    24.831    compBlock/rec/n_0_multOperand_reg[11]_i_24
    SLICE_X92Y123        CARRY8 (Prop_CARRY8_CI_CO[2])
                                                      0.102    24.933 r  compBlock/rec/multOperand_reg[11]_i_9_CARRY8/CO[2]
                         net (fo=202, estimated)      0.389    25.322    compBlock/rec/O1[5]
    SLICE_X93Y130        LUT5 (Prop_LUT5_I1_O)        0.035    25.357 r  compBlock/rec/multOperand[9]_i_101/O
                         net (fo=8, estimated)        0.373    25.730    compBlock/rec/n_0_multOperand[9]_i_101
    SLICE_X93Y121        LUT6 (Prop_LUT6_I0_O)        0.035    25.765 r  compBlock/rec/multOperand[9]_i_42/O
                         net (fo=1, estimated)        0.322    26.087    compBlock/rec/n_0_multOperand[9]_i_42
    SLICE_X93Y123        CARRY8 (Prop_CARRY8_DI[2]_CO[7])
                                                      0.317    26.404 r  compBlock/rec/multOperand_reg[9]_i_13_CARRY8/CO[7]
                         net (fo=1, estimated)        0.000    26.404    compBlock/rec/n_0_multOperand_reg[9]_i_4
    SLICE_X93Y124        CARRY8 (Prop_CARRY8_CI_CO[2])
                                                      0.102    26.506 r  compBlock/rec/multOperand_reg[9]_i_2_CARRY8/CO[2]
                         net (fo=192, estimated)      0.562    27.068    compBlock/rec/O1[4]
    SLICE_X94Y132        LUT5 (Prop_LUT5_I1_O)        0.064    27.132 r  compBlock/rec/multOperand[7]_i_25/O
                         net (fo=9, estimated)        0.184    27.316    compBlock/rec/n_0_multOperand[7]_i_25
    SLICE_X94Y132        LUT6 (Prop_LUT6_I3_O)        0.035    27.351 r  compBlock/rec/multOperand[9]_i_32/O
                         net (fo=1, estimated)        0.480    27.831    compBlock/rec/n_0_multOperand[9]_i_32
    SLICE_X94Y129        CARRY8 (Prop_CARRY8_DI[2]_CO[3])
                                                      0.173    28.004 r  compBlock/rec/multOperand_reg[9]_i_11_CARRY8/CO[3]
                         net (fo=205, estimated)      0.415    28.419    compBlock/rec/div_man[8]
    SLICE_X94Y131        LUT5 (Prop_LUT5_I1_O)        0.035    28.454 f  compBlock/rec/multOperand[7]_i_107/O
                         net (fo=5, estimated)        0.213    28.667    compBlock/rec/n_0_multOperand[7]_i_107
    SLICE_X94Y131        LUT6 (Prop_LUT6_I4_O)        0.037    28.704 r  compBlock/rec/multOperand[7]_i_43/O
                         net (fo=1, estimated)        0.413    29.117    compBlock/rec/n_0_multOperand[7]_i_43
    SLICE_X95Y123        CARRY8 (Prop_CARRY8_DI[0]_CO[7])
                                                      0.330    29.447 r  compBlock/rec/multOperand_reg[7]_i_15_CARRY8/CO[7]
                         net (fo=1, estimated)        0.000    29.447    compBlock/rec/n_0_multOperand_reg[7]_i_4
    SLICE_X95Y124        CARRY8 (Prop_CARRY8_CI_CO[3])
                                                      0.084    29.531 r  compBlock/rec/multOperand_reg[7]_i_2_CARRY8/CO[3]
                         net (fo=190, estimated)      0.411    29.942    compBlock/rec/div_man[7]
    SLICE_X96Y125        LUT5 (Prop_LUT5_I1_O)        0.035    29.977 f  compBlock/rec/multOperand[5]_i_128/O
                         net (fo=6, estimated)        0.396    30.373    compBlock/rec/n_0_multOperand[5]_i_128
    SLICE_X94Y118        LUT6 (Prop_LUT6_I1_O)        0.035    30.408 r  compBlock/rec/multOperand[7]_i_182/O
                         net (fo=1, estimated)        0.386    30.794    compBlock/rec/n_0_multOperand[7]_i_182
    SLICE_X94Y120        CARRY8 (Prop_CARRY8_DI[2]_CO[7])
                                                      0.317    31.111 r  compBlock/rec/multOperand_reg[7]_i_126_CARRY8/CO[7]
                         net (fo=1, estimated)        0.000    31.111    compBlock/rec/n_0_multOperand_reg[7]_i_79
    SLICE_X94Y121        CARRY8 (Prop_CARRY8_CI_CO[4])
                                                      0.140    31.251 r  compBlock/rec/multOperand_reg[7]_i_35_CARRY8/CO[4]
                         net (fo=212, estimated)      0.298    31.549    compBlock/rec/CO[0]
    SLICE_X95Y124        LUT5 (Prop_LUT5_I1_O)        0.035    31.584 r  compBlock/rec/multOperand[5]_i_130/O
                         net (fo=8, estimated)        0.397    31.981    compBlock/rec/n_0_multOperand[5]_i_130
    SLICE_X95Y116        LUT6 (Prop_LUT6_I0_O)        0.035    32.016 r  compBlock/rec/multOperand[5]_i_63/O
                         net (fo=1, estimated)        0.237    32.253    compBlock/rec/n_0_multOperand[5]_i_63
    SLICE_X95Y119        CARRY8 (Prop_CARRY8_DI[2]_CO[7])
                                                      0.317    32.570 r  compBlock/rec/multOperand_reg[5]_i_26_CARRY8/CO[7]
                         net (fo=1, estimated)        0.000    32.570    compBlock/rec/n_0_multOperand_reg[5]_i_9
    SLICE_X95Y120        CARRY8 (Prop_CARRY8_CI_CO[4])
                                                      0.140    32.710 r  compBlock/rec/multOperand_reg[5]_i_4_CARRY8/CO[4]
                         net (fo=196, estimated)      0.225    32.935    compBlock/rec/O1[3]
    SLICE_X96Y119        LUT5 (Prop_LUT5_I1_O)        0.034    32.969 r  compBlock/rec/multOperand[3]_i_135/O
                         net (fo=9, estimated)        0.195    33.164    compBlock/rec/n_0_multOperand[3]_i_135
    SLICE_X96Y119        LUT6 (Prop_LUT6_I3_O)        0.035    33.199 r  compBlock/rec/multOperand[5]_i_159/O
                         net (fo=1, estimated)        0.510    33.709    compBlock/rec/n_0_multOperand[5]_i_159
    SLICE_X97Y118        CARRY8 (Prop_CARRY8_DI[1]_CO[7])
                                                      0.316    34.025 r  compBlock/rec/multOperand_reg[5]_i_99_CARRY8/CO[7]
                         net (fo=1, estimated)        0.000    34.025    compBlock/rec/n_0_multOperand_reg[5]_i_50
    SLICE_X97Y119        CARRY8 (Prop_CARRY8_CI_CO[5])
                                                      0.123    34.148 r  compBlock/rec/multOperand_reg[5]_i_21_CARRY8/CO[5]
                         net (fo=220, estimated)      0.293    34.441    compBlock/rec/O1[2]
    SLICE_X97Y115        LUT5 (Prop_LUT5_I1_O)        0.035    34.476 r  compBlock/rec/multOperand[3]_i_140/O
                         net (fo=9, estimated)        0.303    34.779    compBlock/rec/n_0_multOperand[3]_i_140
    SLICE_X97Y114        LUT6 (Prop_LUT6_I0_O)        0.035    34.814 r  compBlock/rec/multOperand[3]_i_69/O
                         net (fo=1, estimated)        0.413    35.227    compBlock/rec/n_0_multOperand[3]_i_69
    SLICE_X99Y122        CARRY8 (Prop_CARRY8_DI[0]_CO[7])
                                                      0.330    35.557 r  compBlock/rec/multOperand_reg[3]_i_30_CARRY8/CO[7]
                         net (fo=1, estimated)        0.000    35.557    compBlock/rec/n_0_multOperand_reg[3]_i_10
    SLICE_X99Y123        CARRY8 (Prop_CARRY8_CI_CO[5])
                                                      0.123    35.680 r  compBlock/rec/multOperand_reg[3]_i_4_CARRY8/CO[5]
                         net (fo=200, estimated)      0.504    36.184    compBlock/rec/O1[1]
    SLICE_X99Y111        LUT5 (Prop_LUT5_I1_O)        0.035    36.219 r  compBlock/rec/multOperand[1]_i_237/O
                         net (fo=8, estimated)        0.188    36.407    compBlock/rec/n_0_multOperand[1]_i_237
    SLICE_X99Y111        LUT6 (Prop_LUT6_I0_O)        0.035    36.442 r  compBlock/rec/multOperand[3]_i_272/O
                         net (fo=1, estimated)        0.401    36.843    compBlock/rec/n_0_multOperand[3]_i_272
    SLICE_X99Y115        CARRY8 (Prop_CARRY8_DI[3]_CO[7])
                                                      0.315    37.158 r  compBlock/rec/multOperand_reg[3]_i_230_CARRY8/CO[7]
                         net (fo=1, estimated)        0.000    37.158    compBlock/rec/n_0_multOperand_reg[3]_i_170
    SLICE_X99Y116        CARRY8 (Prop_CARRY8_CI_CO[7])
                                                      0.043    37.201 r  compBlock/rec/multOperand_reg[3]_i_102_CARRY8/CO[7]
                         net (fo=1, estimated)        0.000    37.201    compBlock/rec/n_0_multOperand_reg[3]_i_52
    SLICE_X99Y117        CARRY8 (Prop_CARRY8_CI_CO[6])
                                                      0.147    37.348 r  compBlock/rec/multOperand_reg[3]_i_23_CARRY8/CO[6]
                         net (fo=170, estimated)      0.334    37.682    compBlock/rec/O2[0]
    SLICE_X99Y113        LUT5 (Prop_LUT5_I1_O)        0.036    37.718 f  compBlock/rec/multOperand[1]_i_179/O
                         net (fo=4, estimated)        0.380    38.098    compBlock/rec/n_0_multOperand[1]_i_179
    SLICE_X100Y118       LUT6 (Prop_LUT6_I5_O)        0.037    38.135 r  compBlock/rec/multOperand[1]_i_113/O
                         net (fo=1, estimated)        0.320    38.455    compBlock/rec/n_0_multOperand[1]_i_113
    SLICE_X99Y119        CARRY8 (Prop_CARRY8_DI[2]_CO[7])
                                                      0.317    38.772 r  compBlock/rec/multOperand_reg[1]_i_54_CARRY8/CO[7]
                         net (fo=1, estimated)        0.000    38.772    compBlock/rec/n_0_multOperand_reg[1]_i_20
    SLICE_X99Y120        CARRY8 (Prop_CARRY8_CI_CO[6])
                                                      0.147    38.919 r  compBlock/rec/multOperand_reg[1]_i_4_CARRY8/CO[6]
                         net (fo=89, estimated)       0.414    39.333    compBlock/div_man[1]
    SLICE_X100Y112       LUT4 (Prop_LUT4_I1_O)        0.035    39.368 r  compBlock/multOperand[1]_i_301/O
                         net (fo=2, estimated)        0.300    39.668    compBlock/rec/I30
    SLICE_X100Y112       LUT6 (Prop_LUT6_I4_O)        0.037    39.705 r  compBlock/rec/multOperand[1]_i_254/O
                         net (fo=1, estimated)        0.482    40.187    compBlock/rec/n_0_multOperand[1]_i_254
    SLICE_X100Y119       CARRY8 (Prop_CARRY8_DI[1]_CO[7])
                                                      0.316    40.503 r  compBlock/rec/multOperand_reg[1]_i_196_CARRY8/CO[7]
                         net (fo=1, estimated)        0.000    40.503    compBlock/rec/n_0_multOperand_reg[1]_i_141
    SLICE_X100Y120       CARRY8 (Prop_CARRY8_CI_CO[7])
                                                      0.043    40.546 r  compBlock/rec/multOperand_reg[1]_i_83_CARRY8/CO[7]
                         net (fo=1, estimated)        0.000    40.546    compBlock/rec/n_0_multOperand_reg[1]_i_37
    SLICE_X100Y121       CARRY8 (Prop_CARRY8_CI_CO[7])
                                                      0.043    40.589 r  compBlock/rec/multOperand_reg[1]_i_11_CARRY8/CO[7]
                         net (fo=32, estimated)       0.872    41.461    compBlock/rec/div_man[0]
    SLICE_X78Y119        LUT6 (Prop_LUT6_I3_O)        0.037    41.498 r  compBlock/rec/multOperand[20]_i_11/O
                         net (fo=1, estimated)        0.051    41.549    compBlock/rec/n_0_multOperand[20]_i_11
    SLICE_X78Y119        LUT5 (Prop_LUT5_I4_O)        0.035    41.584 r  compBlock/rec/multOperand[20]_i_10/O
                         net (fo=1, estimated)        0.274    41.858    compBlock/rec/n_0_multOperand[20]_i_10
    SLICE_X78Y119        LUT5 (Prop_LUT5_I4_O)        0.034    41.892 r  compBlock/rec/multOperand[20]_i_9/O
                         net (fo=1, estimated)        0.525    42.417    compBlock/rec/n_0_multOperand[20]_i_9
    SLICE_X78Y119        LUT5 (Prop_LUT5_I4_O)        0.037    42.454 r  compBlock/rec/multOperand[20]_i_8/O
                         net (fo=1, estimated)        0.245    42.699    compBlock/rec/n_0_multOperand[20]_i_8
    SLICE_X77Y120        LUT5 (Prop_LUT5_I4_O)        0.084    42.783 r  compBlock/rec/multOperand[20]_i_7/O
                         net (fo=1, estimated)        0.360    43.143    compBlock/rec/n_0_multOperand[20]_i_7
    SLICE_X77Y120        LUT5 (Prop_LUT5_I4_O)        0.035    43.178 r  compBlock/rec/multOperand[20]_i_6/O
                         net (fo=1, estimated)        0.253    43.431    compBlock/rec/n_0_multOperand[20]_i_6
    SLICE_X75Y121        LUT5 (Prop_LUT5_I4_O)        0.035    43.466 r  compBlock/rec/multOperand[20]_i_5/O
                         net (fo=1, estimated)        0.289    43.755    compBlock/rec/n_0_multOperand[20]_i_5
    SLICE_X75Y121        LUT5 (Prop_LUT5_I4_O)        0.037    43.792 r  compBlock/rec/multOperand[20]_i_4/O
                         net (fo=1, estimated)        0.198    43.990    compBlock/rec/n_0_multOperand[20]_i_4
    SLICE_X75Y121        LUT5 (Prop_LUT5_I4_O)        0.035    44.025 r  compBlock/rec/multOperand[20]_i_3/O
                         net (fo=1, estimated)        0.290    44.315    compBlock/rec/n_0_multOperand[20]_i_3
    SLICE_X75Y121        LUT6 (Prop_LUT6_I1_O)        0.035    44.350 f  compBlock/rec/multOperand[20]_i_2/O
                         net (fo=5, estimated)        0.353    44.703    compBlock/conBlock/I33
    SLICE_X75Y121        LUT3 (Prop_LUT3_I2_O)        0.085    44.788 r  compBlock/conBlock/multOperand[20]_rep__1_i_1/O
                         net (fo=1, routed)           0.046    44.834    compBlock/n_241_conBlock
    SLICE_X75Y121        FDRE                                         r  compBlock/multOperand_reg[20]_rep__1/D
  -------------------------------------------------------------------    -------------------

                         (clock clk rise edge)       42.000    42.000 r  
    AG12                                              0.000    42.000 r  clk
                         net (fo=0)                   0.000    42.000    clk_IBUF_inst/I
    AG12                 INBUF (Prop_INBUF_PAD_O)     0.451    42.451 r  clk_IBUF_inst/INBUF_INST/O
                         net (fo=1, routed)           0.029    42.480    clk_IBUF_inst/OUT
    AG12                 IBUFCTRL (Prop_IBUFCTRL_I_O)
                                                      0.023    42.503 r  clk_IBUF_inst/IBUFCTRL_INST/O
                         net (fo=1, estimated)        0.295    42.798    clk_IBUF
    BUFGCE_X1Y0          BUFGCE (Prop_BUFGCE_I_O)     0.059    42.857 r  clk_IBUF_BUFG_inst/O
    X1Y1 (CLOCK_ROOT)    net (fo=30944, estimated)    2.025    44.882    compBlock/clk_IBUF_BUFG
    SLICE_X75Y121                                                     r  compBlock/multOperand_reg[20]_rep__1/C
                         clock pessimism              0.228    45.110    
                         clock uncertainty           -0.035    45.074    
    SLICE_X75Y121        FDRE (Setup_FDRE_C_D)        0.048    45.122    compBlock/multOperand_reg[20]_rep__1
  -------------------------------------------------------------------
                         required time                         45.122    
                         arrival time                         -44.834    
  -------------------------------------------------------------------
                         slack                                  0.289    




