Copyright 1986-2014 Xilinx, Inc. All Rights Reserved.
------------------------------------------------------------------------------------
| Tool Version : Vivado v.2014.3 (lin64) Build 1034051 Fri Oct  3 16:32:59 MDT 2014
| Date         : Wed Apr  8 17:53:32 2015
| Host         : paasei running 64-bit Scientific Linux release 6.5 (Carbon)
| Command      : report_timing -file postRoute.timing.rpt
| Design       : mcml
| Device       : xcku035-ffva1156
| Speed File   : -3  PREVIEW 1.10 09-18-2014
------------------------------------------------------------------------------------

Timing Report

Slack (MET) :             0.028ns  (required time - arrival time)
  Source:                 u_calc/dropSpin/scattererReflector/squareRoot1_6/one__11_q_reg[2]/C
                            (rising edge-triggered cell FDRE clocked by clk  {rise@0.000ns fall@9.250ns period=18.500ns})
  Destination:            u_calc/dropSpin/scattererReflector/scatterer_0/pipeReg36/o_uyQuotient_reg[25]/D
                            (rising edge-triggered cell FDRE clocked by clk  {rise@0.000ns fall@9.250ns period=18.500ns})
  Path Group:             clk
  Path Type:              Setup (Max at Slow Process Corner)
  Requirement:            18.500ns  (clk rise@18.500ns - clk rise@0.000ns)
  Data Path Delay:        18.269ns  (logic 10.217ns (55.925%)  route 8.052ns (44.075%))
  Logic Levels:           64  (CARRY8=34 DSP_A_B_DATA=1 DSP_ALU=2 DSP_M_DATA=1 DSP_MULTIPLIER=1 DSP_OUTPUT=2 DSP_PREADD_DATA=1 LUT1=1 LUT2=3 LUT3=4 LUT4=3 LUT5=5 LUT6=6)
  Clock Path Skew:        -0.215ns (DCD - SCD + CPR)
    Destination Clock Delay (DCD):    2.822ns = ( 21.322 - 18.500 ) 
    Source Clock Delay      (SCD):    3.289ns
    Clock Pessimism Removal (CPR):    0.252ns
  Clock Uncertainty:      0.035ns  ((TSJ^2 + TIJ^2)^1/2 + DJ) / 2 + PE
    Total System Jitter     (TSJ):    0.071ns
    Total Input Jitter      (TIJ):    0.000ns
    Discrete Jitter          (DJ):    0.000ns
    Phase Error              (PE):    0.000ns
  Clock Net Delay (Source):      2.270ns (routing 0.734ns, distribution 1.536ns)
  Clock Net Delay (Destination): 1.992ns (routing 0.671ns, distribution 1.321ns)

    Location             Delay type                Incr(ns)  Path(ns)    Netlist Resource(s)
  -------------------------------------------------------------------    -------------------
                         (clock clk rise edge)        0.000     0.000 r  
    AG12                                              0.000     0.000 r  clk
                         net (fo=0)                   0.000     0.000    clk_IBUF_inst/I
    AG12                 INBUF (Prop_INBUF_PAD_O)     0.559     0.559 r  clk_IBUF_inst/INBUF_INST/O
                         net (fo=1, routed)           0.035     0.594    clk_IBUF_inst/OUT
    AG12                 IBUFCTRL (Prop_IBUFCTRL_I_O)
                                                      0.039     0.633 r  clk_IBUF_inst/IBUFCTRL_INST/O
                         net (fo=1, routed)           0.319     0.952    clk_IBUF
    BUFGCE_X1Y0          BUFGCE (Prop_BUFGCE_I_O)     0.067     1.019 r  clk_IBUF_BUFG_inst/O
    X1Y1 (CLOCK_ROOT)    net (fo=17250, routed)       2.270     3.289    u_calc/dropSpin/scattererReflector/squareRoot1_6/clk_IBUF_BUFG
    SLICE_X74Y128                                                     r  u_calc/dropSpin/scattererReflector/squareRoot1_6/one__11_q_reg[2]/C
  -------------------------------------------------------------------    -------------------
    SLICE_X74Y128        FDRE (Prop_FDRE_C_Q)         0.102     3.391 r  u_calc/dropSpin/scattererReflector/squareRoot1_6/one__11_q_reg[2]/Q
                         net (fo=44, routed)          0.222     3.613    u_calc/dropSpin/scattererReflector/squareRoot1_6/n_0_one__11_q_reg[2]
    SLICE_X74Y128        LUT2 (Prop_LUT2_I1_O)        0.153     3.766 r  u_calc/dropSpin/scattererReflector/squareRoot1_6/op__15_q[0]_i_463__0/O
                         net (fo=1, routed)           0.001     3.767    u_calc/dropSpin/scattererReflector/squareRoot1_6/n_0_op__15_q[0]_i_463__0
    SLICE_X74Y128        CARRY8 (Prop_CARRY8_S[2]_CO[7])
                                                      0.317     4.084 r  u_calc/dropSpin/scattererReflector/squareRoot1_6/op__15_q_reg[0]_i_452__0_CARRY8/CO[7]
                         net (fo=1, routed)           0.000     4.084    u_calc/dropSpin/scattererReflector/squareRoot1_6/n_0_op__15_q_reg[0]_i_451__0
    SLICE_X74Y129        CARRY8 (Prop_CARRY8_CI_CO[7])
                                                      0.043     4.127 r  u_calc/dropSpin/scattererReflector/squareRoot1_6/op__15_q_reg[0]_i_436__0_CARRY8/CO[7]
                         net (fo=1, routed)           0.000     4.127    u_calc/dropSpin/scattererReflector/squareRoot1_6/n_0_op__15_q_reg[0]_i_435__0
    SLICE_X74Y130        CARRY8 (Prop_CARRY8_CI_O[1])
                                                      0.134     4.261 r  u_calc/dropSpin/scattererReflector/squareRoot1_6/op__15_q_reg[0]_i_402__0_CARRY8/O[1]
                         net (fo=2, routed)           0.414     4.675    u_calc/dropSpin/scattererReflector/squareRoot1_6/op__122[17]
    SLICE_X75Y136        LUT4 (Prop_LUT4_I0_O)        0.115     4.790 r  u_calc/dropSpin/scattererReflector/squareRoot1_6/op__15_q[0]_i_352__0/O
                         net (fo=1, routed)           0.002     4.792    u_calc/dropSpin/scattererReflector/squareRoot1_6/n_0_op__15_q[0]_i_352__0
    SLICE_X75Y136        CARRY8 (Prop_CARRY8_S[0]_CO[7])
                                                      0.368     5.160 r  u_calc/dropSpin/scattererReflector/squareRoot1_6/op__15_q_reg[0]_i_296__0_CARRY8/CO[7]
                         net (fo=1, routed)           0.000     5.160    u_calc/dropSpin/scattererReflector/squareRoot1_6/n_0_op__15_q_reg[0]_i_246__0
    SLICE_X75Y137        CARRY8 (Prop_CARRY8_CI_CO[7])
                                                      0.043     5.203 r  u_calc/dropSpin/scattererReflector/squareRoot1_6/op__15_q_reg[0]_i_192__0_CARRY8/CO[7]
                         net (fo=1, routed)           0.000     5.203    u_calc/dropSpin/scattererReflector/squareRoot1_6/n_0_op__15_q_reg[0]_i_125__0
    SLICE_X75Y138        CARRY8 (Prop_CARRY8_CI_CO[7])
                                                      0.043     5.246 r  u_calc/dropSpin/scattererReflector/squareRoot1_6/op__15_q_reg[0]_i_80__0_CARRY8/CO[7]
                         net (fo=190, routed)         0.560     5.806    u_calc/dropSpin/scattererReflector/squareRoot1_6/n_0_op__15_q_reg[0]_i_48__0
    SLICE_X71Y133        LUT3 (Prop_LUT3_I1_O)        0.062     5.868 r  u_calc/dropSpin/scattererReflector/squareRoot1_6/res__15_q[3]_i_12__0/O
                         net (fo=1, routed)           0.002     5.870    u_calc/dropSpin/scattererReflector/squareRoot1_6/n_0_res__15_q[3]_i_12__0
    SLICE_X71Y133        CARRY8 (Prop_CARRY8_S[0]_CO[7])
                                                      0.321     6.191 r  u_calc/dropSpin/scattererReflector/squareRoot1_6/res__15_q_reg[3]_i_8__0_CARRY8/CO[7]
                         net (fo=1, routed)           0.000     6.191    u_calc/dropSpin/scattererReflector/squareRoot1_6/n_0_res__15_q_reg[7]_i_8__0
    SLICE_X71Y134        CARRY8 (Prop_CARRY8_CI_O[0])
                                                      0.105     6.296 r  u_calc/dropSpin/scattererReflector/squareRoot1_6/res__15_q_reg[11]_i_8__0_CARRY8/O[0]
                         net (fo=9, routed)           0.352     6.648    u_calc/dropSpin/scattererReflector/squareRoot1_6/n_7_res__15_q_reg[11]_i_8__0
    SLICE_X70Y133        LUT2 (Prop_LUT2_I0_O)        0.062     6.710 r  u_calc/dropSpin/scattererReflector/squareRoot1_6/op__15_q[0]_i_446__0/O
                         net (fo=1, routed)           0.002     6.712    u_calc/dropSpin/scattererReflector/squareRoot1_6/n_0_op__15_q[0]_i_446__0
    SLICE_X70Y133        CARRY8 (Prop_CARRY8_S[0]_CO[7])
                                                      0.369     7.081 r  u_calc/dropSpin/scattererReflector/squareRoot1_6/op__15_q_reg[0]_i_416__0_CARRY8/CO[7]
                         net (fo=1, routed)           0.000     7.081    u_calc/dropSpin/scattererReflector/squareRoot1_6/n_0_op__15_q_reg[0]_i_415__0
    SLICE_X70Y134        CARRY8 (Prop_CARRY8_CI_CO[7])
                                                      0.043     7.124 r  u_calc/dropSpin/scattererReflector/squareRoot1_6/op__15_q_reg[0]_i_369__0_CARRY8/CO[7]
                         net (fo=1, routed)           0.000     7.124    u_calc/dropSpin/scattererReflector/squareRoot1_6/n_0_op__15_q_reg[0]_i_368__0
    SLICE_X70Y135        CARRY8 (Prop_CARRY8_CI_CO[7])
                                                      0.043     7.167 r  u_calc/dropSpin/scattererReflector/squareRoot1_6/op__15_q_reg[0]_i_318__0_CARRY8/CO[7]
                         net (fo=1, routed)           0.000     7.167    u_calc/dropSpin/scattererReflector/squareRoot1_6/n_0_op__15_q_reg[0]_i_317__0
    SLICE_X70Y136        CARRY8 (Prop_CARRY8_CI_O[1])
                                                      0.134     7.301 r  u_calc/dropSpin/scattererReflector/squareRoot1_6/op__15_q_reg[0]_i_267__0_CARRY8/O[1]
                         net (fo=2, routed)           0.464     7.765    u_calc/dropSpin/scattererReflector/squareRoot1_6/op__132[33]
    SLICE_X71Y128        LUT4 (Prop_LUT4_I0_O)        0.167     7.932 r  u_calc/dropSpin/scattererReflector/squareRoot1_6/op__15_q[0]_i_211__0/O
                         net (fo=1, routed)           0.002     7.934    u_calc/dropSpin/scattererReflector/squareRoot1_6/n_0_op__15_q[0]_i_211__0
    SLICE_X71Y128        CARRY8 (Prop_CARRY8_S[0]_CO[7])
                                                      0.368     8.302 r  u_calc/dropSpin/scattererReflector/squareRoot1_6/op__15_q_reg[0]_i_136__0_CARRY8/CO[7]
                         net (fo=1, routed)           0.000     8.302    u_calc/dropSpin/scattererReflector/squareRoot1_6/n_0_op__15_q_reg[0]_i_89__0
    SLICE_X71Y129        CARRY8 (Prop_CARRY8_CI_CO[7])
                                                      0.043     8.345 r  u_calc/dropSpin/scattererReflector/squareRoot1_6/op__15_q_reg[0]_i_49__0_CARRY8/CO[7]
                         net (fo=189, routed)         0.430     8.775    u_calc/dropSpin/scattererReflector/squareRoot1_6/n_0_op__15_q_reg[0]_i_27__0
    SLICE_X68Y131        LUT3 (Prop_LUT3_I1_O)        0.115     8.890 r  u_calc/dropSpin/scattererReflector/squareRoot1_6/res__15_q[3]_i_10__0/O
                         net (fo=1, routed)           0.002     8.892    u_calc/dropSpin/scattererReflector/squareRoot1_6/n_0_res__15_q[3]_i_10__0
    SLICE_X68Y131        CARRY8 (Prop_CARRY8_S[0]_CO[7])
                                                      0.321     9.213 r  u_calc/dropSpin/scattererReflector/squareRoot1_6/res__15_q_reg[3]_i_5__0_CARRY8/CO[7]
                         net (fo=1, routed)           0.000     9.213    u_calc/dropSpin/scattererReflector/squareRoot1_6/n_0_res__15_q_reg[7]_i_5__0
    SLICE_X68Y132        CARRY8 (Prop_CARRY8_CI_CO[7])
                                                      0.043     9.256 r  u_calc/dropSpin/scattererReflector/squareRoot1_6/res__15_q_reg[11]_i_5__0_CARRY8/CO[7]
                         net (fo=1, routed)           0.000     9.256    u_calc/dropSpin/scattererReflector/squareRoot1_6/n_0_res__15_q_reg[15]_i_5__0
    SLICE_X68Y133        CARRY8 (Prop_CARRY8_CI_CO[7])
                                                      0.043     9.299 r  u_calc/dropSpin/scattererReflector/squareRoot1_6/res__15_q_reg[19]_i_5__0_CARRY8/CO[7]
                         net (fo=1, routed)           0.000     9.299    u_calc/dropSpin/scattererReflector/squareRoot1_6/n_0_res__15_q_reg[23]_i_5__0
    SLICE_X68Y134        CARRY8 (Prop_CARRY8_CI_CO[7])
                                                      0.043     9.342 r  u_calc/dropSpin/scattererReflector/squareRoot1_6/res__15_q_reg[27]_i_5__0_CARRY8/CO[7]
                         net (fo=1, routed)           0.000     9.342    u_calc/dropSpin/scattererReflector/squareRoot1_6/n_0_res__15_q_reg[31]_i_5__0
    SLICE_X68Y135        CARRY8 (Prop_CARRY8_CI_CO[7])
                                                      0.043     9.385 r  u_calc/dropSpin/scattererReflector/squareRoot1_6/res__15_q_reg[35]_i_5__0_CARRY8/CO[7]
                         net (fo=1, routed)           0.000     9.385    u_calc/dropSpin/scattererReflector/squareRoot1_6/n_0_res__15_q_reg[39]_i_3__0
    SLICE_X68Y136        CARRY8 (Prop_CARRY8_CI_O[0])
                                                      0.105     9.490 r  u_calc/dropSpin/scattererReflector/squareRoot1_6/res__15_q_reg[43]_i_3__0_CARRY8/O[0]
                         net (fo=8, routed)           0.478     9.968    u_calc/dropSpin/scattererReflector/squareRoot1_6/n_7_res__15_q_reg[43]_i_3__0
    SLICE_X67Y135        CARRY8 (Prop_CARRY8_S[0]_CO[7])
                                                      0.369    10.337 r  u_calc/dropSpin/scattererReflector/squareRoot1_6/op__15_q_reg[0]_i_178__0_CARRY8/CO[7]
                         net (fo=1, routed)           0.000    10.337    u_calc/dropSpin/scattererReflector/squareRoot1_6/n_0_op__15_q_reg[0]_i_177__0
    SLICE_X67Y136        CARRY8 (Prop_CARRY8_CI_O[6])
                                                      0.139    10.476 f  u_calc/dropSpin/scattererReflector/squareRoot1_6/op__15_q_reg[0]_i_113__0_CARRY8/O[6]
                         net (fo=2, routed)           0.358    10.834    u_calc/dropSpin/scattererReflector/squareRoot1_6/op__142[54]
    SLICE_X67Y129        LUT4 (Prop_LUT4_I3_O)        0.186    11.020 r  u_calc/dropSpin/scattererReflector/squareRoot1_6/op__15_q[0]_i_59__0/O
                         net (fo=1, routed)           0.002    11.022    u_calc/dropSpin/scattererReflector/squareRoot1_6/n_0_op__15_q[0]_i_59__0
    SLICE_X67Y129        CARRY8 (Prop_CARRY8_DI[3]_CO[7])
                                                      0.312    11.334 r  u_calc/dropSpin/scattererReflector/squareRoot1_6/op__15_q_reg[0]_i_28__0_CARRY8/CO[7]
                         net (fo=189, routed)         0.393    11.727    u_calc/dropSpin/scattererReflector/squareRoot1_6/n_0_op__15_q_reg[0]_i_14__0
    SLICE_X66Y126        LUT3 (Prop_LUT3_I1_O)        0.100    11.827 r  u_calc/dropSpin/scattererReflector/squareRoot1_6/res__15_q[3]_i_7__0/O
                         net (fo=1, routed)           0.002    11.829    u_calc/dropSpin/scattererReflector/squareRoot1_6/n_0_res__15_q[3]_i_7__0
    SLICE_X66Y126        CARRY8 (Prop_CARRY8_S[0]_CO[7])
                                                      0.321    12.150 r  u_calc/dropSpin/scattererReflector/squareRoot1_6/res__15_q_reg[3]_i_2__0_CARRY8/CO[7]
                         net (fo=1, routed)           0.000    12.150    u_calc/dropSpin/scattererReflector/squareRoot1_6/n_0_res__15_q_reg[7]_i_2__0
    SLICE_X66Y127        CARRY8 (Prop_CARRY8_CI_CO[7])
                                                      0.043    12.193 r  u_calc/dropSpin/scattererReflector/squareRoot1_6/res__15_q_reg[11]_i_2__0_CARRY8/CO[7]
                         net (fo=1, routed)           0.000    12.193    u_calc/dropSpin/scattererReflector/squareRoot1_6/n_0_res__15_q_reg[15]_i_2__0
    SLICE_X66Y128        CARRY8 (Prop_CARRY8_CI_CO[7])
                                                      0.043    12.236 r  u_calc/dropSpin/scattererReflector/squareRoot1_6/res__15_q_reg[19]_i_2__0_CARRY8/CO[7]
                         net (fo=1, routed)           0.000    12.236    u_calc/dropSpin/scattererReflector/squareRoot1_6/n_0_res__15_q_reg[23]_i_2__0
    SLICE_X66Y129        CARRY8 (Prop_CARRY8_CI_O[7])
                                                      0.182    12.418 r  u_calc/dropSpin/scattererReflector/squareRoot1_6/res__15_q_reg[27]_i_2__0_CARRY8/O[7]
                         net (fo=9, routed)           0.702    13.120    u_calc/dropSpin/scattererReflector/squareRoot1_6/n_4_res__15_q_reg[31]_i_2__0
    SLICE_X68Y98         LUT5 (Prop_LUT5_I0_O)        0.035    13.155 r  u_calc/dropSpin/scattererReflector/squareRoot1_6/denom0[31]_i_17/O
                         net (fo=1, routed)           0.051    13.206    u_calc/dropSpin/scattererReflector/squareRoot1_6/n_0_denom0[31]_i_17
    SLICE_X68Y98         LUT5 (Prop_LUT5_I4_O)        0.084    13.290 r  u_calc/dropSpin/scattererReflector/squareRoot1_6/denom0[31]_i_13/O
                         net (fo=1, routed)           0.105    13.395    u_calc/dropSpin/scattererReflector/squareRoot1_6/n_0_denom0[31]_i_13
    SLICE_X68Y99         LUT5 (Prop_LUT5_I4_O)        0.035    13.430 r  u_calc/dropSpin/scattererReflector/squareRoot1_6/denom0[31]_i_4/O
                         net (fo=1, routed)           0.126    13.556    u_calc/dropSpin/scattererReflector/squareRoot1_6/n_0_denom0[31]_i_4
    SLICE_X68Y97         LUT5 (Prop_LUT5_I2_O)        0.035    13.591 r  u_calc/dropSpin/scattererReflector/squareRoot1_6/denom0[31]_i_2/O
                         net (fo=16, routed)          0.424    14.015    u_calc/dropSpin/scattererReflector/squareRoot1_6/n_0_denom0[31]_i_2
    SLICE_X70Y81         LUT6 (Prop_LUT6_I1_O)        0.116    14.131 f  u_calc/dropSpin/scattererReflector/squareRoot1_6/c_tmp1_i_144/O
                         net (fo=1, routed)           0.202    14.333    u_calc/dropSpin/scattererReflector/squareRoot1_6/quot1_16[50]
    SLICE_X68Y81         LUT6 (Prop_LUT6_I0_O)        0.153    14.486 f  u_calc/dropSpin/scattererReflector/squareRoot1_6/c_tmp1_i_70__11/O
                         net (fo=2, routed)           0.057    14.543    u_calc/dropSpin/scattererReflector/divide1_16/div_temp/I1
    SLICE_X68Y81         LUT6 (Prop_LUT6_I2_O)        0.115    14.658 f  u_calc/dropSpin/scattererReflector/divide1_16/div_temp/c_tmp1_i_74__12/O
                         net (fo=63, routed)          0.257    14.915    u_calc/dropSpin/scattererReflector/divide1_16/div_temp/scatterer_0/div_overflow
    SLICE_X68Y76         LUT6 (Prop_LUT6_I4_O)        0.102    15.017 r  u_calc/dropSpin/scattererReflector/divide1_16/div_temp/c_tmp1_i_63__15/O
                         net (fo=1, routed)           0.000    15.017    u_calc/dropSpin/scattererReflector/divide1_16/div_temp/n_0_c_tmp1_i_63__15
    SLICE_X68Y76         CARRY8 (Prop_CARRY8_S[1]_CO[7])
                                                      0.316    15.333 r  u_calc/dropSpin/scattererReflector/divide1_16/div_temp/c_tmp1_i_37__9/CO[7]
                         net (fo=1, routed)           0.000    15.333    u_calc/dropSpin/scattererReflector/divide1_16/div_temp/n_0_c_tmp1_i_37__9
    SLICE_X68Y77         CARRY8 (Prop_CARRY8_CI_O[7])
                                                      0.182    15.515 f  u_calc/dropSpin/scattererReflector/divide1_16/div_temp/c_tmp1_i_36__9/O[7]
                         net (fo=1, routed)           0.319    15.834    u_calc/dropSpin/scattererReflector/squareRoot1_6/b_tmp0__0__1[15]
    SLICE_X70Y81         LUT3 (Prop_LUT3_I0_O)        0.063    15.897 f  u_calc/dropSpin/scattererReflector/squareRoot1_6/c_tmp1_i_2__37/O
                         net (fo=2, routed)           0.368    16.265    u_calc/dropSpin/scattererReflector/multiplier2_36/c_tmp1/multiplier2_36/c_tmp1/A[15]
    DSP48E2_X11Y30       DSP_A_B_DATA (Prop_DSP_A_B_DATA_A[15]_A2_DATA[15])
                                                      0.181    16.446 r  u_calc/dropSpin/scattererReflector/multiplier2_36/c_tmp1/multiplier2_36/c_tmp1/DSP_A_B_DATA_INST/A2_DATA[15]
                         net (fo=1, routed)           0.000    16.446    u_calc/dropSpin/scattererReflector/multiplier2_36/c_tmp1/multiplier2_36/c_tmp1/DSP_A_B_DATA.A2_DATA<15>
    DSP48E2_X11Y30       DSP_PREADD_DATA (Prop_DSP_PREADD_DATA_A2_DATA[15]_A2A1[15])
                                                      0.100    16.546 r  u_calc/dropSpin/scattererReflector/multiplier2_36/c_tmp1/multiplier2_36/c_tmp1/DSP_PREADD_DATA_INST/A2A1[15]
                         net (fo=1, routed)           0.000    16.546    u_calc/dropSpin/scattererReflector/multiplier2_36/c_tmp1/multiplier2_36/c_tmp1/DSP_PREADD_DATA.A2A1<15>
    DSP48E2_X11Y30       DSP_MULTIPLIER (Prop_DSP_MULTIPLIER_A2A1[15]_U[29])
                                                      0.613    17.159 f  u_calc/dropSpin/scattererReflector/multiplier2_36/c_tmp1/multiplier2_36/c_tmp1/DSP_MULTIPLIER_INST/U[29]
                         net (fo=1, routed)           0.000    17.159    u_calc/dropSpin/scattererReflector/multiplier2_36/c_tmp1/multiplier2_36/c_tmp1/DSP_MULTIPLIER.U<29>
    DSP48E2_X11Y30       DSP_M_DATA (Prop_DSP_M_DATA_U[29]_U_DATA[29])
                                                      0.061    17.220 r  u_calc/dropSpin/scattererReflector/multiplier2_36/c_tmp1/multiplier2_36/c_tmp1/DSP_M_DATA_INST/U_DATA[29]
                         net (fo=1, routed)           0.000    17.220    u_calc/dropSpin/scattererReflector/multiplier2_36/c_tmp1/multiplier2_36/c_tmp1/DSP_M_DATA.U_DATA<29>
    DSP48E2_X11Y30       DSP_ALU (Prop_DSP_ALU_U_DATA[29]_ALU_OUT[47])
                                                      0.541    17.761 f  u_calc/dropSpin/scattererReflector/multiplier2_36/c_tmp1/multiplier2_36/c_tmp1/DSP_ALU_INST/ALU_OUT[47]
                         net (fo=1, routed)           0.000    17.761    u_calc/dropSpin/scattererReflector/multiplier2_36/c_tmp1/multiplier2_36/c_tmp1/DSP_ALU.ALU_OUT<47>
    DSP48E2_X11Y30       DSP_OUTPUT (Prop_DSP_OUTPUT_ALU_OUT[47]_PCOUT[47])
                                                      0.076    17.837 r  u_calc/dropSpin/scattererReflector/multiplier2_36/c_tmp1/multiplier2_36/c_tmp1/DSP_OUTPUT_INST/PCOUT[47]
                         net (fo=1, routed)           0.019    17.856    u_calc/dropSpin/scattererReflector/multiplier2_36/c_tmp1__0/multiplier2_36/c_tmp1/PCIN[47]
    DSP48E2_X11Y31       DSP_ALU (Prop_DSP_ALU_PCIN[47]_ALU_OUT[0])
                                                      0.389    18.245 f  u_calc/dropSpin/scattererReflector/multiplier2_36/c_tmp1__0/multiplier2_36/c_tmp1/DSP_ALU_INST/ALU_OUT[0]
                         net (fo=1, routed)           0.000    18.245    u_calc/dropSpin/scattererReflector/multiplier2_36/c_tmp1__0/multiplier2_36/c_tmp1/DSP_ALU.ALU_OUT<0>
    DSP48E2_X11Y31       DSP_OUTPUT (Prop_DSP_OUTPUT_ALU_OUT[0]_P[0])
                                                      0.155    18.400 r  u_calc/dropSpin/scattererReflector/multiplier2_36/c_tmp1__0/multiplier2_36/c_tmp1/DSP_OUTPUT_INST/P[0]
                         net (fo=1, routed)           0.433    18.833    u_calc/dropSpin/scattererReflector/multiplier2_36/n_105_c_tmp1__0/multiplier2_36/c_tmp1
    SLICE_X66Y82         LUT2 (Prop_LUT2_I1_O)        0.100    18.933 r  u_calc/dropSpin/scattererReflector/multiplier2_36/o_uyQuotient[24]_i_18/O
                         net (fo=1, routed)           0.001    18.934    u_calc/dropSpin/scattererReflector/multiplier2_36/n_0_o_uyQuotient[24]_i_18
    SLICE_X66Y82         CARRY8 (Prop_CARRY8_S[2]_CO[7])
                                                      0.317    19.251 r  u_calc/dropSpin/scattererReflector/multiplier2_36/o_uyQuotient_reg[24]_i_4/CO[7]
                         net (fo=1, routed)           0.000    19.251    u_calc/dropSpin/scattererReflector/multiplier2_36/n_0_o_uyQuotient_reg[24]_i_4
    SLICE_X66Y83         CARRY8 (Prop_CARRY8_CI_CO[7])
                                                      0.043    19.294 r  u_calc/dropSpin/scattererReflector/multiplier2_36/o_uyQuotient_reg[30]_i_20/CO[7]
                         net (fo=1, routed)           0.000    19.294    u_calc/dropSpin/scattererReflector/multiplier2_36/n_0_o_uyQuotient_reg[30]_i_20
    SLICE_X66Y84         CARRY8 (Prop_CARRY8_CI_O[0])
                                                      0.105    19.399 f  u_calc/dropSpin/scattererReflector/multiplier2_36/o_uyQuotient_reg[31]_i_13/O[0]
                         net (fo=2, routed)           0.304    19.703    u_calc/dropSpin/scattererReflector/multiplier2_36/in[32]
    SLICE_X65Y84         LUT1 (Prop_LUT1_I0_O)        0.062    19.765 r  u_calc/dropSpin/scattererReflector/multiplier2_36/o_uyQuotient[31]_i_29/O
                         net (fo=1, routed)           0.002    19.767    u_calc/dropSpin/scattererReflector/multiplier2_36/n_0_o_uyQuotient[31]_i_29
    SLICE_X65Y84         CARRY8 (Prop_CARRY8_S[0]_CO[7])
                                                      0.369    20.136 r  u_calc/dropSpin/scattererReflector/multiplier2_36/o_uyQuotient_reg[31]_i_4/CO[7]
                         net (fo=1, routed)           0.000    20.136    u_calc/dropSpin/scattererReflector/multiplier2_36/n_0_o_uyQuotient_reg[31]_i_4
    SLICE_X65Y85         CARRY8 (Prop_CARRY8_CI_O[6])
                                                      0.139    20.275 r  u_calc/dropSpin/scattererReflector/multiplier2_36/o_uyQuotient_reg[31]_i_2/O[6]
                         net (fo=1, routed)           0.342    20.617    u_calc/dropSpin/scattererReflector/squareRoot1_6/I5[46]
    SLICE_X68Y87         LUT6 (Prop_LUT6_I0_O)        0.034    20.651 r  u_calc/dropSpin/scattererReflector/squareRoot1_6/o_uy_transmitted[30]_i_4/O
                         net (fo=33, routed)          0.256    20.907    u_calc/dropSpin/scattererReflector/squareRoot1_6/prod2_36[62]
    SLICE_X67Y81         LUT5 (Prop_LUT5_I4_O)        0.100    21.007 r  u_calc/dropSpin/scattererReflector/squareRoot1_6/o_uyQuotient[30]_i_5/O
                         net (fo=31, routed)          0.362    21.369    u_calc/dropSpin/scattererReflector/squareRoot1_6/O2
    SLICE_X63Y83         LUT6 (Prop_LUT6_I4_O)        0.153    21.522 r  u_calc/dropSpin/scattererReflector/squareRoot1_6/o_uyQuotient[25]_i_1/O
                         net (fo=1, routed)           0.036    21.558    u_calc/dropSpin/scattererReflector/scatterer_0/pipeReg36/I1[25]
    SLICE_X63Y83         FDRE                                         r  u_calc/dropSpin/scattererReflector/scatterer_0/pipeReg36/o_uyQuotient_reg[25]/D
  -------------------------------------------------------------------    -------------------

                         (clock clk rise edge)       18.500    18.500 r  
    AG12                                              0.000    18.500 r  clk
                         net (fo=0)                   0.000    18.500    clk_IBUF_inst/I
    AG12                 INBUF (Prop_INBUF_PAD_O)     0.451    18.951 r  clk_IBUF_inst/INBUF_INST/O
                         net (fo=1, routed)           0.029    18.980    clk_IBUF_inst/OUT
    AG12                 IBUFCTRL (Prop_IBUFCTRL_I_O)
                                                      0.023    19.003 r  clk_IBUF_inst/IBUFCTRL_INST/O
                         net (fo=1, routed)           0.268    19.271    clk_IBUF
    BUFGCE_X1Y0          BUFGCE (Prop_BUFGCE_I_O)     0.059    19.330 r  clk_IBUF_BUFG_inst/O
    X1Y1 (CLOCK_ROOT)    net (fo=17250, routed)       1.992    21.322    u_calc/dropSpin/scattererReflector/scatterer_0/pipeReg36/clk_IBUF_BUFG
    SLICE_X63Y83                                                      r  u_calc/dropSpin/scattererReflector/scatterer_0/pipeReg36/o_uyQuotient_reg[25]/C
                         clock pessimism              0.252    21.574    
                         clock uncertainty           -0.035    21.538    
    SLICE_X63Y83         FDRE (Setup_FDRE_C_D)        0.047    21.585    u_calc/dropSpin/scattererReflector/scatterer_0/pipeReg36/o_uyQuotient_reg[25]
  -------------------------------------------------------------------
                         required time                         21.585    
                         arrival time                         -21.558    
  -------------------------------------------------------------------
                         slack                                  0.028    




