Copyright 1986-2014 Xilinx, Inc. All Rights Reserved.
------------------------------------------------------------------------------------
| Tool Version : Vivado v.2014.3 (lin64) Build 1034051 Fri Oct  3 16:32:59 MDT 2014
| Date         : Wed Apr  8 17:53:34 2015
| Host         : paasei running 64-bit Scientific Linux release 6.5 (Carbon)
| Command      : report_utilization -file postRoute.utilization.rpt
| Design       : mcml
| Device       : xcku035
| Design State : Routed
------------------------------------------------------------------------------------

Utilization Design Information

Table of Contents
-----------------
1. CLB Logic
1.1 Summary of Registers by Type
2. CLB Logic Distribution
3. BLOCKRAM
4. ARITHMETIC
5. I/O
6. CLOCK
7. ADVANCED
8. CONFIGURATION
9. Primitives
10. Black Boxes
11. Instantiated Netlists

1. CLB Logic
------------

+----------------------------+-------+-------+-----------+-------+
|          Site Type         |  Used | Fixed | Available | Util% |
+----------------------------+-------+-------+-----------+-------+
| CLB LUTs                   | 43484 |     0 |    203128 | 21.40 |
|   LUT as Logic             | 41919 |     0 |    203128 | 20.63 |
|   LUT as Memory            |  1565 |     0 |    112800 |  1.38 |
|     LUT as Distributed RAM |     0 |     0 |           |       |
|     LUT as Shift Register  |  1565 |     0 |           |       |
| CLB Registers              | 15230 |     0 |    406256 |  3.74 |
|   Register as Flip Flop    | 15230 |     0 |    406256 |  3.74 |
|   Register as Latch        |     0 |     0 |    406256 |  0.00 |
| CARRY8                     |  3964 |     0 |     30300 | 13.08 |
| F7 Muxes                   |    68 |     0 |    121200 |  0.05 |
| F8 Muxes                   |     1 |     0 |     60600 | <0.01 |
| F9 Muxes                   |     0 |     0 |     30300 |  0.00 |
+----------------------------+-------+-------+-----------+-------+


1.1 Summary of Registers by Type
--------------------------------

+-------+--------------+-------------+--------------+
| Total | Clock Enable | Synchronous | Asynchronous |
+-------+--------------+-------------+--------------+
| 0     |            _ |           - |            - |
| 0     |            _ |           - |          Set |
| 0     |            _ |           - |        Reset |
| 0     |            _ |         Set |            - |
| 0     |            _ |       Reset |            - |
| 0     |          Yes |           - |            - |
| 0     |          Yes |           - |          Set |
| 373   |          Yes |           - |        Reset |
| 293   |          Yes |         Set |            - |
| 14564 |          Yes |       Reset |            - |
+-------+--------------+-------------+--------------+


2. CLB Logic Distribution
-------------------------

+-------------------------------------------------------------+----------+-------+-----------+-------+
|                          Site Type                          |   Used   | Fixed | Available | Util% |
+-------------------------------------------------------------+----------+-------+-----------+-------+
| CLB                                                         |     6988 |     0 |     30300 | 23.06 |
|   CLBL                                                      |     3897 |     0 |           |       |
|   CLBM                                                      |     3091 |     0 |           |       |
| LUT as Logic                                                |    41919 |     0 |    203128 | 20.63 |
|   using O5 output only                                      |      135 |       |           |       |
|   using O6 output only                                      |    30682 |       |           |       |
|   using O5 and O6                                           |    11102 |       |           |       |
| LUT as Memory                                               |     1565 |     0 |    112800 |  1.38 |
|   LUT as Distributed RAM                                    |        0 |     0 |           |       |
|   LUT as Shift Register                                     |     1565 |     0 |           |       |
|     using O5 output only                                    |        0 |       |           |       |
|     using O6 output only                                    |     1470 |       |           |       |
|     using O5 and O6                                         |       95 |       |           |       |
| LUT Flip Flop Pairs                                         |    45546 |     0 |    203128 | 22.42 |
|   fully used LUT-FF pairs                                   |     7890 |       |           |       |
|   LUT-FF pairs with unused LUT                              |     2197 |       |           |       |
|   LUT-FF pairs with unused Flip Flop                        |    35459 |       |           |       |
| Unique Control Sets                                         |       16 |       |           |       |
| Minimum number of registers lost to control set restriction | 10(Lost) |       |           |       |
+-------------------------------------------------------------+----------+-------+-----------+-------+


3. BLOCKRAM
-----------

+-------------------+------+-------+-----------+-------+
|     Site Type     | Used | Fixed | Available | Util% |
+-------------------+------+-------+-----------+-------+
| Block RAM Tile    |  154 |     0 |       540 | 28.51 |
|   RAMB36/FIFO*    |  152 |     0 |       540 | 28.14 |
|     RAMB36E2 only |  152 |       |           |       |
|   RAMB18          |    4 |     0 |      1080 |  0.37 |
|     RAMB18E2 only |    4 |       |           |       |
+-------------------+------+-------+-----------+-------+
* Note: Each Block RAM Tile only has one FIFO logic available and therefore can accommodate only one FIFO36E2 or one FIFO18E2. However, if a FIFO18E2 occupies a Block RAM Tile, that tile can still accommodate a RAMB18E2


4. ARITHMETIC
-------------

+----------------+------+-------+-----------+-------+
|    Site Type   | Used | Fixed | Available | Util% |
+----------------+------+-------+-----------+-------+
| DSPs           |  104 |     0 |      1700 |  6.11 |
|   DSP48E2 only |  104 |       |           |       |
+----------------+------+-------+-----------+-------+


5. I/O
------

+------------------+------+-------+-----------+-------+
|     Site Type    | Used | Fixed | Available | Util% |
+------------------+------+-------+-----------+-------+
| Bonded IOB       |   69 |     0 |       520 | 13.26 |
| HPIOB            |    0 |     0 |       416 |  0.00 |
| HRIO             |   69 |     0 |       104 | 66.34 |
|   INPUT          |   36 |       |           |       |
|   OUTPUT         |   33 |       |           |       |
|   BIDIR          |    0 |       |           |       |
| HPIOBDIFFINBUF   |    0 |     0 |       192 |  0.00 |
| HPIOBDIFFOUTBUF  |    0 |     0 |       192 |  0.00 |
| HRIODIFFINBUF    |    0 |     0 |        48 |  0.00 |
| HRIODIFFOUTBUF   |    0 |     0 |        48 |  0.00 |
| BITSLICE_CONTROL |    0 |     0 |        80 |  0.00 |
| BITSLICE_RX_TX   |    0 |     0 |       520 |  0.00 |
| BITSLICE_TX      |    0 |     0 |        80 |  0.00 |
| RIU_OR           |    0 |     0 |        40 |  0.00 |
+------------------+------+-------+-----------+-------+


6. CLOCK
--------

+----------------------+------+-------+-----------+-------+
|       Site Type      | Used | Fixed | Available | Util% |
+----------------------+------+-------+-----------+-------+
| GLOBAL CLOCK BUFFERs |    1 |     0 |       240 |  0.41 |
|   BUFGCE             |    1 |     0 |           |       |
| BUFG_GT_SYNC         |    0 |     0 |        55 |  0.00 |
| BUFG_GT              |    0 |     0 |       120 |  0.00 |
| PLLE3_ADV            |    0 |     0 |        20 |  0.00 |
| MMCME3_ADV           |    0 |     0 |        10 |  0.00 |
+----------------------+------+-------+-----------+-------+
* Note: Each used BUFGCTRL counts as two global buffer resources.


7. ADVANCED
-----------

+-----------------+------+-------+-----------+-------+
|    Site Type    | Used | Fixed | Available | Util% |
+-----------------+------+-------+-----------+-------+
| GTHE3_CHANNEL   |    0 |     0 |        20 |  0.00 |
| GTHE3_COMMON    |    0 |     0 |         5 |  0.00 |
| IBUFDS_GTE3     |    0 |     0 |         5 |  0.00 |
| OBUFDS_GTE3     |    0 |     0 |         5 |  0.00 |
| OBUFDS_GTE3_ADV |    0 |     0 |         5 |  0.00 |
| PCIE_3_1        |    0 |     0 |         3 |  0.00 |
| SYSMONE1        |    0 |     0 |         1 |  0.00 |
+-----------------+------+-------+-----------+-------+


8. CONFIGURATION
----------------

+-----------+------+-------+-----------+-------+
| Site Type | Used | Fixed | Available | Util% |
+-----------+------+-------+-----------+-------+
| BSCANE2   |    0 |     0 |         4 |  0.00 |
| EFUSE_USR |    0 |     0 |         1 |  0.00 |
+-----------+------+-------+-----------+-------+


9. Primitives
-------------

+----------+-------+---------------------+
| Ref Name |  Used | Functional Category |
+----------+-------+---------------------+
| FDRE     | 14564 |            Register |
| LUT5     | 11528 |                 CLB |
| LUT6     | 10546 |                 CLB |
| LUT3     | 10327 |                 CLB |
| LUT4     |  9509 |                 CLB |
| LUT2     |  6842 |                 CLB |
| LUT1     |  4269 |                 CLB |
| CARRY8   |  3964 |                 CLB |
| SRLC32E  |  1178 |                 CLB |
| SRL16E   |   482 |                 CLB |
| FDCE     |   373 |            Register |
| FDSE     |   293 |            Register |
| RAMB36E2 |   152 |           Block Ram |
| DSP48E2  |   104 |          Arithmetic |
| MUXF7    |    68 |                 CLB |
| INBUF    |    36 |                 I/O |
| IBUFCTRL |    36 |              Others |
| OBUF     |    33 |                 I/O |
| RAMB18E2 |     4 |           Block Ram |
| MUXF8    |     1 |                 CLB |
| BUFGCE   |     1 |               Clock |
+----------+-------+---------------------+


10. Black Boxes
---------------

+----------+------+
| Ref Name | Used |
+----------+------+


11. Instantiated Netlists
-------------------------

+----------+------+
| Ref Name | Used |
+----------+------+


