Copyright 1986-2014 Xilinx, Inc. All Rights Reserved.
------------------------------------------------------------------------------------
| Tool Version : Vivado v.2014.3 (lin64) Build 1034051 Fri Oct  3 16:32:59 MDT 2014
| Date         : Sat Mar 21 08:27:38 2015
| Host         : artois running 64-bit Ubuntu 12.04.4 LTS
| Command      : report_timing -file postPlace.timing.rpt
| Design       : LU64PEEng
| Device       : 7vx330t-ffg1157
| Speed File   : -3  PRODUCTION 1.11 2014-03-13
------------------------------------------------------------------------------------

Timing Report

Slack (MET) :             0.445ns  (required time - arrival time)
  Source:                 compBlock/rec/d_man_reg[1]/C
                            (rising edge-triggered cell FDRE clocked by clk  {rise@0.000ns fall@22.500ns period=45.000ns})
  Destination:            compBlock/multOperand_reg[20]_rep__2/D
                            (rising edge-triggered cell FDRE clocked by clk  {rise@0.000ns fall@22.500ns period=45.000ns})
  Path Group:             clk
  Path Type:              Setup (Max at Slow Process Corner)
  Requirement:            45.000ns  (clk rise@45.000ns - clk rise@0.000ns)
  Data Path Delay:        44.453ns  (logic 13.434ns (30.221%)  route 31.019ns (69.779%))
  Logic Levels:           136  (CARRY4=87 LUT1=1 LUT3=3 LUT4=4 LUT5=20 LUT6=21)
  Clock Path Skew:        -0.098ns (DCD - SCD + CPR)
    Destination Clock Delay (DCD):    2.863ns = ( 47.863 - 45.000 ) 
    Source Clock Delay      (SCD):    3.164ns
    Clock Pessimism Removal (CPR):    0.203ns
  Clock Uncertainty:      0.035ns  ((TSJ^2 + TIJ^2)^1/2 + DJ) / 2 + PE
    Total System Jitter     (TSJ):    0.071ns
    Total Input Jitter      (TIJ):    0.000ns
    Discrete Jitter          (DJ):    0.000ns
    Phase Error              (PE):    0.000ns

    Location             Delay type                Incr(ns)  Path(ns)    Netlist Resource(s)
  -------------------------------------------------------------------    -------------------
                         (clock clk rise edge)        0.000     0.000 r  
    R31                                               0.000     0.000 r  clk
                         net (fo=0)                   0.000     0.000    clk
    R31                  IBUF (Prop_ibuf_I_O)         0.557     0.557 r  clk_IBUF_inst/O
                         net (fo=1, estimated)        1.267     1.824    clk_IBUF
    BUFGCTRL_X0Y16       BUFG (Prop_bufg_I_O)         0.080     1.904 r  clk_IBUF_BUFG_inst/O
                         net (fo=34808, estimated)    1.260     3.164    compBlock/rec/clk
    SLICE_X51Y107                                                     r  compBlock/rec/d_man_reg[1]/C
  -------------------------------------------------------------------    -------------------
    SLICE_X51Y107        FDRE (Prop_fdre_C_Q)         0.216     3.380 f  compBlock/rec/d_man_reg[1]/Q
                         net (fo=70, estimated)       0.381     3.761    compBlock/rec/d_man[1]
    SLICE_X51Y106        LUT1 (Prop_lut1_I0_O)        0.043     3.804 r  compBlock/rec/multOperand[30]_i_737/O
                         net (fo=1, routed)           0.000     3.804    compBlock/rec/n_0_multOperand[30]_i_737
    SLICE_X51Y106        CARRY4 (Prop_carry4_S[1]_CO[3])
                                                      0.257     4.061 r  compBlock/rec/multOperand_reg[30]_i_637/CO[3]
                         net (fo=1, estimated)        0.000     4.061    compBlock/rec/n_0_multOperand_reg[30]_i_637
    SLICE_X51Y107        CARRY4 (Prop_carry4_CI_O[3])
                                                      0.145     4.206 r  compBlock/rec/multOperand_reg[30]_i_508/O[3]
                         net (fo=8, estimated)        0.729     4.935    compBlock/rec/divide/numer220[7]
    SLICE_X53Y110        LUT5 (Prop_lut5_I3_O)        0.120     5.055 r  compBlock/rec/multOperand[30]_i_311/O
                         net (fo=1, routed)           0.000     5.055    compBlock/rec/n_0_multOperand[30]_i_311
    SLICE_X53Y110        CARRY4 (Prop_carry4_S[0]_CO[3])
                                                      0.251     5.306 r  compBlock/rec/multOperand_reg[30]_i_139/CO[3]
                         net (fo=1, estimated)        0.000     5.306    compBlock/rec/n_0_multOperand_reg[30]_i_139
    SLICE_X53Y111        CARRY4 (Prop_carry4_CI_CO[3])
                                                      0.049     5.355 r  compBlock/rec/multOperand_reg[30]_i_59/CO[3]
                         net (fo=1, estimated)        0.000     5.355    compBlock/rec/n_0_multOperand_reg[30]_i_59
    SLICE_X53Y112        CARRY4 (Prop_carry4_CI_CO[0])
                                                      0.127     5.482 r  compBlock/rec/multOperand_reg[30]_i_16/CO[0]
                         net (fo=180, estimated)      0.713     6.195    compBlock/rec/O1[17]
    SLICE_X49Y109        LUT4 (Prop_lut4_I1_O)        0.130     6.325 r  compBlock/rec/multOperand[30]_i_624/O
                         net (fo=2, estimated)        0.479     6.804    compBlock/rec/n_0_multOperand[30]_i_624
    SLICE_X51Y112        LUT4 (Prop_lut4_I1_O)        0.043     6.847 r  compBlock/rec/multOperand[30]_i_479/O
                         net (fo=1, routed)           0.000     6.847    compBlock/rec/n_0_multOperand[30]_i_479
    SLICE_X51Y112        CARRY4 (Prop_carry4_S[2]_CO[3])
                                                      0.188     7.035 r  compBlock/rec/multOperand_reg[30]_i_278/CO[3]
                         net (fo=1, estimated)        0.000     7.035    compBlock/rec/n_0_multOperand_reg[30]_i_278
    SLICE_X51Y113        CARRY4 (Prop_carry4_CI_CO[3])
                                                      0.049     7.084 r  compBlock/rec/multOperand_reg[30]_i_129/CO[3]
                         net (fo=1, estimated)        0.000     7.084    compBlock/rec/n_0_multOperand_reg[30]_i_129
    SLICE_X51Y114        CARRY4 (Prop_carry4_CI_CO[3])
                                                      0.049     7.133 r  compBlock/rec/multOperand_reg[30]_i_56/CO[3]
                         net (fo=1, estimated)        0.000     7.133    compBlock/rec/n_0_multOperand_reg[30]_i_56
    SLICE_X51Y115        CARRY4 (Prop_carry4_CI_CO[0])
                                                      0.127     7.260 r  compBlock/rec/multOperand_reg[30]_i_15/CO[0]
                         net (fo=143, estimated)      0.482     7.742    compBlock/rec/O1[16]
    SLICE_X49Y110        LUT6 (Prop_lut6_I1_O)        0.130     7.872 r  compBlock/rec/multOperand[30]_i_557/O
                         net (fo=10, estimated)       0.478     8.350    compBlock/rec/n_0_multOperand[30]_i_557
    SLICE_X52Y111        LUT4 (Prop_lut4_I0_O)        0.043     8.393 r  compBlock/rec/multOperand[30]_i_362/O
                         net (fo=1, estimated)        0.268     8.661    compBlock/rec/n_0_multOperand[30]_i_362
    SLICE_X52Y112        CARRY4 (Prop_carry4_DI[2]_CO[3])
                                                      0.191     8.852 r  compBlock/rec/multOperand_reg[30]_i_183/CO[3]
                         net (fo=1, estimated)        0.000     8.852    compBlock/rec/n_0_multOperand_reg[30]_i_183
    SLICE_X52Y113        CARRY4 (Prop_carry4_CI_CO[3])
                                                      0.049     8.901 r  compBlock/rec/multOperand_reg[30]_i_89/CO[3]
                         net (fo=1, estimated)        0.000     8.901    compBlock/rec/n_0_multOperand_reg[30]_i_89
    SLICE_X52Y114        CARRY4 (Prop_carry4_CI_CO[3])
                                                      0.049     8.950 r  compBlock/rec/multOperand_reg[30]_i_39/CO[3]
                         net (fo=1, estimated)        0.000     8.950    compBlock/rec/n_0_multOperand_reg[30]_i_39
    SLICE_X52Y115        CARRY4 (Prop_carry4_CI_CO[1])
                                                      0.075     9.025 r  compBlock/rec/multOperand_reg[30]_i_12/CO[1]
                         net (fo=185, estimated)      0.528     9.553    compBlock/rec/O1[15]
    SLICE_X51Y115        LUT3 (Prop_lut3_I1_O)        0.128     9.681 f  compBlock/rec/multOperand[30]_i_465/O
                         net (fo=1, estimated)        0.407    10.088    compBlock/rec/n_0_multOperand[30]_i_465
    SLICE_X51Y116        LUT5 (Prop_lut5_I0_O)        0.131    10.219 r  compBlock/rec/multOperand[30]_i_267/O
                         net (fo=1, estimated)        0.170    10.389    compBlock/rec/n_0_multOperand[30]_i_267
    SLICE_X50Y115        CARRY4 (Prop_carry4_DI[0]_CO[3])
                                                      0.276    10.665 r  compBlock/rec/multOperand_reg[30]_i_119/CO[3]
                         net (fo=1, estimated)        0.000    10.665    compBlock/rec/n_0_multOperand_reg[30]_i_119
    SLICE_X50Y116        CARRY4 (Prop_carry4_CI_CO[3])
                                                      0.050    10.715 r  compBlock/rec/multOperand_reg[30]_i_51/CO[3]
                         net (fo=1, estimated)        0.000    10.715    compBlock/rec/n_0_multOperand_reg[30]_i_51
    SLICE_X50Y117        CARRY4 (Prop_carry4_CI_CO[1])
                                                      0.074    10.789 r  compBlock/rec/multOperand_reg[30]_i_14/CO[1]
                         net (fo=165, estimated)      0.560    11.349    compBlock/rec/O1[14]
    SLICE_X54Y115        LUT5 (Prop_lut5_I1_O)        0.120    11.469 f  compBlock/rec/multOperand[30]_i_589/O
                         net (fo=2, estimated)        0.318    11.787    compBlock/rec/n_0_multOperand[30]_i_589
    SLICE_X53Y118        LUT4 (Prop_lut4_I2_O)        0.043    11.830 r  compBlock/rec/multOperand[30]_i_413/O
                         net (fo=1, estimated)        0.316    12.146    compBlock/rec/n_0_multOperand[30]_i_413
    SLICE_X49Y118        CARRY4 (Prop_carry4_DI[3]_CO[3])
                                                      0.184    12.330 r  compBlock/rec/multOperand_reg[30]_i_215/CO[3]
                         net (fo=1, estimated)        0.000    12.330    compBlock/rec/n_0_multOperand_reg[30]_i_215
    SLICE_X49Y119        CARRY4 (Prop_carry4_CI_CO[3])
                                                      0.049    12.379 r  compBlock/rec/multOperand_reg[30]_i_103/CO[3]
                         net (fo=1, estimated)        0.000    12.379    compBlock/rec/n_0_multOperand_reg[30]_i_103
    SLICE_X49Y120        CARRY4 (Prop_carry4_CI_CO[3])
                                                      0.049    12.428 r  compBlock/rec/multOperand_reg[30]_i_44/CO[3]
                         net (fo=1, estimated)        0.000    12.428    compBlock/rec/n_0_multOperand_reg[30]_i_44
    SLICE_X49Y121        CARRY4 (Prop_carry4_CI_CO[2])
                                                      0.107    12.535 r  compBlock/rec/multOperand_reg[30]_i_13/CO[2]
                         net (fo=191, estimated)      0.503    13.038    compBlock/rec/O1[13]
    SLICE_X46Y121        LUT3 (Prop_lut3_I1_O)        0.123    13.161 f  compBlock/rec/multOperand[23]_i_170/O
                         net (fo=5, estimated)        0.556    13.717    compBlock/rec/n_0_multOperand[23]_i_170
    SLICE_X48Y124        LUT5 (Prop_lut5_I0_O)        0.043    13.760 r  compBlock/rec/multOperand[23]_i_63/O
                         net (fo=1, estimated)        0.258    14.018    compBlock/rec/n_0_multOperand[23]_i_63
    SLICE_X51Y125        CARRY4 (Prop_carry4_DI[3]_CO[3])
                                                      0.184    14.202 r  compBlock/rec/multOperand_reg[23]_i_14/CO[3]
                         net (fo=1, estimated)        0.000    14.202    compBlock/rec/n_0_multOperand_reg[23]_i_14
    SLICE_X51Y126        CARRY4 (Prop_carry4_CI_CO[2])
                                                      0.107    14.309 r  compBlock/rec/multOperand_reg[23]_i_5/CO[2]
                         net (fo=177, estimated)      0.624    14.933    compBlock/rec/O1[12]
    SLICE_X53Y118        LUT5 (Prop_lut5_I1_O)        0.123    15.056 r  compBlock/rec/multOperand[23]_i_411/O
                         net (fo=9, estimated)        0.333    15.389    compBlock/rec/n_0_multOperand[23]_i_411
    SLICE_X53Y118        LUT6 (Prop_lut6_I0_O)        0.043    15.432 r  compBlock/rec/multOperand[23]_i_437/O
                         net (fo=1, estimated)        0.259    15.691    compBlock/rec/n_0_multOperand[23]_i_437
    SLICE_X53Y120        CARRY4 (Prop_carry4_DI[3]_CO[3])
                                                      0.184    15.875 r  compBlock/rec/multOperand_reg[23]_i_241/CO[3]
                         net (fo=1, estimated)        0.000    15.875    compBlock/rec/n_0_multOperand_reg[23]_i_241
    SLICE_X53Y121        CARRY4 (Prop_carry4_CI_CO[3])
                                                      0.049    15.924 r  compBlock/rec/multOperand_reg[23]_i_100/CO[3]
                         net (fo=1, estimated)        0.000    15.924    compBlock/rec/n_0_multOperand_reg[23]_i_100
    SLICE_X53Y122        CARRY4 (Prop_carry4_CI_CO[3])
                                                      0.049    15.973 r  compBlock/rec/multOperand_reg[23]_i_30/CO[3]
                         net (fo=1, estimated)        0.000    15.973    compBlock/rec/n_0_multOperand_reg[23]_i_30
    SLICE_X53Y123        CARRY4 (Prop_carry4_CI_CO[3])
                                                      0.049    16.022 r  compBlock/rec/multOperand_reg[23]_i_7/CO[3]
                         net (fo=201, estimated)      0.494    16.516    compBlock/rec/div_man[16]
    SLICE_X51Y120        LUT5 (Prop_lut5_I1_O)        0.043    16.559 f  compBlock/rec/multOperand[23]_i_408/O
                         net (fo=5, estimated)        0.537    17.096    compBlock/rec/n_0_multOperand[23]_i_408
    SLICE_X52Y117        LUT6 (Prop_lut6_I5_O)        0.043    17.139 r  compBlock/rec/multOperand[23]_i_195/O
                         net (fo=1, estimated)        0.343    17.482    compBlock/rec/n_0_multOperand[23]_i_195
    SLICE_X55Y121        CARRY4 (Prop_carry4_DI[2]_CO[3])
                                                      0.191    17.673 r  compBlock/rec/multOperand_reg[23]_i_79/CO[3]
                         net (fo=1, estimated)        0.000    17.673    compBlock/rec/n_0_multOperand_reg[23]_i_79
    SLICE_X55Y122        CARRY4 (Prop_carry4_CI_CO[3])
                                                      0.049    17.722 r  compBlock/rec/multOperand_reg[23]_i_21/CO[3]
                         net (fo=1, estimated)        0.000    17.722    compBlock/rec/n_0_multOperand_reg[23]_i_21
    SLICE_X55Y123        CARRY4 (Prop_carry4_CI_CO[3])
                                                      0.049    17.771 r  compBlock/rec/multOperand_reg[23]_i_6/CO[3]
                         net (fo=187, estimated)      0.527    18.298    compBlock/rec/div_man[15]
    SLICE_X55Y117        LUT5 (Prop_lut5_I1_O)        0.043    18.341 r  compBlock/rec/multOperand[22]_i_162/O
                         net (fo=9, estimated)        0.348    18.689    compBlock/rec/n_0_multOperand[22]_i_162
    SLICE_X55Y118        LUT6 (Prop_lut6_I0_O)        0.043    18.732 r  compBlock/rec/multOperand[22]_i_91/O
                         net (fo=1, estimated)        0.308    19.040    compBlock/rec/n_0_multOperand[22]_i_91
    SLICE_X57Y124        CARRY4 (Prop_carry4_DI[0]_CO[3])
                                                      0.262    19.302 r  compBlock/rec/multOperand_reg[22]_i_41/CO[3]
                         net (fo=1, estimated)        0.007    19.309    compBlock/rec/n_0_multOperand_reg[22]_i_41
    SLICE_X57Y125        CARRY4 (Prop_carry4_CI_CO[3])
                                                      0.049    19.358 r  compBlock/rec/multOperand_reg[22]_i_18/CO[3]
                         net (fo=1, estimated)        0.000    19.358    compBlock/rec/n_0_multOperand_reg[22]_i_18
    SLICE_X57Y126        CARRY4 (Prop_carry4_CI_CO[3])
                                                      0.049    19.407 r  compBlock/rec/multOperand_reg[22]_i_10/CO[3]
                         net (fo=1, estimated)        0.000    19.407    compBlock/rec/n_0_multOperand_reg[22]_i_10
    SLICE_X57Y127        CARRY4 (Prop_carry4_CI_CO[0])
                                                      0.127    19.534 r  compBlock/rec/multOperand_reg[22]_i_5/CO[0]
                         net (fo=212, estimated)      0.443    19.977    compBlock/rec/O1[11]
    SLICE_X55Y124        LUT5 (Prop_lut5_I1_O)        0.130    20.107 r  compBlock/rec/multOperand[30]_i_525/O
                         net (fo=9, estimated)        0.587    20.694    compBlock/rec/n_0_multOperand[30]_i_525
    SLICE_X56Y114        LUT6 (Prop_lut6_I0_O)        0.043    20.737 r  compBlock/rec/multOperand[30]_i_317/O
                         net (fo=1, estimated)        0.336    21.073    compBlock/rec/n_0_multOperand[30]_i_317
    SLICE_X57Y118        CARRY4 (Prop_carry4_DI[0]_CO[3])
                                                      0.262    21.335 r  compBlock/rec/multOperand_reg[30]_i_158/CO[3]
                         net (fo=1, estimated)        0.000    21.335    compBlock/rec/n_0_multOperand_reg[30]_i_158
    SLICE_X57Y119        CARRY4 (Prop_carry4_CI_CO[3])
                                                      0.049    21.384 r  compBlock/rec/multOperand_reg[30]_i_81/CO[3]
                         net (fo=1, estimated)        0.000    21.384    compBlock/rec/n_0_multOperand_reg[30]_i_81
    SLICE_X57Y120        CARRY4 (Prop_carry4_CI_CO[0])
                                                      0.127    21.511 r  compBlock/rec/multOperand_reg[30]_i_37/CO[0]
                         net (fo=196, estimated)      0.498    22.009    compBlock/rec/O1[10]
    SLICE_X60Y116        LUT5 (Prop_lut5_I1_O)        0.130    22.139 r  compBlock/rec/multOperand[14]_i_302/O
                         net (fo=9, estimated)        0.506    22.645    compBlock/rec/n_0_multOperand[14]_i_302
    SLICE_X59Y112        LUT6 (Prop_lut6_I0_O)        0.043    22.688 r  compBlock/rec/multOperand[30]_i_547/O
                         net (fo=1, estimated)        0.245    22.933    compBlock/rec/n_0_multOperand[30]_i_547
    SLICE_X58Y114        CARRY4 (Prop_carry4_DI[0]_CO[3])
                                                      0.276    23.209 r  compBlock/rec/multOperand_reg[30]_i_340/CO[3]
                         net (fo=1, estimated)        0.000    23.209    compBlock/rec/n_0_multOperand_reg[30]_i_340
    SLICE_X58Y115        CARRY4 (Prop_carry4_CI_CO[3])
                                                      0.050    23.259 r  compBlock/rec/multOperand_reg[30]_i_171/CO[3]
                         net (fo=1, estimated)        0.000    23.259    compBlock/rec/n_0_multOperand_reg[30]_i_171
    SLICE_X58Y116        CARRY4 (Prop_carry4_CI_CO[3])
                                                      0.050    23.309 r  compBlock/rec/multOperand_reg[30]_i_84/CO[3]
                         net (fo=1, estimated)        0.000    23.309    compBlock/rec/n_0_multOperand_reg[30]_i_84
    SLICE_X58Y117        CARRY4 (Prop_carry4_CI_CO[1])
                                                      0.074    23.383 r  compBlock/rec/multOperand_reg[30]_i_38/CO[1]
                         net (fo=218, estimated)      0.773    24.156    compBlock/rec/O1[9]
    SLICE_X56Y127        LUT3 (Prop_lut3_I1_O)        0.120    24.276 f  compBlock/rec/multOperand[14]_i_144/O
                         net (fo=2, estimated)        0.487    24.763    compBlock/rec/n_0_multOperand[14]_i_144
    SLICE_X58Y118        LUT6 (Prop_lut6_I5_O)        0.043    24.806 r  compBlock/rec/multOperand[14]_i_64/O
                         net (fo=1, estimated)        0.173    24.979    compBlock/rec/n_0_multOperand[14]_i_64
    SLICE_X59Y117        CARRY4 (Prop_carry4_DI[2]_CO[3])
                                                      0.191    25.170 r  compBlock/rec/multOperand_reg[14]_i_27/CO[3]
                         net (fo=1, estimated)        0.000    25.170    compBlock/rec/n_0_multOperand_reg[14]_i_27
    SLICE_X59Y118        CARRY4 (Prop_carry4_CI_CO[1])
                                                      0.075    25.245 r  compBlock/rec/multOperand_reg[14]_i_10/CO[1]
                         net (fo=206, estimated)      0.368    25.613    compBlock/rec/O1[8]
    SLICE_X61Y116        LUT5 (Prop_lut5_I1_O)        0.118    25.731 r  compBlock/rec/multOperand[14]_i_248/O
                         net (fo=9, estimated)        0.278    26.009    compBlock/rec/n_0_multOperand[14]_i_248
    SLICE_X62Y115        LUT6 (Prop_lut6_I0_O)        0.043    26.052 r  compBlock/rec/multOperand[14]_i_153/O
                         net (fo=1, estimated)        0.363    26.415    compBlock/rec/n_0_multOperand[14]_i_153
    SLICE_X62Y121        CARRY4 (Prop_carry4_DI[0]_CO[3])
                                                      0.276    26.691 r  compBlock/rec/multOperand_reg[14]_i_72/CO[3]
                         net (fo=1, estimated)        0.000    26.691    compBlock/rec/n_0_multOperand_reg[14]_i_72
    SLICE_X62Y122        CARRY4 (Prop_carry4_CI_CO[3])
                                                      0.050    26.741 r  compBlock/rec/multOperand_reg[14]_i_32/CO[3]
                         net (fo=1, estimated)        0.000    26.741    compBlock/rec/n_0_multOperand_reg[14]_i_32
    SLICE_X62Y123        CARRY4 (Prop_carry4_CI_CO[3])
                                                      0.050    26.791 r  compBlock/rec/multOperand_reg[14]_i_13/CO[3]
                         net (fo=1, estimated)        0.000    26.791    compBlock/rec/n_0_multOperand_reg[14]_i_13
    SLICE_X62Y124        CARRY4 (Prop_carry4_CI_CO[2])
                                                      0.107    26.898 r  compBlock/rec/multOperand_reg[14]_i_8/CO[2]
                         net (fo=227, estimated)      0.516    27.414    compBlock/rec/O1[7]
    SLICE_X63Y118        LUT5 (Prop_lut5_I1_O)        0.122    27.536 r  compBlock/rec/multOperand[23]_i_476/O
                         net (fo=9, estimated)        0.263    27.799    compBlock/rec/n_0_multOperand[23]_i_476
    SLICE_X63Y116        LUT6 (Prop_lut6_I1_O)        0.043    27.842 r  compBlock/rec/multOperand[14]_i_114/O
                         net (fo=1, estimated)        0.415    28.257    compBlock/rec/n_0_multOperand[14]_i_114
    SLICE_X64Y121        CARRY4 (Prop_carry4_DI[0]_CO[3])
                                                      0.262    28.519 r  compBlock/rec/multOperand_reg[14]_i_49/CO[3]
                         net (fo=1, estimated)        0.000    28.519    compBlock/rec/n_0_multOperand_reg[14]_i_49
    SLICE_X64Y122        CARRY4 (Prop_carry4_CI_CO[3])
                                                      0.049    28.568 r  compBlock/rec/multOperand_reg[14]_i_20/CO[3]
                         net (fo=1, estimated)        0.000    28.568    compBlock/rec/n_0_multOperand_reg[14]_i_20
    SLICE_X64Y123        CARRY4 (Prop_carry4_CI_CO[2])
                                                      0.107    28.675 r  compBlock/rec/multOperand_reg[14]_i_9/CO[2]
                         net (fo=204, estimated)      0.608    29.283    compBlock/rec/O1[6]
    SLICE_X65Y117        LUT5 (Prop_lut5_I1_O)        0.123    29.406 f  compBlock/rec/multOperand[23]_i_477/O
                         net (fo=5, estimated)        0.576    29.982    compBlock/rec/n_0_multOperand[23]_i_477
    SLICE_X62Y125        LUT6 (Prop_lut6_I5_O)        0.043    30.025 r  compBlock/rec/multOperand[23]_i_259/O
                         net (fo=1, estimated)        0.178    30.203    compBlock/rec/n_0_multOperand[23]_i_259
    SLICE_X64Y126        CARRY4 (Prop_carry4_DI[1]_CO[3])
                                                      0.242    30.445 r  compBlock/rec/multOperand_reg[23]_i_113/CO[3]
                         net (fo=1, estimated)        0.000    30.445    compBlock/rec/n_0_multOperand_reg[23]_i_113
    SLICE_X64Y127        CARRY4 (Prop_carry4_CI_CO[3])
                                                      0.049    30.494 r  compBlock/rec/multOperand_reg[23]_i_40/CO[3]
                         net (fo=1, estimated)        0.000    30.494    compBlock/rec/n_0_multOperand_reg[23]_i_40
    SLICE_X64Y128        CARRY4 (Prop_carry4_CI_CO[3])
                                                      0.049    30.543 r  compBlock/rec/multOperand_reg[23]_i_9/CO[3]
                         net (fo=235, estimated)      0.605    31.148    compBlock/rec/div_man[8]
    SLICE_X65Y116        LUT5 (Prop_lut5_I1_O)        0.043    31.191 r  compBlock/rec/multOperand[23]_i_715/O
                         net (fo=9, estimated)        0.418    31.609    compBlock/rec/n_0_multOperand[23]_i_715
    SLICE_X66Y117        LUT6 (Prop_lut6_I0_O)        0.043    31.652 r  compBlock/rec/multOperand[23]_i_551/O
                         net (fo=1, estimated)        0.378    32.030    compBlock/rec/n_0_multOperand[23]_i_551
    SLICE_X67Y125        CARRY4 (Prop_carry4_DI[0]_CO[3])
                                                      0.262    32.292 r  compBlock/rec/multOperand_reg[23]_i_328/CO[3]
                         net (fo=1, estimated)        0.000    32.292    compBlock/rec/n_0_multOperand_reg[23]_i_328
    SLICE_X67Y126        CARRY4 (Prop_carry4_CI_CO[3])
                                                      0.049    32.341 r  compBlock/rec/multOperand_reg[23]_i_145/CO[3]
                         net (fo=1, estimated)        0.000    32.341    compBlock/rec/n_0_multOperand_reg[23]_i_145
    SLICE_X67Y127        CARRY4 (Prop_carry4_CI_CO[3])
                                                      0.049    32.390 r  compBlock/rec/multOperand_reg[23]_i_52/CO[3]
                         net (fo=1, estimated)        0.000    32.390    compBlock/rec/n_0_multOperand_reg[23]_i_52
    SLICE_X67Y128        CARRY4 (Prop_carry4_CI_CO[3])
                                                      0.049    32.439 r  compBlock/rec/multOperand_reg[23]_i_11/CO[3]
                         net (fo=209, estimated)      0.663    33.102    compBlock/rec/div_man[7]
    SLICE_X65Y129        LUT5 (Prop_lut5_I1_O)        0.043    33.145 f  compBlock/rec/multOperand[23]_i_524/O
                         net (fo=6, estimated)        0.661    33.806    compBlock/rec/n_0_multOperand[23]_i_524
    SLICE_X66Y118        LUT6 (Prop_lut6_I5_O)        0.043    33.849 r  compBlock/rec/multOperand[23]_i_301/O
                         net (fo=1, estimated)        0.262    34.111    compBlock/rec/n_0_multOperand[23]_i_301
    SLICE_X67Y121        CARRY4 (Prop_carry4_DI[3]_CO[3])
                                                      0.184    34.295 r  compBlock/rec/multOperand_reg[23]_i_133/CO[3]
                         net (fo=1, estimated)        0.000    34.295    compBlock/rec/n_0_multOperand_reg[23]_i_133
    SLICE_X67Y122        CARRY4 (Prop_carry4_CI_CO[3])
                                                      0.049    34.344 r  compBlock/rec/multOperand_reg[23]_i_49/CO[3]
                         net (fo=1, estimated)        0.000    34.344    compBlock/rec/n_0_multOperand_reg[23]_i_49
    SLICE_X67Y123        CARRY4 (Prop_carry4_CI_CO[0])
                                                      0.127    34.471 r  compBlock/rec/multOperand_reg[23]_i_10/CO[0]
                         net (fo=240, estimated)      0.636    35.107    compBlock/rec/O1[5]
    SLICE_X74Y125        LUT5 (Prop_lut5_I1_O)        0.130    35.237 r  compBlock/rec/multOperand[22]_i_189/O
                         net (fo=10, estimated)       0.622    35.859    compBlock/rec/n_0_multOperand[22]_i_189
    SLICE_X69Y117        LUT6 (Prop_lut6_I0_O)        0.043    35.902 r  compBlock/rec/multOperand[22]_i_119/O
                         net (fo=1, estimated)        0.259    36.161    compBlock/rec/n_0_multOperand[22]_i_119
    SLICE_X69Y120        CARRY4 (Prop_carry4_DI[2]_CO[3])
                                                      0.191    36.352 r  compBlock/rec/multOperand_reg[22]_i_62/CO[3]
                         net (fo=1, estimated)        0.000    36.352    compBlock/rec/n_0_multOperand_reg[22]_i_62
    SLICE_X69Y121        CARRY4 (Prop_carry4_CI_CO[3])
                                                      0.049    36.401 r  compBlock/rec/multOperand_reg[22]_i_28/CO[3]
                         net (fo=1, estimated)        0.000    36.401    compBlock/rec/n_0_multOperand_reg[22]_i_28
    SLICE_X69Y122        CARRY4 (Prop_carry4_CI_CO[3])
                                                      0.049    36.450 r  compBlock/rec/multOperand_reg[22]_i_14/CO[3]
                         net (fo=1, estimated)        0.000    36.450    compBlock/rec/n_0_multOperand_reg[22]_i_14
    SLICE_X69Y123        CARRY4 (Prop_carry4_CI_CO[0])
                                                      0.127    36.577 r  compBlock/rec/multOperand_reg[22]_i_7/CO[0]
                         net (fo=217, estimated)      0.509    37.086    compBlock/rec/O1[4]
    SLICE_X71Y116        LUT5 (Prop_lut5_I1_O)        0.130    37.216 r  compBlock/rec/multOperand[16]_i_159/O
                         net (fo=9, estimated)        0.506    37.722    compBlock/rec/n_0_multOperand[16]_i_159
    SLICE_X74Y118        LUT6 (Prop_lut6_I0_O)        0.043    37.765 r  compBlock/rec/multOperand[5]_i_151/O
                         net (fo=1, estimated)        0.464    38.229    compBlock/rec/n_0_multOperand[5]_i_151
    SLICE_X74Y127        CARRY4 (Prop_carry4_DI[2]_CO[3])
                                                      0.196    38.425 r  compBlock/rec/multOperand_reg[5]_i_105/CO[3]
                         net (fo=1, estimated)        0.000    38.425    compBlock/rec/n_0_multOperand_reg[5]_i_105
    SLICE_X74Y128        CARRY4 (Prop_carry4_CI_CO[3])
                                                      0.050    38.475 r  compBlock/rec/multOperand_reg[5]_i_56/CO[3]
                         net (fo=1, estimated)        0.000    38.475    compBlock/rec/n_0_multOperand_reg[5]_i_56
    SLICE_X74Y129        CARRY4 (Prop_carry4_CI_CO[3])
                                                      0.050    38.525 r  compBlock/rec/multOperand_reg[5]_i_29/CO[3]
                         net (fo=1, estimated)        0.000    38.525    compBlock/rec/n_0_multOperand_reg[5]_i_29
    SLICE_X74Y130        CARRY4 (Prop_carry4_CI_CO[3])
                                                      0.050    38.575 r  compBlock/rec/multOperand_reg[5]_i_12/CO[3]
                         net (fo=1, estimated)        0.000    38.575    compBlock/rec/n_0_multOperand_reg[5]_i_12
    SLICE_X74Y131        CARRY4 (Prop_carry4_CI_CO[1])
                                                      0.074    38.649 r  compBlock/rec/multOperand_reg[5]_i_6/CO[1]
                         net (fo=254, estimated)      0.637    39.286    compBlock/rec/O1[3]
    SLICE_X75Y118        LUT5 (Prop_lut5_I1_O)        0.120    39.406 r  compBlock/rec/multOperand[8]_i_142/O
                         net (fo=9, estimated)        0.426    39.832    compBlock/rec/n_0_multOperand[8]_i_142
    SLICE_X71Y116        LUT6 (Prop_lut6_I0_O)        0.043    39.875 r  compBlock/rec/multOperand[5]_i_125/O
                         net (fo=1, estimated)        0.406    40.281    compBlock/rec/n_0_multOperand[5]_i_125
    SLICE_X72Y123        CARRY4 (Prop_carry4_DI[1]_CO[3])
                                                      0.245    40.526 r  compBlock/rec/multOperand_reg[5]_i_69/CO[3]
                         net (fo=1, estimated)        0.000    40.526    compBlock/rec/n_0_multOperand_reg[5]_i_69
    SLICE_X72Y124        CARRY4 (Prop_carry4_CI_CO[3])
                                                      0.050    40.576 r  compBlock/rec/multOperand_reg[5]_i_39/CO[3]
                         net (fo=1, estimated)        0.007    40.583    compBlock/rec/n_0_multOperand_reg[5]_i_39
    SLICE_X72Y125        CARRY4 (Prop_carry4_CI_CO[3])
                                                      0.050    40.633 r  compBlock/rec/multOperand_reg[5]_i_17/CO[3]
                         net (fo=1, estimated)        0.000    40.633    compBlock/rec/n_0_multOperand_reg[5]_i_17
    SLICE_X72Y126        CARRY4 (Prop_carry4_CI_CO[3])
                                                      0.050    40.683 r  compBlock/rec/multOperand_reg[5]_i_7/CO[3]
                         net (fo=1, estimated)        0.000    40.683    compBlock/rec/n_0_multOperand_reg[5]_i_7
    SLICE_X72Y127        CARRY4 (Prop_carry4_CI_CO[1])
                                                      0.074    40.757 r  compBlock/rec/multOperand_reg[5]_i_5/CO[1]
                         net (fo=222, estimated)      0.702    41.459    compBlock/rec/O1[2]
    SLICE_X74Y125        LUT5 (Prop_lut5_I1_O)        0.120    41.579 f  compBlock/rec/multOperand[16]_i_76/O
                         net (fo=5, estimated)        0.650    42.229    compBlock/rec/n_0_multOperand[16]_i_76
    SLICE_X73Y115        LUT6 (Prop_lut6_I5_O)        0.043    42.272 r  compBlock/rec/multOperand[8]_i_29/O
                         net (fo=1, estimated)        0.272    42.544    compBlock/rec/n_0_multOperand[8]_i_29
    SLICE_X72Y119        CARRY4 (Prop_carry4_DI[3]_CO[3])
                                                      0.187    42.731 r  compBlock/rec/multOperand_reg[8]_i_14/CO[3]
                         net (fo=1, estimated)        0.000    42.731    compBlock/rec/n_0_multOperand_reg[8]_i_14
    SLICE_X72Y120        CARRY4 (Prop_carry4_CI_CO[3])
                                                      0.050    42.781 r  compBlock/rec/multOperand_reg[8]_i_7/CO[3]
                         net (fo=1, estimated)        0.000    42.781    compBlock/rec/n_0_multOperand_reg[8]_i_7
    SLICE_X72Y121        CARRY4 (Prop_carry4_CI_CO[2])
                                                      0.107    42.888 r  compBlock/rec/multOperand_reg[8]_i_4/CO[2]
                         net (fo=191, estimated)      0.457    43.345    compBlock/rec/O1[1]
    SLICE_X78Y120        LUT5 (Prop_lut5_I1_O)        0.122    43.467 r  compBlock/rec/multOperand[0]_i_145/O
                         net (fo=5, estimated)        0.371    43.838    compBlock/rec/n_0_multOperand[0]_i_145
    SLICE_X77Y117        LUT6 (Prop_lut6_I0_O)        0.043    43.881 r  compBlock/rec/multOperand[16]_i_108/O
                         net (fo=1, estimated)        0.269    44.150    compBlock/rec/n_0_multOperand[16]_i_108
    SLICE_X74Y120        CARRY4 (Prop_carry4_DI[3]_CO[3])
                                                      0.187    44.337 r  compBlock/rec/multOperand_reg[16]_i_67/CO[3]
                         net (fo=1, estimated)        0.000    44.337    compBlock/rec/n_0_multOperand_reg[16]_i_67
    SLICE_X74Y121        CARRY4 (Prop_carry4_CI_CO[3])
                                                      0.050    44.387 r  compBlock/rec/multOperand_reg[16]_i_32/CO[3]
                         net (fo=1, estimated)        0.000    44.387    compBlock/rec/n_0_multOperand_reg[16]_i_32
    SLICE_X74Y122        CARRY4 (Prop_carry4_CI_CO[3])
                                                      0.050    44.437 r  compBlock/rec/multOperand_reg[16]_i_18/CO[3]
                         net (fo=1, estimated)        0.000    44.437    compBlock/rec/n_0_multOperand_reg[16]_i_18
    SLICE_X74Y123        CARRY4 (Prop_carry4_CI_CO[3])
                                                      0.050    44.487 r  compBlock/rec/multOperand_reg[16]_i_11/CO[3]
                         net (fo=1, estimated)        0.000    44.487    compBlock/rec/n_0_multOperand_reg[16]_i_11
    SLICE_X74Y124        CARRY4 (Prop_carry4_CI_CO[2])
                                                      0.107    44.594 r  compBlock/rec/multOperand_reg[16]_i_8/CO[2]
                         net (fo=88, estimated)       0.394    44.988    compBlock/rec/O1[0]
    SLICE_X77Y118        LUT5 (Prop_lut5_I1_O)        0.122    45.110 r  compBlock/rec/multOperand[0]_i_196/O
                         net (fo=2, estimated)        0.331    45.441    compBlock/rec/n_0_multOperand[0]_i_196
    SLICE_X74Y115        LUT6 (Prop_lut6_I0_O)        0.043    45.484 r  compBlock/rec/multOperand[0]_i_165/O
                         net (fo=1, estimated)        0.306    45.790    compBlock/rec/n_0_multOperand[0]_i_165
    SLICE_X75Y120        CARRY4 (Prop_carry4_DI[3]_CO[3])
                                                      0.184    45.974 r  compBlock/rec/multOperand_reg[0]_i_128/CO[3]
                         net (fo=1, estimated)        0.000    45.974    compBlock/rec/n_0_multOperand_reg[0]_i_128
    SLICE_X75Y121        CARRY4 (Prop_carry4_CI_CO[3])
                                                      0.049    46.023 r  compBlock/rec/multOperand_reg[0]_i_85/CO[3]
                         net (fo=1, estimated)        0.000    46.023    compBlock/rec/n_0_multOperand_reg[0]_i_85
    SLICE_X75Y122        CARRY4 (Prop_carry4_CI_CO[3])
                                                      0.049    46.072 r  compBlock/rec/multOperand_reg[0]_i_43/CO[3]
                         net (fo=1, estimated)        0.000    46.072    compBlock/rec/n_0_multOperand_reg[0]_i_43
    SLICE_X75Y123        CARRY4 (Prop_carry4_CI_CO[3])
                                                      0.049    46.121 r  compBlock/rec/multOperand_reg[0]_i_18/CO[3]
                         net (fo=1, estimated)        0.000    46.121    compBlock/rec/n_0_multOperand_reg[0]_i_18
    SLICE_X75Y124        CARRY4 (Prop_carry4_CI_CO[3])
                                                      0.049    46.170 r  compBlock/rec/multOperand_reg[0]_i_4/CO[3]
                         net (fo=1, estimated)        0.007    46.177    compBlock/rec/n_0_multOperand_reg[0]_i_4
    SLICE_X75Y125        CARRY4 (Prop_carry4_CI_CO[3])
                                                      0.049    46.226 r  compBlock/rec/multOperand_reg[0]_i_2/CO[3]
                         net (fo=29, estimated)       0.530    46.756    compBlock/rec/div_man[0]
    SLICE_X76Y134        LUT6 (Prop_lut6_I1_O)        0.043    46.799 r  compBlock/rec/multOperand[20]_i_9/O
                         net (fo=1, estimated)        0.089    46.888    compBlock/rec/n_0_multOperand[20]_i_9
    SLICE_X76Y134        LUT6 (Prop_lut6_I1_O)        0.043    46.931 r  compBlock/rec/multOperand[20]_i_3/O
                         net (fo=6, estimated)        0.643    47.574    compBlock/rec/n_0_multOperand[20]_i_3
    SLICE_X71Y115        LUT6 (Prop_lut6_I2_O)        0.043    47.617 r  compBlock/rec/multOperand[20]_rep__2_i_1/O
                         net (fo=1, routed)           0.000    47.617    compBlock/n_146_rec
    SLICE_X71Y115        FDRE                                         r  compBlock/multOperand_reg[20]_rep__2/D
  -------------------------------------------------------------------    -------------------

                         (clock clk rise edge)       45.000    45.000 r  
    R31                                               0.000    45.000 r  clk
                         net (fo=0)                   0.000    45.000    clk
    R31                  IBUF (Prop_ibuf_I_O)         0.443    45.443 r  clk_IBUF_inst/O
                         net (fo=1, estimated)        1.204    46.647    clk_IBUF
    BUFGCTRL_X0Y16       BUFG (Prop_bufg_I_O)         0.072    46.719 r  clk_IBUF_BUFG_inst/O
                         net (fo=34808, estimated)    1.144    47.863    compBlock/clk
    SLICE_X71Y115                                                     r  compBlock/multOperand_reg[20]_rep__2/C
                         clock pessimism              0.203    48.066    
                         clock uncertainty           -0.035    48.031    
    SLICE_X71Y115        FDRE (Setup_fdre_C_D)        0.031    48.062    compBlock/multOperand_reg[20]_rep__2
  -------------------------------------------------------------------
                         required time                         48.062    
                         arrival time                         -47.617    
  -------------------------------------------------------------------
                         slack                                  0.445    




