Copyright 1986-2014 Xilinx, Inc. All Rights Reserved.
------------------------------------------------------------------------------------
| Tool Version : Vivado v.2014.3 (lin64) Build 1034051 Fri Oct  3 16:32:59 MDT 2014
| Date         : Wed Apr  8 18:44:10 2015
| Host         : paasei running 64-bit Scientific Linux release 6.5 (Carbon)
| Command      : report_timing -file postRoute.timing.rpt
| Design       : mkSMAdapter4B
| Device       : xcku035-ffva1156
| Speed File   : -3  PREVIEW 1.10 09-18-2014
------------------------------------------------------------------------------------

Timing Report

Slack (VIOLATED) :        -1.188ns  (required time - arrival time)
  Source:                 fabWordsCurReq_reg[11]/C
                            (rising edge-triggered cell FDRE clocked by wciS0_Clk  {rise@0.000ns fall@0.500ns period=1.000ns})
  Destination:            fabWordsCurReq_reg[10]/CE
                            (rising edge-triggered cell FDRE clocked by wciS0_Clk  {rise@0.000ns fall@0.500ns period=1.000ns})
  Path Group:             wciS0_Clk
  Path Type:              Setup (Max at Slow Process Corner)
  Requirement:            1.000ns  (wciS0_Clk rise@1.000ns - wciS0_Clk rise@0.000ns)
  Data Path Delay:        2.036ns  (logic 0.711ns (34.921%)  route 1.325ns (65.079%))
  Logic Levels:           4  (CARRY8=1 LUT4=1 LUT5=1 LUT6=1)
  Clock Path Skew:        -0.079ns (DCD - SCD + CPR)
    Destination Clock Delay (DCD):    2.343ns = ( 3.343 - 1.000 ) 
    Source Clock Delay      (SCD):    2.920ns
    Clock Pessimism Removal (CPR):    0.498ns
  Clock Uncertainty:      0.035ns  ((TSJ^2 + TIJ^2)^1/2 + DJ) / 2 + PE
    Total System Jitter     (TSJ):    0.071ns
    Total Input Jitter      (TIJ):    0.000ns
    Discrete Jitter          (DJ):    0.000ns
    Phase Error              (PE):    0.000ns
  Clock Net Delay (Source):      1.973ns (routing 0.919ns, distribution 1.054ns)
  Clock Net Delay (Destination): 1.771ns (routing 0.839ns, distribution 0.932ns)

    Location             Delay type                Incr(ns)  Path(ns)    Netlist Resource(s)
  -------------------------------------------------------------------    -------------------
                         (clock wciS0_Clk rise edge)
                                                      0.000     0.000 r  
    G9                                                0.000     0.000 r  wciS0_Clk
                         net (fo=0)                   0.000     0.000    wciS0_Clk_IBUF_inst/I
    G9                   INBUF (Prop_INBUF_PAD_O)     0.528     0.528 r  wciS0_Clk_IBUF_inst/INBUF_INST/O
                         net (fo=1, routed)           0.033     0.561    wciS0_Clk_IBUF_inst/OUT
    G9                   IBUFCTRL (Prop_IBUFCTRL_I_O)
                                                      0.000     0.561 r  wciS0_Clk_IBUF_inst/IBUFCTRL_INST/O
                         net (fo=1, routed)           0.319     0.880    wciS0_Clk_IBUF
    BUFGCE_X1Y48         BUFGCE (Prop_BUFGCE_I_O)     0.067     0.947 r  wciS0_Clk_IBUF_BUFG_inst/O
    X1Y1 (CLOCK_ROOT)    net (fo=805, routed)         1.973     2.920    wciS0_Clk_IBUF_BUFG
    SLICE_X28Y136                                                     r  fabWordsCurReq_reg[11]/C
  -------------------------------------------------------------------    -------------------
    SLICE_X28Y136        FDRE (Prop_FDRE_C_Q)         0.102     3.022 r  fabWordsCurReq_reg[11]/Q
                         net (fo=5, routed)           0.379     3.401    fabWordsCurReq__0[11]
    SLICE_X30Y138        LUT6 (Prop_LUT6_I3_O)        0.154     3.555 r  wmi_reqF_q_1[27]_i_5/O
                         net (fo=1, routed)           0.000     3.555    n_0_wmi_reqF_q_1[27]_i_5
    SLICE_X30Y138        CARRY8 (Prop_CARRY8_S[3]_CO[4])
                                                      0.220     3.775 r  wmi_reqF_q_1_reg[27]_i_3/CO[4]
                         net (fo=14, routed)          0.180     3.955    x__h18884
    SLICE_X31Y138        LUT4 (Prop_LUT4_I2_O)        0.114     4.069 r  fabRespCredit_value[1]_i_2/O
                         net (fo=74, routed)          0.367     4.436    n_0_fabRespCredit_value[1]_i_2
    SLICE_X28Y135        LUT5 (Prop_LUT5_I0_O)        0.121     4.557 r  fabWordsCurReq[13]_i_1/O
                         net (fo=16, routed)          0.399     4.956    WILL_FIRE_RL_wmrd_mesgBodyPreRequest
    SLICE_X33Y136        FDRE                                         r  fabWordsCurReq_reg[10]/CE
  -------------------------------------------------------------------    -------------------

                         (clock wciS0_Clk rise edge)
                                                      1.000     1.000 r  
    G9                                                0.000     1.000 r  wciS0_Clk
                         net (fo=0)                   0.000     1.000    wciS0_Clk_IBUF_inst/I
    G9                   INBUF (Prop_INBUF_PAD_O)     0.218     1.218 r  wciS0_Clk_IBUF_inst/INBUF_INST/O
                         net (fo=1, routed)           0.027     1.245    wciS0_Clk_IBUF_inst/OUT
    G9                   IBUFCTRL (Prop_IBUFCTRL_I_O)
                                                      0.000     1.245 r  wciS0_Clk_IBUF_inst/IBUFCTRL_INST/O
                         net (fo=1, routed)           0.268     1.513    wciS0_Clk_IBUF
    BUFGCE_X1Y48         BUFGCE (Prop_BUFGCE_I_O)     0.059     1.572 r  wciS0_Clk_IBUF_BUFG_inst/O
    X1Y1 (CLOCK_ROOT)    net (fo=805, routed)         1.771     3.343    wciS0_Clk_IBUF_BUFG
    SLICE_X33Y136                                                     r  fabWordsCurReq_reg[10]/C
                         clock pessimism              0.498     3.841    
                         clock uncertainty           -0.035     3.806    
    SLICE_X33Y136        FDRE (Setup_FDRE_C_CE)      -0.038     3.768    fabWordsCurReq_reg[10]
  -------------------------------------------------------------------
                         required time                          3.768    
                         arrival time                          -4.956    
  -------------------------------------------------------------------
                         slack                                 -1.188    




