Copyright 1986-2014 Xilinx, Inc. All Rights Reserved.
------------------------------------------------------------------------------------
| Tool Version : Vivado v.2014.3 (lin64) Build 1034051 Fri Oct  3 16:32:59 MDT 2014
| Date         : Wed Apr  8 18:14:20 2015
| Host         : paasei running 64-bit Scientific Linux release 6.5 (Carbon)
| Command      : report_timing -file postPlace.timing.rpt
| Design       : LU8PEEng
| Device       : xcku035-ffva1156
| Speed File   : -3  PREVIEW 1.10 09-18-2014
------------------------------------------------------------------------------------

Timing Report

Slack (MET) :             0.766ns  (required time - arrival time)
  Source:                 compBlock/rec/d_man_reg[1]/C
                            (rising edge-triggered cell FDRE clocked by clk  {rise@0.000ns fall@19.250ns period=38.500ns})
  Destination:            compBlock/multOperand_reg[20]/D
                            (rising edge-triggered cell FDRE clocked by clk  {rise@0.000ns fall@19.250ns period=38.500ns})
  Path Group:             clk
  Path Type:              Setup (Max at Slow Process Corner)
  Requirement:            38.500ns  (clk rise@38.500ns - clk rise@0.000ns)
  Data Path Delay:        37.620ns  (logic 12.838ns (34.125%)  route 24.782ns (65.875%))
  Logic Levels:           114  (CARRY8=57 LUT2=1 LUT3=2 LUT4=2 LUT5=30 LUT6=22)
  Clock Path Skew:        -0.125ns (DCD - SCD + CPR)
    Destination Clock Delay (DCD):    2.874ns = ( 41.374 - 38.500 ) 
    Source Clock Delay      (SCD):    3.241ns
    Clock Pessimism Removal (CPR):    0.242ns
  Clock Uncertainty:      0.035ns  ((TSJ^2 + TIJ^2)^1/2 + DJ) / 2 + PE
    Total System Jitter     (TSJ):    0.071ns
    Total Input Jitter      (TIJ):    0.000ns
    Discrete Jitter          (DJ):    0.000ns
    Phase Error              (PE):    0.000ns
  Clock Net Delay (Source):      2.222ns (routing 0.922ns, distribution 1.300ns)
  Clock Net Delay (Destination): 2.017ns (routing 0.842ns, distribution 1.175ns)

    Location             Delay type                Incr(ns)  Path(ns)    Netlist Resource(s)
  -------------------------------------------------------------------    -------------------
                         (clock clk rise edge)        0.000     0.000 r  
    AG12                                              0.000     0.000 r  clk
                         net (fo=0)                   0.000     0.000    clk_IBUF_inst/I
    AG12                 INBUF (Prop_INBUF_PAD_O)     0.559     0.559 r  clk_IBUF_inst/INBUF_INST/O
                         net (fo=1, routed)           0.035     0.594    clk_IBUF_inst/OUT
    AG12                 IBUFCTRL (Prop_IBUFCTRL_I_O)
                                                      0.039     0.633 r  clk_IBUF_inst/IBUFCTRL_INST/O
                         net (fo=1, estimated)        0.319     0.952    clk_IBUF
    BUFGCE_X1Y0          BUFGCE (Prop_BUFGCE_I_O)     0.067     1.019 r  clk_IBUF_BUFG_inst/O
    X0Y1 (CLOCK_ROOT)    net (fo=4985, estimated)     2.222     3.241    compBlock/rec/clk_IBUF_BUFG
    SLICE_X34Y110                                                     r  compBlock/rec/d_man_reg[1]/C
  -------------------------------------------------------------------    -------------------
    SLICE_X34Y110        FDRE (Prop_FDRE_C_Q)         0.102     3.343 f  compBlock/rec/d_man_reg[1]/Q
                         net (fo=70, estimated)       0.157     3.500    compBlock/rec/d_man[1]
    SLICE_X33Y110        LUT2 (Prop_LUT2_I0_O)        0.062     3.562 r  compBlock/rec/multOperand[30]_i_22/O
                         net (fo=1, routed)           0.002     3.564    compBlock/rec/n_0_multOperand[30]_i_22
    SLICE_X33Y110        CARRY8 (Prop_CARRY8_S[0]_CO[7])
                                                      0.321     3.885 r  compBlock/rec/multOperand_reg[30]_i_7/CO[7]
                         net (fo=1, estimated)        0.000     3.885    compBlock/rec/n_0_multOperand_reg[30]_i_7
    SLICE_X33Y111        CARRY8 (Prop_CARRY8_CI_CO[3])
                                                      0.084     3.969 r  compBlock/rec/multOperand_reg[30]_i_3/CO[3]
                         net (fo=227, estimated)      0.315     4.284    compBlock/rec/I71[0]
    SLICE_X34Y110        LUT5 (Prop_LUT5_I2_O)        0.090     4.374 r  compBlock/rec/multOperand[23]_i_23/O
                         net (fo=1, routed)           0.002     4.376    compBlock/rec/n_0_multOperand[23]_i_23
    SLICE_X34Y110        CARRY8 (Prop_CARRY8_DI[1]_CO[7])
                                                      0.314     4.690 r  compBlock/rec/multOperand_reg[23]_i_4/CO[7]
                         net (fo=1, estimated)        0.000     4.690    compBlock/rec/n_0_multOperand_reg[23]_i_4
    SLICE_X34Y111        CARRY8 (Prop_CARRY8_CI_CO[4])
                                                      0.140     4.830 r  compBlock/rec/multOperand_reg[23]_i_2/CO[4]
                         net (fo=162, estimated)      0.416     5.246    rec/div_man[22]
    SLICE_X32Y113        LUT4 (Prop_LUT4_I1_O)        0.084     5.330 r  multOperand[22]_i_63/O
                         net (fo=1, estimated)        0.442     5.772    compBlock/rec/I154
    SLICE_X34Y115        LUT4 (Prop_LUT4_I1_O)        0.100     5.872 r  compBlock/rec/multOperand[22]_i_29/O
                         net (fo=1, routed)           0.001     5.873    compBlock/rec/n_0_multOperand[22]_i_29
    SLICE_X34Y115        CARRY8 (Prop_CARRY8_S[2]_CO[7])
                                                      0.317     6.190 r  compBlock/rec/multOperand_reg[22]_i_4/CO[7]
                         net (fo=1, estimated)        0.000     6.190    compBlock/rec/n_0_multOperand_reg[22]_i_4
    SLICE_X34Y116        CARRY8 (Prop_CARRY8_CI_CO[4])
                                                      0.140     6.330 r  compBlock/rec/multOperand_reg[22]_i_2/CO[4]
                         net (fo=134, estimated)      0.360     6.690    compBlock/O18[17]
    SLICE_X34Y111        LUT6 (Prop_LUT6_I1_O)        0.035     6.725 f  compBlock/multOperand[24]_i_47/O
                         net (fo=3, estimated)        0.353     7.078    compBlock/rec/O29
    SLICE_X33Y117        LUT5 (Prop_LUT5_I0_O)        0.102     7.180 r  compBlock/rec/multOperand[24]_i_21/O
                         net (fo=1, estimated)        0.530     7.710    compBlock/rec/n_0_multOperand[24]_i_21
    SLICE_X35Y117        CARRY8 (Prop_CARRY8_DI[5]_CO[7])
                                                      0.178     7.888 r  compBlock/rec/multOperand_reg[24]_i_5/CO[7]
                         net (fo=1, estimated)        0.000     7.888    compBlock/rec/n_0_multOperand_reg[24]_i_5
    SLICE_X35Y118        CARRY8 (Prop_CARRY8_CI_CO[5])
                                                      0.123     8.011 r  compBlock/rec/multOperand_reg[24]_i_3/CO[5]
                         net (fo=176, estimated)      0.388     8.399    compBlock/O18[16]
    SLICE_X36Y112        LUT5 (Prop_LUT5_I1_O)        0.037     8.436 r  compBlock/multOperand[19]_i_65/O
                         net (fo=9, estimated)        0.211     8.647    compBlock/rec/I28[4]
    SLICE_X36Y111        LUT6 (Prop_LUT6_I0_O)        0.035     8.682 r  compBlock/rec/multOperand[19]_i_23/O
                         net (fo=1, estimated)        0.395     9.077    compBlock/rec/n_0_multOperand[19]_i_23
    SLICE_X36Y113        CARRY8 (Prop_CARRY8_DI[2]_CO[7])
                                                      0.317     9.394 r  compBlock/rec/multOperand_reg[19]_i_4/CO[7]
                         net (fo=1, estimated)        0.000     9.394    compBlock/rec/n_0_multOperand_reg[19]_i_4
    SLICE_X36Y114        CARRY8 (Prop_CARRY8_CI_CO[5])
                                                      0.123     9.517 r  compBlock/rec/multOperand_reg[19]_i_2/CO[5]
                         net (fo=167, estimated)      0.382     9.899    rec/div_man[19]
    SLICE_X41Y112        LUT3 (Prop_LUT3_I1_O)        0.083     9.982 r  multOperand[23]_i_106/O
                         net (fo=1, estimated)        0.241    10.223    compBlock/rec/I53
    SLICE_X39Y110        LUT5 (Prop_LUT5_I2_O)        0.101    10.324 r  compBlock/rec/multOperand[23]_i_70/O
                         net (fo=1, estimated)        0.345    10.669    compBlock/rec/n_0_multOperand[23]_i_70
    SLICE_X38Y110        CARRY8 (Prop_CARRY8_DI[4]_CO[7])
                                                      0.184    10.853 r  compBlock/rec/multOperand_reg[23]_i_35/CO[7]
                         net (fo=1, estimated)        0.000    10.853    compBlock/rec/n_0_multOperand_reg[23]_i_35
    SLICE_X38Y111        CARRY8 (Prop_CARRY8_CI_CO[6])
                                                      0.147    11.000 r  compBlock/rec/multOperand_reg[23]_i_15/CO[6]
                         net (fo=189, estimated)      0.175    11.175    compBlock/O18[14]
    SLICE_X37Y111        LUT5 (Prop_LUT5_I1_O)        0.194    11.369 r  compBlock/multOperand[17]_i_52/O
                         net (fo=9, estimated)        0.264    11.633    compBlock/rec/I31[16]
    SLICE_X38Y112        LUT6 (Prop_LUT6_I0_O)        0.037    11.670 r  compBlock/rec/multOperand[17]_i_11/O
                         net (fo=1, estimated)        0.370    12.040    compBlock/rec/n_0_multOperand[17]_i_11
    SLICE_X38Y115        CARRY8 (Prop_CARRY8_DI[0]_CO[6])
                                                      0.268    12.308 r  compBlock/rec/multOperand_reg[17]_i_2/CO[6]
                         net (fo=179, estimated)      0.286    12.594    compBlock/O18[13]
    SLICE_X39Y114        LUT5 (Prop_LUT5_I1_O)        0.036    12.630 r  compBlock/multOperand[15]_i_72/O
                         net (fo=9, estimated)        0.186    12.816    compBlock/rec/I22[4]
    SLICE_X39Y110        LUT6 (Prop_LUT6_I0_O)        0.035    12.851 r  compBlock/rec/multOperand[17]_i_135/O
                         net (fo=1, estimated)        0.360    13.211    compBlock/rec/n_0_multOperand[17]_i_135
    SLICE_X39Y111        CARRY8 (Prop_CARRY8_DI[2]_CO[7])
                                                      0.317    13.528 r  compBlock/rec/multOperand_reg[17]_i_56/CO[7]
                         net (fo=1, estimated)        0.000    13.528    compBlock/rec/n_0_multOperand_reg[17]_i_56
    SLICE_X39Y112        CARRY8 (Prop_CARRY8_CI_CO[7])
                                                      0.043    13.571 r  compBlock/rec/multOperand_reg[17]_i_19/CO[7]
                         net (fo=193, estimated)      0.319    13.890    compBlock/rec/div_man[16]
    SLICE_X38Y117        LUT5 (Prop_LUT5_I1_O)        0.035    13.925 f  compBlock/rec/multOperand[15]_i_73/O
                         net (fo=9, estimated)        0.213    14.138    compBlock/rec/n_0_multOperand[15]_i_73
    SLICE_X38Y117        LUT6 (Prop_LUT6_I5_O)        0.037    14.175 r  compBlock/rec/multOperand[15]_i_27/O
                         net (fo=1, estimated)        0.632    14.807    compBlock/rec/n_0_multOperand[15]_i_27
    SLICE_X38Y118        CARRY8 (Prop_CARRY8_DI[3]_CO[7])
                                                      0.315    15.122 r  compBlock/rec/multOperand_reg[15]_i_4/CO[7]
                         net (fo=1, estimated)        0.000    15.122    compBlock/rec/n_0_multOperand_reg[15]_i_4
    SLICE_X38Y119        CARRY8 (Prop_CARRY8_CI_CO[7])
                                                      0.043    15.165 r  compBlock/rec/multOperand_reg[15]_i_2/CO[7]
                         net (fo=189, estimated)      0.405    15.570    compBlock/rec/div_man[15]
    SLICE_X33Y119        LUT5 (Prop_LUT5_I1_O)        0.035    15.605 r  compBlock/rec/multOperand[13]_i_102/O
                         net (fo=9, estimated)        0.184    15.789    compBlock/rec/n_0_multOperand[13]_i_102
    SLICE_X33Y119        LUT6 (Prop_LUT6_I0_O)        0.035    15.824 r  compBlock/rec/multOperand[15]_i_171/O
                         net (fo=1, estimated)        0.430    16.254    compBlock/rec/n_0_multOperand[15]_i_171
    SLICE_X36Y119        CARRY8 (Prop_CARRY8_DI[2]_CO[7])
                                                      0.317    16.571 r  compBlock/rec/multOperand_reg[15]_i_132/CO[7]
                         net (fo=1, estimated)        0.000    16.571    compBlock/rec/n_0_multOperand_reg[15]_i_132
    SLICE_X36Y120        CARRY8 (Prop_CARRY8_CI_CO[7])
                                                      0.043    16.614 r  compBlock/rec/multOperand_reg[15]_i_59/CO[7]
                         net (fo=1, estimated)        0.000    16.614    compBlock/rec/n_0_multOperand_reg[15]_i_59
    SLICE_X36Y121        CARRY8 (Prop_CARRY8_CI_CO[0])
                                                      0.105    16.719 r  compBlock/rec/multOperand_reg[15]_i_21/CO[0]
                         net (fo=203, estimated)      0.333    17.052    compBlock/rec/I79[0]
    SLICE_X36Y121        LUT5 (Prop_LUT5_I1_O)        0.037    17.089 f  compBlock/rec/multOperand[13]_i_104/O
                         net (fo=9, estimated)        0.270    17.359    compBlock/rec/n_0_multOperand[13]_i_104
    SLICE_X34Y120        LUT6 (Prop_LUT6_I5_O)        0.035    17.394 r  compBlock/rec/multOperand[13]_i_40/O
                         net (fo=1, estimated)        0.411    17.805    compBlock/rec/n_0_multOperand[13]_i_40
    SLICE_X35Y119        CARRY8 (Prop_CARRY8_DI[2]_CO[7])
                                                      0.317    18.122 r  compBlock/rec/multOperand_reg[13]_i_9/CO[7]
                         net (fo=1, estimated)        0.000    18.122    compBlock/rec/n_0_multOperand_reg[13]_i_9
    SLICE_X35Y120        CARRY8 (Prop_CARRY8_CI_CO[7])
                                                      0.043    18.165 r  compBlock/rec/multOperand_reg[13]_i_4/CO[7]
                         net (fo=1, estimated)        0.000    18.165    compBlock/rec/n_0_multOperand_reg[13]_i_4
    SLICE_X35Y121        CARRY8 (Prop_CARRY8_CI_CO[0])
                                                      0.105    18.270 r  compBlock/rec/multOperand_reg[13]_i_2/CO[0]
                         net (fo=203, estimated)      0.363    18.633    compBlock/rec/I78[0]
    SLICE_X37Y123        LUT5 (Prop_LUT5_I1_O)        0.036    18.669 r  compBlock/rec/multOperand[11]_i_126/O
                         net (fo=9, estimated)        0.210    18.879    compBlock/rec/n_0_multOperand[11]_i_126
    SLICE_X37Y124        LUT6 (Prop_LUT6_I0_O)        0.035    18.914 r  compBlock/rec/multOperand[13]_i_171/O
                         net (fo=1, estimated)        0.331    19.245    compBlock/rec/n_0_multOperand[13]_i_171
    SLICE_X37Y120        CARRY8 (Prop_CARRY8_DI[3]_CO[7])
                                                      0.315    19.560 r  compBlock/rec/multOperand_reg[13]_i_71/CO[7]
                         net (fo=1, estimated)        0.000    19.560    compBlock/rec/n_0_multOperand_reg[13]_i_71
    SLICE_X37Y121        CARRY8 (Prop_CARRY8_CI_CO[7])
                                                      0.043    19.603 r  compBlock/rec/multOperand_reg[13]_i_29/CO[7]
                         net (fo=1, estimated)        0.000    19.603    compBlock/rec/n_0_multOperand_reg[13]_i_29
    SLICE_X37Y122        CARRY8 (Prop_CARRY8_CI_CO[1])
                                                      0.068    19.671 r  compBlock/rec/multOperand_reg[13]_i_7/CO[1]
                         net (fo=212, estimated)      0.362    20.033    compBlock/rec/I82[0]
    SLICE_X38Y127        LUT5 (Prop_LUT5_I1_O)        0.037    20.070 f  compBlock/rec/multOperand[11]_i_71/O
                         net (fo=5, estimated)        0.358    20.428    compBlock/rec/n_0_multOperand[11]_i_71
    SLICE_X38Y127        LUT6 (Prop_LUT6_I5_O)        0.035    20.463 r  compBlock/rec/multOperand[11]_i_17/O
                         net (fo=1, estimated)        0.346    20.809    compBlock/rec/n_0_multOperand[11]_i_17
    SLICE_X38Y123        CARRY8 (Prop_CARRY8_DI[2]_CO[7])
                                                      0.317    21.126 r  compBlock/rec/multOperand_reg[11]_i_4/CO[7]
                         net (fo=1, estimated)        0.000    21.126    compBlock/rec/n_0_multOperand_reg[11]_i_4
    SLICE_X38Y124        CARRY8 (Prop_CARRY8_CI_CO[1])
                                                      0.068    21.194 r  compBlock/rec/multOperand_reg[11]_i_2/CO[1]
                         net (fo=206, estimated)      0.386    21.580    compBlock/rec/I81[0]
    SLICE_X40Y125        LUT5 (Prop_LUT5_I1_O)        0.037    21.617 f  compBlock/rec/multOperand[9]_i_73/O
                         net (fo=6, estimated)        0.215    21.832    compBlock/rec/n_0_multOperand[9]_i_73
    SLICE_X40Y126        LUT6 (Prop_LUT6_I5_O)        0.037    21.869 r  compBlock/rec/multOperand[11]_i_104/O
                         net (fo=1, estimated)        0.271    22.140    compBlock/rec/n_0_multOperand[11]_i_104
    SLICE_X41Y121        CARRY8 (Prop_CARRY8_DI[2]_CO[7])
                                                      0.317    22.457 r  compBlock/rec/multOperand_reg[11]_i_34/CO[7]
                         net (fo=1, estimated)        0.000    22.457    compBlock/rec/n_0_multOperand_reg[11]_i_34
    SLICE_X41Y122        CARRY8 (Prop_CARRY8_CI_CO[2])
                                                      0.102    22.559 r  compBlock/rec/multOperand_reg[11]_i_9/CO[2]
                         net (fo=226, estimated)      0.263    22.822    compBlock/rec/I85[0]
    SLICE_X42Y122        LUT5 (Prop_LUT5_I1_O)        0.035    22.857 r  compBlock/rec/multOperand[9]_i_77/O
                         net (fo=9, estimated)        0.390    23.247    compBlock/rec/n_0_multOperand[9]_i_77
    SLICE_X41Y114        LUT6 (Prop_LUT6_I0_O)        0.035    23.282 r  compBlock/rec/multOperand[9]_i_20/O
                         net (fo=1, estimated)        0.366    23.648    compBlock/rec/n_0_multOperand[9]_i_20
    SLICE_X42Y114        CARRY8 (Prop_CARRY8_DI[1]_CO[7])
                                                      0.316    23.964 r  compBlock/rec/multOperand_reg[9]_i_4/CO[7]
                         net (fo=1, estimated)        0.000    23.964    compBlock/rec/n_0_multOperand_reg[9]_i_4
    SLICE_X42Y115        CARRY8 (Prop_CARRY8_CI_CO[2])
                                                      0.102    24.066 r  compBlock/rec/multOperand_reg[9]_i_2/CO[2]
                         net (fo=215, estimated)      0.362    24.428    compBlock/rec/I84[0]
    SLICE_X42Y120        LUT5 (Prop_LUT5_I1_O)        0.035    24.463 r  compBlock/rec/multOperand[7]_i_160/O
                         net (fo=9, estimated)        0.381    24.844    compBlock/rec/n_0_multOperand[7]_i_160
    SLICE_X42Y115        LUT6 (Prop_LUT6_I0_O)        0.037    24.881 r  compBlock/rec/multOperand[9]_i_180/O
                         net (fo=1, estimated)        0.341    25.222    compBlock/rec/n_0_multOperand[9]_i_180
    SLICE_X42Y116        CARRY8 (Prop_CARRY8_DI[3]_CO[7])
                                                      0.315    25.537 r  compBlock/rec/multOperand_reg[9]_i_108/CO[7]
                         net (fo=1, estimated)        0.000    25.537    compBlock/rec/n_0_multOperand_reg[9]_i_108
    SLICE_X42Y117        CARRY8 (Prop_CARRY8_CI_CO[7])
                                                      0.043    25.580 r  compBlock/rec/multOperand_reg[9]_i_38/CO[7]
                         net (fo=1, estimated)        0.000    25.580    compBlock/rec/n_0_multOperand_reg[9]_i_38
    SLICE_X42Y118        CARRY8 (Prop_CARRY8_CI_CO[3])
                                                      0.084    25.664 r  compBlock/rec/multOperand_reg[9]_i_11/CO[3]
                         net (fo=231, estimated)      0.386    26.050    compBlock/rec/I88[0]
    SLICE_X44Y119        LUT5 (Prop_LUT5_I1_O)        0.034    26.084 r  compBlock/rec/multOperand[7]_i_84/O
                         net (fo=9, estimated)        0.389    26.473    compBlock/rec/n_0_multOperand[7]_i_84
    SLICE_X47Y120        LUT6 (Prop_LUT6_I0_O)        0.035    26.508 r  compBlock/rec/multOperand[7]_i_22/O
                         net (fo=1, estimated)        0.265    26.773    compBlock/rec/n_0_multOperand[7]_i_22
    SLICE_X47Y119        CARRY8 (Prop_CARRY8_DI[1]_CO[7])
                                                      0.316    27.089 r  compBlock/rec/multOperand_reg[7]_i_4/CO[7]
                         net (fo=1, estimated)        0.000    27.089    compBlock/rec/n_0_multOperand_reg[7]_i_4
    SLICE_X47Y120        CARRY8 (Prop_CARRY8_CI_CO[3])
                                                      0.084    27.173 r  compBlock/rec/multOperand_reg[7]_i_2/CO[3]
                         net (fo=223, estimated)      0.401    27.574    compBlock/O18[5]
    SLICE_X45Y116        LUT5 (Prop_LUT5_I1_O)        0.035    27.609 r  compBlock/multOperand[5]_i_155/O
                         net (fo=9, estimated)        0.246    27.855    compBlock/rec/I113[6]
    SLICE_X45Y112        LUT6 (Prop_LUT6_I0_O)        0.035    27.890 r  compBlock/rec/multOperand[7]_i_217/O
                         net (fo=1, estimated)        0.363    28.253    compBlock/rec/n_0_multOperand[7]_i_217
    SLICE_X45Y114        CARRY8 (Prop_CARRY8_DI[3]_CO[7])
                                                      0.315    28.568 r  compBlock/rec/multOperand_reg[7]_i_134/CO[7]
                         net (fo=1, estimated)        0.000    28.568    compBlock/rec/n_0_multOperand_reg[7]_i_134
    SLICE_X45Y115        CARRY8 (Prop_CARRY8_CI_CO[7])
                                                      0.043    28.611 r  compBlock/rec/multOperand_reg[7]_i_43/CO[7]
                         net (fo=1, estimated)        0.000    28.611    compBlock/rec/n_0_multOperand_reg[7]_i_43
    SLICE_X45Y116        CARRY8 (Prop_CARRY8_CI_CO[4])
                                                      0.140    28.751 r  compBlock/rec/multOperand_reg[7]_i_13/CO[4]
                         net (fo=239, estimated)      0.411    29.162    compBlock/O18[4]
    SLICE_X46Y119        LUT5 (Prop_LUT5_I1_O)        0.035    29.197 r  compBlock/multOperand[5]_i_160/O
                         net (fo=9, estimated)        0.259    29.456    compBlock/rec/I126
    SLICE_X47Y121        LUT6 (Prop_LUT6_I0_O)        0.035    29.491 r  compBlock/rec/multOperand[5]_i_65/O
                         net (fo=1, estimated)        0.449    29.940    compBlock/rec/n_0_multOperand[5]_i_65
    SLICE_X44Y122        CARRY8 (Prop_CARRY8_DI[2]_CO[7])
                                                      0.317    30.257 r  compBlock/rec/multOperand_reg[5]_i_17/CO[7]
                         net (fo=1, estimated)        0.000    30.257    compBlock/rec/n_0_multOperand_reg[5]_i_17
    SLICE_X44Y123        CARRY8 (Prop_CARRY8_CI_CO[7])
                                                      0.043    30.300 r  compBlock/rec/multOperand_reg[5]_i_4/CO[7]
                         net (fo=1, estimated)        0.000    30.300    compBlock/rec/n_0_multOperand_reg[5]_i_4
    SLICE_X44Y124        CARRY8 (Prop_CARRY8_CI_CO[4])
                                                      0.140    30.440 r  compBlock/rec/multOperand_reg[5]_i_2/CO[4]
                         net (fo=231, estimated)      0.369    30.809    compBlock/O18[3]
    SLICE_X47Y121        LUT5 (Prop_LUT5_I1_O)        0.035    30.844 r  compBlock/multOperand[3]_i_183/O
                         net (fo=9, estimated)        0.248    31.092    compBlock/rec/I114[4]
    SLICE_X46Y123        LUT6 (Prop_LUT6_I0_O)        0.035    31.127 r  compBlock/rec/multOperand[5]_i_226/O
                         net (fo=1, estimated)        0.374    31.501    compBlock/rec/n_0_multOperand[5]_i_226
    SLICE_X42Y123        CARRY8 (Prop_CARRY8_DI[2]_CO[7])
                                                      0.317    31.818 r  compBlock/rec/multOperand_reg[5]_i_128/CO[7]
                         net (fo=1, estimated)        0.000    31.818    compBlock/rec/n_0_multOperand_reg[5]_i_128
    SLICE_X42Y124        CARRY8 (Prop_CARRY8_CI_CO[7])
                                                      0.043    31.861 r  compBlock/rec/multOperand_reg[5]_i_47/CO[7]
                         net (fo=1, estimated)        0.000    31.861    compBlock/rec/n_0_multOperand_reg[5]_i_47
    SLICE_X42Y125        CARRY8 (Prop_CARRY8_CI_CO[5])
                                                      0.123    31.984 r  compBlock/rec/multOperand_reg[5]_i_15/CO[5]
                         net (fo=243, estimated)      0.228    32.212    compBlock/O18[2]
    SLICE_X43Y125        LUT5 (Prop_LUT5_I1_O)        0.037    32.249 r  compBlock/multOperand[3]_i_184/O
                         net (fo=9, estimated)        0.212    32.461    compBlock/rec/I133
    SLICE_X42Y127        LUT6 (Prop_LUT6_I0_O)        0.037    32.498 r  compBlock/rec/multOperand[3]_i_70/O
                         net (fo=1, estimated)        0.469    32.967    compBlock/rec/n_0_multOperand[3]_i_70
    SLICE_X43Y129        CARRY8 (Prop_CARRY8_DI[2]_CO[7])
                                                      0.317    33.284 r  compBlock/rec/multOperand_reg[3]_i_18/CO[7]
                         net (fo=1, estimated)        0.000    33.284    compBlock/rec/n_0_multOperand_reg[3]_i_18
    SLICE_X43Y130        CARRY8 (Prop_CARRY8_CI_CO[7])
                                                      0.043    33.327 r  compBlock/rec/multOperand_reg[3]_i_4/CO[7]
                         net (fo=1, estimated)        0.000    33.327    compBlock/rec/n_0_multOperand_reg[3]_i_4
    SLICE_X43Y131        CARRY8 (Prop_CARRY8_CI_CO[5])
                                                      0.123    33.450 r  compBlock/rec/multOperand_reg[3]_i_2/CO[5]
                         net (fo=222, estimated)      0.272    33.722    compBlock/O18[1]
    SLICE_X44Y126        LUT5 (Prop_LUT5_I1_O)        0.035    33.757 r  compBlock/multOperand[1]_i_259/O
                         net (fo=8, estimated)        0.316    34.073    compBlock/rec/I115[6]
    SLICE_X47Y127        LUT6 (Prop_LUT6_I0_O)        0.036    34.109 r  compBlock/rec/multOperand[3]_i_251/O
                         net (fo=1, estimated)        0.273    34.382    compBlock/rec/n_0_multOperand[3]_i_251
    SLICE_X46Y127        CARRY8 (Prop_CARRY8_DI[3]_CO[7])
                                                      0.315    34.697 r  compBlock/rec/multOperand_reg[3]_i_152/CO[7]
                         net (fo=1, estimated)        0.000    34.697    compBlock/rec/n_0_multOperand_reg[3]_i_152
    SLICE_X46Y128        CARRY8 (Prop_CARRY8_CI_CO[7])
                                                      0.043    34.740 r  compBlock/rec/multOperand_reg[3]_i_50/CO[7]
                         net (fo=1, estimated)        0.000    34.740    compBlock/rec/n_0_multOperand_reg[3]_i_50
    SLICE_X46Y129        CARRY8 (Prop_CARRY8_CI_CO[6])
                                                      0.147    34.887 r  compBlock/rec/multOperand_reg[3]_i_17/CO[6]
                         net (fo=192, estimated)      0.300    35.187    compBlock/rec/O3[0]
    SLICE_X48Y129        LUT5 (Prop_LUT5_I1_O)        0.037    35.224 f  compBlock/rec/multOperand[1]_i_127/O
                         net (fo=4, estimated)        0.364    35.588    compBlock/rec/n_0_multOperand[1]_i_127
    SLICE_X46Y126        LUT6 (Prop_LUT6_I5_O)        0.035    35.623 r  compBlock/rec/multOperand[1]_i_42/O
                         net (fo=1, estimated)        0.332    35.955    compBlock/rec/n_0_multOperand[1]_i_42
    SLICE_X46Y122        CARRY8 (Prop_CARRY8_DI[2]_CO[7])
                                                      0.317    36.272 r  compBlock/rec/multOperand_reg[1]_i_4/CO[7]
                         net (fo=1, estimated)        0.000    36.272    compBlock/rec/n_0_multOperand_reg[1]_i_4
    SLICE_X46Y123        CARRY8 (Prop_CARRY8_CI_CO[6])
                                                      0.147    36.419 r  compBlock/rec/multOperand_reg[1]_i_2/CO[6]
                         net (fo=91, estimated)       0.469    36.888    compBlock/div_man[1]
    SLICE_X41Y130        LUT5 (Prop_LUT5_I1_O)        0.081    36.969 r  compBlock/multOperand[1]_i_315/O
                         net (fo=2, estimated)        0.103    37.072    compBlock/rec/I139
    SLICE_X41Y130        LUT6 (Prop_LUT6_I0_O)        0.035    37.107 r  compBlock/rec/multOperand[1]_i_193/O
                         net (fo=1, estimated)        0.443    37.550    compBlock/rec/n_0_multOperand[1]_i_193
    SLICE_X42Y129        CARRY8 (Prop_CARRY8_DI[3]_CO[7])
                                                      0.315    37.865 r  compBlock/rec/multOperand_reg[1]_i_70/CO[7]
                         net (fo=1, estimated)        0.000    37.865    compBlock/rec/n_0_multOperand_reg[1]_i_70
    SLICE_X42Y130        CARRY8 (Prop_CARRY8_CI_CO[7])
                                                      0.043    37.908 r  compBlock/rec/multOperand_reg[1]_i_19/CO[7]
                         net (fo=1, estimated)        0.000    37.908    compBlock/rec/n_0_multOperand_reg[1]_i_19
    SLICE_X42Y131        CARRY8 (Prop_CARRY8_CI_CO[7])
                                                      0.043    37.951 r  compBlock/rec/multOperand_reg[1]_i_3/CO[7]
                         net (fo=23, estimated)       0.341    38.292    compBlock/rec/O2[0]
    SLICE_X39Y130        LUT6 (Prop_LUT6_I3_O)        0.035    38.327 r  compBlock/rec/multOperand[20]_i_11/O
                         net (fo=1, estimated)        0.122    38.449    compBlock/rec/n_0_multOperand[20]_i_11
    SLICE_X37Y130        LUT5 (Prop_LUT5_I4_O)        0.034    38.483 r  compBlock/rec/multOperand[20]_i_10/O
                         net (fo=1, estimated)        0.112    38.595    compBlock/rec/n_0_multOperand[20]_i_10
    SLICE_X36Y130        LUT5 (Prop_LUT5_I4_O)        0.035    38.630 r  compBlock/rec/multOperand[20]_i_9/O
                         net (fo=1, estimated)        0.324    38.954    compBlock/rec/n_0_multOperand[20]_i_9
    SLICE_X36Y130        LUT5 (Prop_LUT5_I4_O)        0.034    38.988 r  compBlock/rec/multOperand[20]_i_8/O
                         net (fo=1, estimated)        0.218    39.206    compBlock/rec/n_0_multOperand[20]_i_8
    SLICE_X37Y131        LUT5 (Prop_LUT5_I4_O)        0.036    39.242 r  compBlock/rec/multOperand[20]_i_7/O
                         net (fo=1, estimated)        0.174    39.416    compBlock/rec/n_0_multOperand[20]_i_7
    SLICE_X36Y130        LUT5 (Prop_LUT5_I4_O)        0.037    39.453 r  compBlock/rec/multOperand[20]_i_6/O
                         net (fo=1, estimated)        0.138    39.591    compBlock/rec/n_0_multOperand[20]_i_6
    SLICE_X35Y130        LUT5 (Prop_LUT5_I4_O)        0.035    39.626 r  compBlock/rec/multOperand[20]_i_5/O
                         net (fo=1, estimated)        0.182    39.808    compBlock/rec/n_0_multOperand[20]_i_5
    SLICE_X35Y130        LUT5 (Prop_LUT5_I4_O)        0.037    39.845 r  compBlock/rec/multOperand[20]_i_4/O
                         net (fo=1, estimated)        0.351    40.196    compBlock/rec/n_0_multOperand[20]_i_4
    SLICE_X35Y129        LUT5 (Prop_LUT5_I4_O)        0.037    40.233 r  compBlock/rec/multOperand[20]_i_3/O
                         net (fo=1, estimated)        0.330    40.563    compBlock/conBlock/I69
    SLICE_X35Y128        LUT6 (Prop_LUT6_I1_O)        0.037    40.600 f  compBlock/conBlock/multOperand[20]_i_2/O
                         net (fo=1, estimated)        0.190    40.790    compBlock/conBlock/n_0_multOperand[20]_i_2
    SLICE_X34Y127        LUT3 (Prop_LUT3_I2_O)        0.035    40.825 r  compBlock/conBlock/multOperand[20]_i_1/O
                         net (fo=1, routed)           0.036    40.861    compBlock/n_82_conBlock
    SLICE_X34Y127        FDRE                                         r  compBlock/multOperand_reg[20]/D
  -------------------------------------------------------------------    -------------------

                         (clock clk rise edge)       38.500    38.500 r  
    AG12                                              0.000    38.500 r  clk
                         net (fo=0)                   0.000    38.500    clk_IBUF_inst/I
    AG12                 INBUF (Prop_INBUF_PAD_O)     0.451    38.951 r  clk_IBUF_inst/INBUF_INST/O
                         net (fo=1, routed)           0.029    38.980    clk_IBUF_inst/OUT
    AG12                 IBUFCTRL (Prop_IBUFCTRL_I_O)
                                                      0.023    39.003 r  clk_IBUF_inst/IBUFCTRL_INST/O
                         net (fo=1, estimated)        0.295    39.298    clk_IBUF
    BUFGCE_X1Y0          BUFGCE (Prop_BUFGCE_I_O)     0.059    39.357 r  clk_IBUF_BUFG_inst/O
    X0Y1 (CLOCK_ROOT)    net (fo=4985, estimated)     2.017    41.374    compBlock/clk_IBUF_BUFG
    SLICE_X34Y127                                                     r  compBlock/multOperand_reg[20]/C
                         clock pessimism              0.242    41.616    
                         clock uncertainty           -0.035    41.580    
    SLICE_X34Y127        FDRE (Setup_FDRE_C_D)        0.046    41.626    compBlock/multOperand_reg[20]
  -------------------------------------------------------------------
                         required time                         41.626    
                         arrival time                         -40.861    
  -------------------------------------------------------------------
                         slack                                  0.766    




