Copyright 1986-2014 Xilinx, Inc. All Rights Reserved.
------------------------------------------------------------------------------------
| Tool Version : Vivado v.2014.3 (lin64) Build 1034051 Fri Oct  3 16:32:59 MDT 2014
| Date         : Wed Apr  8 18:41:25 2015
| Host         : paasei running 64-bit Scientific Linux release 6.5 (Carbon)
| Command      : report_utilization -file postRoute.utilization.rpt
| Design       : sv_chip0_hierarchy_no_mem
| Device       : xcku035
| Design State : Routed
------------------------------------------------------------------------------------

Utilization Design Information

Table of Contents
-----------------
1. CLB Logic
1.1 Summary of Registers by Type
2. CLB Logic Distribution
3. BLOCKRAM
4. ARITHMETIC
5. I/O
6. CLOCK
7. ADVANCED
8. CONFIGURATION
9. Primitives
10. Black Boxes
11. Instantiated Netlists

1. CLB Logic
------------

+----------------------------+------+-------+-----------+-------+
|          Site Type         | Used | Fixed | Available | Util% |
+----------------------------+------+-------+-----------+-------+
| CLB LUTs                   | 4364 |     0 |    203128 |  2.14 |
|   LUT as Logic             | 3131 |     0 |    203128 |  1.54 |
|   LUT as Memory            | 1233 |     0 |    112800 |  1.09 |
|     LUT as Distributed RAM |    0 |     0 |           |       |
|     LUT as Shift Register  | 1233 |     0 |           |       |
| CLB Registers              | 8196 |     0 |    406256 |  2.01 |
|   Register as Flip Flop    | 8196 |     0 |    406256 |  2.01 |
|   Register as Latch        |    0 |     0 |    406256 |  0.00 |
| CARRY8                     |  368 |     0 |     30300 |  1.21 |
| F7 Muxes                   |    8 |     0 |    121200 | <0.01 |
| F8 Muxes                   |    0 |     0 |     60600 |  0.00 |
| F9 Muxes                   |    0 |     0 |     30300 |  0.00 |
+----------------------------+------+-------+-----------+-------+


1.1 Summary of Registers by Type
--------------------------------

+-------+--------------+-------------+--------------+
| Total | Clock Enable | Synchronous | Asynchronous |
+-------+--------------+-------------+--------------+
| 0     |            _ |           - |            - |
| 0     |            _ |           - |          Set |
| 0     |            _ |           - |        Reset |
| 0     |            _ |         Set |            - |
| 0     |            _ |       Reset |            - |
| 0     |          Yes |           - |            - |
| 0     |          Yes |           - |          Set |
| 0     |          Yes |           - |        Reset |
| 9     |          Yes |         Set |            - |
| 8187  |          Yes |       Reset |            - |
+-------+--------------+-------------+--------------+


2. CLB Logic Distribution
-------------------------

+-------------------------------------------------------------+----------+-------+-----------+-------+
|                          Site Type                          |   Used   | Fixed | Available | Util% |
+-------------------------------------------------------------+----------+-------+-----------+-------+
| CLB                                                         |     1013 |     0 |     30300 |  3.34 |
|   CLBL                                                      |      492 |     0 |           |       |
|   CLBM                                                      |      521 |     0 |           |       |
| LUT as Logic                                                |     3131 |     0 |    203128 |  1.54 |
|   using O5 output only                                      |        2 |       |           |       |
|   using O6 output only                                      |     2855 |       |           |       |
|   using O5 and O6                                           |      274 |       |           |       |
| LUT as Memory                                               |     1233 |     0 |    112800 |  1.09 |
|   LUT as Distributed RAM                                    |        0 |     0 |           |       |
|   LUT as Shift Register                                     |     1233 |     0 |           |       |
|     using O5 output only                                    |        0 |       |           |       |
|     using O6 output only                                    |     1210 |       |           |       |
|     using O5 and O6                                         |       23 |       |           |       |
| LUT Flip Flop Pairs                                         |     6090 |     0 |    203128 |  2.99 |
|   fully used LUT-FF pairs                                   |     3901 |       |           |       |
|   LUT-FF pairs with unused LUT                              |     1728 |       |           |       |
|   LUT-FF pairs with unused Flip Flop                        |      461 |       |           |       |
| Unique Control Sets                                         |       33 |       |           |       |
| Minimum number of registers lost to control set restriction | 12(Lost) |       |           |       |
+-------------------------------------------------------------+----------+-------+-----------+-------+


3. BLOCKRAM
-----------

+----------------+------+-------+-----------+-------+
|    Site Type   | Used | Fixed | Available | Util% |
+----------------+------+-------+-----------+-------+
| Block RAM Tile |    0 |     0 |       540 |  0.00 |
|   RAMB36/FIFO* |    0 |     0 |       540 |  0.00 |
|   RAMB18       |    0 |     0 |      1080 |  0.00 |
+----------------+------+-------+-----------+-------+
* Note: Each Block RAM Tile only has one FIFO logic available and therefore can accommodate only one FIFO36E2 or one FIFO18E2. However, if a FIFO18E2 occupies a Block RAM Tile, that tile can still accommodate a RAMB18E2


4. ARITHMETIC
-------------

+-----------+------+-------+-----------+-------+
| Site Type | Used | Fixed | Available | Util% |
+-----------+------+-------+-----------+-------+
| DSPs      |    0 |     0 |      1700 |  0.00 |
+-----------+------+-------+-----------+-------+


5. I/O
------

+------------------+------+-------+-----------+-------+
|     Site Type    | Used | Fixed | Available | Util% |
+------------------+------+-------+-----------+-------+
| Bonded IOB       |  366 |     0 |       520 | 70.38 |
| HPIOB            |  263 |     0 |       416 | 63.22 |
|   INPUT          |  103 |       |           |       |
|   OUTPUT         |  160 |       |           |       |
|   BIDIR          |    0 |       |           |       |
| HRIO             |  103 |     0 |       104 | 99.03 |
|   INPUT          |   66 |       |           |       |
|   OUTPUT         |   37 |       |           |       |
|   BIDIR          |    0 |       |           |       |
| HPIOBDIFFINBUF   |    0 |     0 |       192 |  0.00 |
| HPIOBDIFFOUTBUF  |    0 |     0 |       192 |  0.00 |
| HRIODIFFINBUF    |    0 |     0 |        48 |  0.00 |
| HRIODIFFOUTBUF   |    0 |     0 |        48 |  0.00 |
| BITSLICE_CONTROL |    0 |     0 |        80 |  0.00 |
| BITSLICE_RX_TX   |    0 |     0 |       520 |  0.00 |
| BITSLICE_TX      |    0 |     0 |        80 |  0.00 |
| RIU_OR           |    0 |     0 |        40 |  0.00 |
+------------------+------+-------+-----------+-------+


6. CLOCK
--------

+----------------------+------+-------+-----------+-------+
|       Site Type      | Used | Fixed | Available | Util% |
+----------------------+------+-------+-----------+-------+
| GLOBAL CLOCK BUFFERs |    1 |     0 |       240 |  0.41 |
|   BUFGCE             |    1 |     0 |           |       |
| BUFG_GT_SYNC         |    0 |     0 |        55 |  0.00 |
| BUFG_GT              |    0 |     0 |       120 |  0.00 |
| PLLE3_ADV            |    0 |     0 |        20 |  0.00 |
| MMCME3_ADV           |    0 |     0 |        10 |  0.00 |
+----------------------+------+-------+-----------+-------+
* Note: Each used BUFGCTRL counts as two global buffer resources.


7. ADVANCED
-----------

+-----------------+------+-------+-----------+-------+
|    Site Type    | Used | Fixed | Available | Util% |
+-----------------+------+-------+-----------+-------+
| GTHE3_CHANNEL   |    0 |     0 |        20 |  0.00 |
| GTHE3_COMMON    |    0 |     0 |         5 |  0.00 |
| IBUFDS_GTE3     |    0 |     0 |         5 |  0.00 |
| OBUFDS_GTE3     |    0 |     0 |         5 |  0.00 |
| OBUFDS_GTE3_ADV |    0 |     0 |         5 |  0.00 |
| PCIE_3_1        |    0 |     0 |         3 |  0.00 |
| SYSMONE1        |    0 |     0 |         1 |  0.00 |
+-----------------+------+-------+-----------+-------+


8. CONFIGURATION
----------------

+-----------+------+-------+-----------+-------+
| Site Type | Used | Fixed | Available | Util% |
+-----------+------+-------+-----------+-------+
| BSCANE2   |    0 |     0 |         4 |  0.00 |
| EFUSE_USR |    0 |     0 |         1 |  0.00 |
+-----------+------+-------+-----------+-------+


9. Primitives
-------------

+----------+------+---------------------+
| Ref Name | Used | Functional Category |
+----------+------+---------------------+
| FDRE     | 8187 |            Register |
| LUT2     | 1755 |                 CLB |
| SRL16E   | 1240 |                 CLB |
| LUT3     |  484 |                 CLB |
| CARRY8   |  368 |                 CLB |
| LUT4     |  336 |                 CLB |
| LUT5     |  325 |                 CLB |
| LUT6     |  312 |                 CLB |
| OBUF     |  197 |                 I/O |
| LUT1     |  193 |                 CLB |
| INBUF    |  169 |                 I/O |
| IBUFCTRL |  169 |              Others |
| SRLC32E  |   16 |                 CLB |
| FDSE     |    9 |            Register |
| MUXF7    |    8 |                 CLB |
| BUFGCE   |    1 |               Clock |
+----------+------+---------------------+


10. Black Boxes
---------------

+----------+------+
| Ref Name | Used |
+----------+------+


11. Instantiated Netlists
-------------------------

+----------+------+
| Ref Name | Used |
+----------+------+


