Copyright 1986-2014 Xilinx, Inc. All Rights Reserved.
------------------------------------------------------------------------------------
| Tool Version : Vivado v.2014.3 (lin64) Build 1034051 Fri Oct  3 16:32:59 MDT 2014
| Date         : Wed Apr  8 18:49:00 2015
| Host         : paasei running 64-bit Scientific Linux release 6.5 (Carbon)
| Command      : report_utilization -file postRoute.utilization.rpt
| Design       : sv_chip1_hierarchy_no_mem
| Device       : xcku035
| Design State : Routed
------------------------------------------------------------------------------------

Utilization Design Information

Table of Contents
-----------------
1. CLB Logic
1.1 Summary of Registers by Type
2. CLB Logic Distribution
3. BLOCKRAM
4. ARITHMETIC
5. I/O
6. CLOCK
7. ADVANCED
8. CONFIGURATION
9. Primitives
10. Black Boxes
11. Instantiated Netlists

1. CLB Logic
------------

+-------------------------+-------+-------+-----------+-------+
|        Site Type        |  Used | Fixed | Available | Util% |
+-------------------------+-------+-------+-----------+-------+
| CLB LUTs                | 14449 |     0 |    203128 |  7.11 |
|   LUT as Logic          | 14449 |     0 |    203128 |  7.11 |
|   LUT as Memory         |     0 |     0 |    112800 |  0.00 |
| CLB Registers           | 11401 |     0 |    406256 |  2.80 |
|   Register as Flip Flop | 11401 |     0 |    406256 |  2.80 |
|   Register as Latch     |     0 |     0 |    406256 |  0.00 |
| CARRY8                  |  1178 |     0 |     30300 |  3.88 |
| F7 Muxes                |    44 |     0 |    121200 |  0.03 |
| F8 Muxes                |     0 |     0 |     60600 |  0.00 |
| F9 Muxes                |     0 |     0 |     30300 |  0.00 |
+-------------------------+-------+-------+-----------+-------+


1.1 Summary of Registers by Type
--------------------------------

+-------+--------------+-------------+--------------+
| Total | Clock Enable | Synchronous | Asynchronous |
+-------+--------------+-------------+--------------+
| 0     |            _ |           - |            - |
| 0     |            _ |           - |          Set |
| 0     |            _ |           - |        Reset |
| 0     |            _ |         Set |            - |
| 0     |            _ |       Reset |            - |
| 0     |          Yes |           - |            - |
| 0     |          Yes |           - |          Set |
| 0     |          Yes |           - |        Reset |
| 1     |          Yes |         Set |            - |
| 11400 |          Yes |       Reset |            - |
+-------+--------------+-------------+--------------+


2. CLB Logic Distribution
-------------------------

+-------------------------------------------------------------+----------+-------+-----------+-------+
|                          Site Type                          |   Used   | Fixed | Available | Util% |
+-------------------------------------------------------------+----------+-------+-----------+-------+
| CLB                                                         |     2511 |     0 |     30300 |  8.28 |
|   CLBL                                                      |     1180 |     0 |           |       |
|   CLBM                                                      |     1331 |     0 |           |       |
| LUT as Logic                                                |    14449 |     0 |    203128 |  7.11 |
|   using O5 output only                                      |       53 |       |           |       |
|   using O6 output only                                      |    12945 |       |           |       |
|   using O5 and O6                                           |     1451 |       |           |       |
| LUT as Memory                                               |        0 |     0 |    112800 |  0.00 |
|   LUT as Distributed RAM                                    |        0 |     0 |           |       |
|   LUT as Shift Register                                     |        0 |     0 |           |       |
| LUT Flip Flop Pairs                                         |    16032 |     0 |    203128 |  7.89 |
|   fully used LUT-FF pairs                                   |     6412 |       |           |       |
|   LUT-FF pairs with unused LUT                              |     1636 |       |           |       |
|   LUT-FF pairs with unused Flip Flop                        |     7984 |       |           |       |
| Unique Control Sets                                         |       72 |       |           |       |
| Minimum number of registers lost to control set restriction | 15(Lost) |       |           |       |
+-------------------------------------------------------------+----------+-------+-----------+-------+


3. BLOCKRAM
-----------

+----------------+------+-------+-----------+-------+
|    Site Type   | Used | Fixed | Available | Util% |
+----------------+------+-------+-----------+-------+
| Block RAM Tile |    0 |     0 |       540 |  0.00 |
|   RAMB36/FIFO* |    0 |     0 |       540 |  0.00 |
|   RAMB18       |    0 |     0 |      1080 |  0.00 |
+----------------+------+-------+-----------+-------+
* Note: Each Block RAM Tile only has one FIFO logic available and therefore can accommodate only one FIFO36E2 or one FIFO18E2. However, if a FIFO18E2 occupies a Block RAM Tile, that tile can still accommodate a RAMB18E2


4. ARITHMETIC
-------------

+-----------+------+-------+-----------+-------+
| Site Type | Used | Fixed | Available | Util% |
+-----------+------+-------+-----------+-------+
| DSPs      |    0 |     0 |      1700 |  0.00 |
+-----------+------+-------+-----------+-------+


5. I/O
------

+------------------+------+-------+-----------+-------+
|     Site Type    | Used | Fixed | Available | Util% |
+------------------+------+-------+-----------+-------+
| Bonded IOB       |  278 |     0 |       520 | 53.46 |
| HPIOB            |  186 |     0 |       416 | 44.71 |
|   INPUT          |  133 |       |           |       |
|   OUTPUT         |   53 |       |           |       |
|   BIDIR          |    0 |       |           |       |
| HRIO             |   92 |     0 |       104 | 88.46 |
|   INPUT          |    0 |       |           |       |
|   OUTPUT         |   92 |       |           |       |
|   BIDIR          |    0 |       |           |       |
| HPIOBDIFFINBUF   |    0 |     0 |       192 |  0.00 |
| HPIOBDIFFOUTBUF  |    0 |     0 |       192 |  0.00 |
| HRIODIFFINBUF    |    0 |     0 |        48 |  0.00 |
| HRIODIFFOUTBUF   |    0 |     0 |        48 |  0.00 |
| BITSLICE_CONTROL |    0 |     0 |        80 |  0.00 |
| BITSLICE_RX_TX   |    0 |     0 |       520 |  0.00 |
| BITSLICE_TX      |    0 |     0 |        80 |  0.00 |
| RIU_OR           |    0 |     0 |        40 |  0.00 |
+------------------+------+-------+-----------+-------+


6. CLOCK
--------

+----------------------+------+-------+-----------+-------+
|       Site Type      | Used | Fixed | Available | Util% |
+----------------------+------+-------+-----------+-------+
| GLOBAL CLOCK BUFFERs |    1 |     0 |       240 |  0.41 |
|   BUFGCE             |    1 |     0 |           |       |
| BUFG_GT_SYNC         |    0 |     0 |        55 |  0.00 |
| BUFG_GT              |    0 |     0 |       120 |  0.00 |
| PLLE3_ADV            |    0 |     0 |        20 |  0.00 |
| MMCME3_ADV           |    0 |     0 |        10 |  0.00 |
+----------------------+------+-------+-----------+-------+
* Note: Each used BUFGCTRL counts as two global buffer resources.


7. ADVANCED
-----------

+-----------------+------+-------+-----------+-------+
|    Site Type    | Used | Fixed | Available | Util% |
+-----------------+------+-------+-----------+-------+
| GTHE3_CHANNEL   |    0 |     0 |        20 |  0.00 |
| GTHE3_COMMON    |    0 |     0 |         5 |  0.00 |
| IBUFDS_GTE3     |    0 |     0 |         5 |  0.00 |
| OBUFDS_GTE3     |    0 |     0 |         5 |  0.00 |
| OBUFDS_GTE3_ADV |    0 |     0 |         5 |  0.00 |
| PCIE_3_1        |    0 |     0 |         3 |  0.00 |
| SYSMONE1        |    0 |     0 |         1 |  0.00 |
+-----------------+------+-------+-----------+-------+


8. CONFIGURATION
----------------

+-----------+------+-------+-----------+-------+
| Site Type | Used | Fixed | Available | Util% |
+-----------+------+-------+-----------+-------+
| BSCANE2   |    0 |     0 |         4 |  0.00 |
| EFUSE_USR |    0 |     0 |         1 |  0.00 |
+-----------+------+-------+-----------+-------+


9. Primitives
-------------

+----------+-------+---------------------+
| Ref Name |  Used | Functional Category |
+----------+-------+---------------------+
| FDRE     | 11400 |            Register |
| LUT6     |  5735 |                 CLB |
| LUT2     |  5476 |                 CLB |
| LUT4     |  3119 |                 CLB |
| CARRY8   |  1178 |                 CLB |
| LUT5     |   903 |                 CLB |
| LUT3     |   613 |                 CLB |
| OBUF     |   145 |                 I/O |
| INBUF    |   133 |                 I/O |
| IBUFCTRL |   133 |              Others |
| LUT1     |    54 |                 CLB |
| MUXF7    |    44 |                 CLB |
| FDSE     |     1 |            Register |
| BUFGCE   |     1 |               Clock |
+----------+-------+---------------------+


10. Black Boxes
---------------

+----------+------+
| Ref Name | Used |
+----------+------+


11. Instantiated Netlists
-------------------------

+----------+------+
| Ref Name | Used |
+----------+------+


