Copyright 1986-2014 Xilinx, Inc. All Rights Reserved.
------------------------------------------------------------------------------------------------------------------------
| Tool Version : Vivado v.2014.3 (lin64) Build 1034051 Fri Oct  3 16:32:59 MDT 2014
| Date         : Sat Mar 21 08:34:24 2015
| Host         : artois running 64-bit Ubuntu 12.04.4 LTS
| Command      : report_timing -delay_type min -max_paths 10 -sort_by group -input_pins -file postlogopt_timing_min.rpt
| Design       : sv_chip0_hierarchy_no_mem
| Device       : 7vx330t-ffg1157
| Speed File   : -3  PRODUCTION 1.11 2014-03-13
------------------------------------------------------------------------------------------------------------------------

Timing Report

Slack (MET) :             0.102ns  (arrival time - required time)
  Source:                 combine_res_inst_20/dout_reg_reg[1]/C
                            (rising edge-triggered cell FDRE clocked by tm3_clk_v0  {rise@0.000ns fall@0.750ns period=1.500ns})
  Destination:            find_max_inst/res_1_11_reg[1]_srl2/D
                            (rising edge-triggered cell SRL16E clocked by tm3_clk_v0  {rise@0.000ns fall@0.750ns period=1.500ns})
  Path Group:             tm3_clk_v0
  Path Type:              Hold (Min at Fast Process Corner)
  Requirement:            0.000ns  (tm3_clk_v0 rise@0.000ns - tm3_clk_v0 rise@0.000ns)
  Data Path Delay:        0.218ns  (logic 0.118ns (54.187%)  route 0.100ns (45.813%))
  Logic Levels:           0  
  Clock Path Skew:        0.013ns (DCD - SCD - CPR)
    Destination Clock Delay (DCD):    0.781ns
    Source Clock Delay      (SCD):    0.585ns
    Clock Pessimism Removal (CPR):    0.183ns

    Location             Delay type                Incr(ns)  Path(ns)    Netlist Resource(s)
  -------------------------------------------------------------------    -------------------
                         (clock tm3_clk_v0 rise edge)
                                                      0.000     0.000 r  
                                                      0.000     0.000 r  tm3_clk_v0
                         net (fo=0)                   0.000     0.000    tm3_clk_v0
                                                                      r  tm3_clk_v0_IBUF_inst/I
                         IBUF (Prop_ibuf_I_O)         0.052     0.052 r  tm3_clk_v0_IBUF_inst/O
                         net (fo=1, unplaced)         0.253     0.305    tm3_clk_v0_IBUF
                                                                      r  tm3_clk_v0_IBUF_BUFG_inst/I
                         BUFG (Prop_bufg_I_O)         0.026     0.331 r  tm3_clk_v0_IBUF_BUFG_inst/O
                         net (fo=9322, unplaced)      0.253     0.585    combine_res_inst_20/tm3_clk_v0_IBUF_BUFG
                                                                      r  combine_res_inst_20/dout_reg_reg[1]/C
  -------------------------------------------------------------------    -------------------
                         FDRE (Prop_fdre_C_Q)         0.118     0.703 r  combine_res_inst_20/dout_reg_reg[1]/Q
                         net (fo=1, unplaced)         0.100     0.803    find_max_inst/I20
                         SRL16E                                       r  find_max_inst/res_1_11_reg[1]_srl2/D
  -------------------------------------------------------------------    -------------------

                         (clock tm3_clk_v0 rise edge)
                                                      0.000     0.000 r  
                                                      0.000     0.000 r  tm3_clk_v0
                         net (fo=0)                   0.000     0.000    tm3_clk_v0
                                                                      r  tm3_clk_v0_IBUF_inst/I
                         IBUF (Prop_ibuf_I_O)         0.217     0.217 r  tm3_clk_v0_IBUF_inst/O
                         net (fo=1, unplaced)         0.267     0.484    tm3_clk_v0_IBUF
                                                                      r  tm3_clk_v0_IBUF_BUFG_inst/I
                         BUFG (Prop_bufg_I_O)         0.030     0.514 r  tm3_clk_v0_IBUF_BUFG_inst/O
                         net (fo=9322, unplaced)      0.267     0.781    find_max_inst/tm3_clk_v0_IBUF_BUFG
                                                                      r  find_max_inst/res_1_11_reg[1]_srl2/CLK
                         clock pessimism             -0.183     0.598    
                         SRL16E (Hold_srl16e_CLK_D)
                                                      0.102     0.700    find_max_inst/res_1_11_reg[1]_srl2
  -------------------------------------------------------------------
                         required time                         -0.700    
                         arrival time                           0.803    
  -------------------------------------------------------------------
                         slack                                  0.102    

Slack (MET) :             0.102ns  (arrival time - required time)
  Source:                 combine_res_inst_20/dout_reg_reg[5]/C
                            (rising edge-triggered cell FDRE clocked by tm3_clk_v0  {rise@0.000ns fall@0.750ns period=1.500ns})
  Destination:            find_max_inst/res_1_11_reg[5]_srl2/D
                            (rising edge-triggered cell SRL16E clocked by tm3_clk_v0  {rise@0.000ns fall@0.750ns period=1.500ns})
  Path Group:             tm3_clk_v0
  Path Type:              Hold (Min at Fast Process Corner)
  Requirement:            0.000ns  (tm3_clk_v0 rise@0.000ns - tm3_clk_v0 rise@0.000ns)
  Data Path Delay:        0.218ns  (logic 0.118ns (54.187%)  route 0.100ns (45.813%))
  Logic Levels:           0  
  Clock Path Skew:        0.013ns (DCD - SCD - CPR)
    Destination Clock Delay (DCD):    0.781ns
    Source Clock Delay      (SCD):    0.585ns
    Clock Pessimism Removal (CPR):    0.183ns

    Location             Delay type                Incr(ns)  Path(ns)    Netlist Resource(s)
  -------------------------------------------------------------------    -------------------
                         (clock tm3_clk_v0 rise edge)
                                                      0.000     0.000 r  
                                                      0.000     0.000 r  tm3_clk_v0
                         net (fo=0)                   0.000     0.000    tm3_clk_v0
                                                                      r  tm3_clk_v0_IBUF_inst/I
                         IBUF (Prop_ibuf_I_O)         0.052     0.052 r  tm3_clk_v0_IBUF_inst/O
                         net (fo=1, unplaced)         0.253     0.305    tm3_clk_v0_IBUF
                                                                      r  tm3_clk_v0_IBUF_BUFG_inst/I
                         BUFG (Prop_bufg_I_O)         0.026     0.331 r  tm3_clk_v0_IBUF_BUFG_inst/O
                         net (fo=9322, unplaced)      0.253     0.585    combine_res_inst_20/tm3_clk_v0_IBUF_BUFG
                                                                      r  combine_res_inst_20/dout_reg_reg[5]/C
  -------------------------------------------------------------------    -------------------
                         FDRE (Prop_fdre_C_Q)         0.118     0.703 r  combine_res_inst_20/dout_reg_reg[5]/Q
                         net (fo=1, unplaced)         0.100     0.803    find_max_inst/I16
                         SRL16E                                       r  find_max_inst/res_1_11_reg[5]_srl2/D
  -------------------------------------------------------------------    -------------------

                         (clock tm3_clk_v0 rise edge)
                                                      0.000     0.000 r  
                                                      0.000     0.000 r  tm3_clk_v0
                         net (fo=0)                   0.000     0.000    tm3_clk_v0
                                                                      r  tm3_clk_v0_IBUF_inst/I
                         IBUF (Prop_ibuf_I_O)         0.217     0.217 r  tm3_clk_v0_IBUF_inst/O
                         net (fo=1, unplaced)         0.267     0.484    tm3_clk_v0_IBUF
                                                                      r  tm3_clk_v0_IBUF_BUFG_inst/I
                         BUFG (Prop_bufg_I_O)         0.030     0.514 r  tm3_clk_v0_IBUF_BUFG_inst/O
                         net (fo=9322, unplaced)      0.267     0.781    find_max_inst/tm3_clk_v0_IBUF_BUFG
                                                                      r  find_max_inst/res_1_11_reg[5]_srl2/CLK
                         clock pessimism             -0.183     0.598    
                         SRL16E (Hold_srl16e_CLK_D)
                                                      0.102     0.700    find_max_inst/res_1_11_reg[5]_srl2
  -------------------------------------------------------------------
                         required time                         -0.700    
                         arrival time                           0.803    
  -------------------------------------------------------------------
                         slack                                  0.102    

Slack (MET) :             0.102ns  (arrival time - required time)
  Source:                 combine_res_inst_20/dout_reg_reg[9]/C
                            (rising edge-triggered cell FDRE clocked by tm3_clk_v0  {rise@0.000ns fall@0.750ns period=1.500ns})
  Destination:            find_max_inst/res_1_11_reg[9]_srl2/D
                            (rising edge-triggered cell SRL16E clocked by tm3_clk_v0  {rise@0.000ns fall@0.750ns period=1.500ns})
  Path Group:             tm3_clk_v0
  Path Type:              Hold (Min at Fast Process Corner)
  Requirement:            0.000ns  (tm3_clk_v0 rise@0.000ns - tm3_clk_v0 rise@0.000ns)
  Data Path Delay:        0.218ns  (logic 0.118ns (54.187%)  route 0.100ns (45.813%))
  Logic Levels:           0  
  Clock Path Skew:        0.013ns (DCD - SCD - CPR)
    Destination Clock Delay (DCD):    0.781ns
    Source Clock Delay      (SCD):    0.585ns
    Clock Pessimism Removal (CPR):    0.183ns

    Location             Delay type                Incr(ns)  Path(ns)    Netlist Resource(s)
  -------------------------------------------------------------------    -------------------
                         (clock tm3_clk_v0 rise edge)
                                                      0.000     0.000 r  
                                                      0.000     0.000 r  tm3_clk_v0
                         net (fo=0)                   0.000     0.000    tm3_clk_v0
                                                                      r  tm3_clk_v0_IBUF_inst/I
                         IBUF (Prop_ibuf_I_O)         0.052     0.052 r  tm3_clk_v0_IBUF_inst/O
                         net (fo=1, unplaced)         0.253     0.305    tm3_clk_v0_IBUF
                                                                      r  tm3_clk_v0_IBUF_BUFG_inst/I
                         BUFG (Prop_bufg_I_O)         0.026     0.331 r  tm3_clk_v0_IBUF_BUFG_inst/O
                         net (fo=9322, unplaced)      0.253     0.585    combine_res_inst_20/tm3_clk_v0_IBUF_BUFG
                                                                      r  combine_res_inst_20/dout_reg_reg[9]/C
  -------------------------------------------------------------------    -------------------
                         FDRE (Prop_fdre_C_Q)         0.118     0.703 r  combine_res_inst_20/dout_reg_reg[9]/Q
                         net (fo=1, unplaced)         0.100     0.803    find_max_inst/I12
                         SRL16E                                       r  find_max_inst/res_1_11_reg[9]_srl2/D
  -------------------------------------------------------------------    -------------------

                         (clock tm3_clk_v0 rise edge)
                                                      0.000     0.000 r  
                                                      0.000     0.000 r  tm3_clk_v0
                         net (fo=0)                   0.000     0.000    tm3_clk_v0
                                                                      r  tm3_clk_v0_IBUF_inst/I
                         IBUF (Prop_ibuf_I_O)         0.217     0.217 r  tm3_clk_v0_IBUF_inst/O
                         net (fo=1, unplaced)         0.267     0.484    tm3_clk_v0_IBUF
                                                                      r  tm3_clk_v0_IBUF_BUFG_inst/I
                         BUFG (Prop_bufg_I_O)         0.030     0.514 r  tm3_clk_v0_IBUF_BUFG_inst/O
                         net (fo=9322, unplaced)      0.267     0.781    find_max_inst/tm3_clk_v0_IBUF_BUFG
                                                                      r  find_max_inst/res_1_11_reg[9]_srl2/CLK
                         clock pessimism             -0.183     0.598    
                         SRL16E (Hold_srl16e_CLK_D)
                                                      0.102     0.700    find_max_inst/res_1_11_reg[9]_srl2
  -------------------------------------------------------------------
                         required time                         -0.700    
                         arrival time                           0.803    
  -------------------------------------------------------------------
                         slack                                  0.102    

Slack (MET) :             0.102ns  (arrival time - required time)
  Source:                 scaler_inst_left/scl_v_fltr_inst/add_2_tmp_reg[2]/C
                            (rising edge-triggered cell FDRE clocked by tm3_clk_v0  {rise@0.000ns fall@0.750ns period=1.500ns})
  Destination:            scaler_inst_left/scl_h_fltr_inst/ints_sh_reg_2_0/dout_1_reg[0]_srl2/D
                            (rising edge-triggered cell SRL16E clocked by tm3_clk_v0  {rise@0.000ns fall@0.750ns period=1.500ns})
  Path Group:             tm3_clk_v0
  Path Type:              Hold (Min at Fast Process Corner)
  Requirement:            0.000ns  (tm3_clk_v0 rise@0.000ns - tm3_clk_v0 rise@0.000ns)
  Data Path Delay:        0.218ns  (logic 0.118ns (54.187%)  route 0.100ns (45.813%))
  Logic Levels:           0  
  Clock Path Skew:        0.013ns (DCD - SCD - CPR)
    Destination Clock Delay (DCD):    0.781ns
    Source Clock Delay      (SCD):    0.585ns
    Clock Pessimism Removal (CPR):    0.183ns

    Location             Delay type                Incr(ns)  Path(ns)    Netlist Resource(s)
  -------------------------------------------------------------------    -------------------
                         (clock tm3_clk_v0 rise edge)
                                                      0.000     0.000 r  
                                                      0.000     0.000 r  tm3_clk_v0
                         net (fo=0)                   0.000     0.000    tm3_clk_v0
                                                                      r  tm3_clk_v0_IBUF_inst/I
                         IBUF (Prop_ibuf_I_O)         0.052     0.052 r  tm3_clk_v0_IBUF_inst/O
                         net (fo=1, unplaced)         0.253     0.305    tm3_clk_v0_IBUF
                                                                      r  tm3_clk_v0_IBUF_BUFG_inst/I
                         BUFG (Prop_bufg_I_O)         0.026     0.331 r  tm3_clk_v0_IBUF_BUFG_inst/O
                         net (fo=9322, unplaced)      0.253     0.585    scaler_inst_left/scl_v_fltr_inst/tm3_clk_v0_IBUF_BUFG
                                                                      r  scaler_inst_left/scl_v_fltr_inst/add_2_tmp_reg[2]/C
  -------------------------------------------------------------------    -------------------
                         FDRE (Prop_fdre_C_Q)         0.118     0.703 r  scaler_inst_left/scl_v_fltr_inst/add_2_tmp_reg[2]/Q
                         net (fo=1, unplaced)         0.100     0.803    scaler_inst_left/scl_h_fltr_inst/ints_sh_reg_2_0/Q[0]
                         SRL16E                                       r  scaler_inst_left/scl_h_fltr_inst/ints_sh_reg_2_0/dout_1_reg[0]_srl2/D
  -------------------------------------------------------------------    -------------------

                         (clock tm3_clk_v0 rise edge)
                                                      0.000     0.000 r  
                                                      0.000     0.000 r  tm3_clk_v0
                         net (fo=0)                   0.000     0.000    tm3_clk_v0
                                                                      r  tm3_clk_v0_IBUF_inst/I
                         IBUF (Prop_ibuf_I_O)         0.217     0.217 r  tm3_clk_v0_IBUF_inst/O
                         net (fo=1, unplaced)         0.267     0.484    tm3_clk_v0_IBUF
                                                                      r  tm3_clk_v0_IBUF_BUFG_inst/I
                         BUFG (Prop_bufg_I_O)         0.030     0.514 r  tm3_clk_v0_IBUF_BUFG_inst/O
                         net (fo=9322, unplaced)      0.267     0.781    scaler_inst_left/scl_h_fltr_inst/ints_sh_reg_2_0/tm3_clk_v0_IBUF_BUFG
                                                                      r  scaler_inst_left/scl_h_fltr_inst/ints_sh_reg_2_0/dout_1_reg[0]_srl2/CLK
                         clock pessimism             -0.183     0.598    
                         SRL16E (Hold_srl16e_CLK_D)
                                                      0.102     0.700    scaler_inst_left/scl_h_fltr_inst/ints_sh_reg_2_0/dout_1_reg[0]_srl2
  -------------------------------------------------------------------
                         required time                         -0.700    
                         arrival time                           0.803    
  -------------------------------------------------------------------
                         slack                                  0.102    

Slack (MET) :             0.102ns  (arrival time - required time)
  Source:                 scaler_inst_left/scl_v_fltr_inst/add_2_tmp_reg[6]/C
                            (rising edge-triggered cell FDRE clocked by tm3_clk_v0  {rise@0.000ns fall@0.750ns period=1.500ns})
  Destination:            scaler_inst_left/scl_h_fltr_inst/ints_sh_reg_2_0/dout_1_reg[4]_srl2/D
                            (rising edge-triggered cell SRL16E clocked by tm3_clk_v0  {rise@0.000ns fall@0.750ns period=1.500ns})
  Path Group:             tm3_clk_v0
  Path Type:              Hold (Min at Fast Process Corner)
  Requirement:            0.000ns  (tm3_clk_v0 rise@0.000ns - tm3_clk_v0 rise@0.000ns)
  Data Path Delay:        0.218ns  (logic 0.118ns (54.187%)  route 0.100ns (45.813%))
  Logic Levels:           0  
  Clock Path Skew:        0.013ns (DCD - SCD - CPR)
    Destination Clock Delay (DCD):    0.781ns
    Source Clock Delay      (SCD):    0.585ns
    Clock Pessimism Removal (CPR):    0.183ns

    Location             Delay type                Incr(ns)  Path(ns)    Netlist Resource(s)
  -------------------------------------------------------------------    -------------------
                         (clock tm3_clk_v0 rise edge)
                                                      0.000     0.000 r  
                                                      0.000     0.000 r  tm3_clk_v0
                         net (fo=0)                   0.000     0.000    tm3_clk_v0
                                                                      r  tm3_clk_v0_IBUF_inst/I
                         IBUF (Prop_ibuf_I_O)         0.052     0.052 r  tm3_clk_v0_IBUF_inst/O
                         net (fo=1, unplaced)         0.253     0.305    tm3_clk_v0_IBUF
                                                                      r  tm3_clk_v0_IBUF_BUFG_inst/I
                         BUFG (Prop_bufg_I_O)         0.026     0.331 r  tm3_clk_v0_IBUF_BUFG_inst/O
                         net (fo=9322, unplaced)      0.253     0.585    scaler_inst_left/scl_v_fltr_inst/tm3_clk_v0_IBUF_BUFG
                                                                      r  scaler_inst_left/scl_v_fltr_inst/add_2_tmp_reg[6]/C
  -------------------------------------------------------------------    -------------------
                         FDRE (Prop_fdre_C_Q)         0.118     0.703 r  scaler_inst_left/scl_v_fltr_inst/add_2_tmp_reg[6]/Q
                         net (fo=1, unplaced)         0.100     0.803    scaler_inst_left/scl_h_fltr_inst/ints_sh_reg_2_0/Q[4]
                         SRL16E                                       r  scaler_inst_left/scl_h_fltr_inst/ints_sh_reg_2_0/dout_1_reg[4]_srl2/D
  -------------------------------------------------------------------    -------------------

                         (clock tm3_clk_v0 rise edge)
                                                      0.000     0.000 r  
                                                      0.000     0.000 r  tm3_clk_v0
                         net (fo=0)                   0.000     0.000    tm3_clk_v0
                                                                      r  tm3_clk_v0_IBUF_inst/I
                         IBUF (Prop_ibuf_I_O)         0.217     0.217 r  tm3_clk_v0_IBUF_inst/O
                         net (fo=1, unplaced)         0.267     0.484    tm3_clk_v0_IBUF
                                                                      r  tm3_clk_v0_IBUF_BUFG_inst/I
                         BUFG (Prop_bufg_I_O)         0.030     0.514 r  tm3_clk_v0_IBUF_BUFG_inst/O
                         net (fo=9322, unplaced)      0.267     0.781    scaler_inst_left/scl_h_fltr_inst/ints_sh_reg_2_0/tm3_clk_v0_IBUF_BUFG
                                                                      r  scaler_inst_left/scl_h_fltr_inst/ints_sh_reg_2_0/dout_1_reg[4]_srl2/CLK
                         clock pessimism             -0.183     0.598    
                         SRL16E (Hold_srl16e_CLK_D)
                                                      0.102     0.700    scaler_inst_left/scl_h_fltr_inst/ints_sh_reg_2_0/dout_1_reg[4]_srl2
  -------------------------------------------------------------------
                         required time                         -0.700    
                         arrival time                           0.803    
  -------------------------------------------------------------------
                         slack                                  0.102    

Slack (MET) :             0.102ns  (arrival time - required time)
  Source:                 scaler_inst_left/scl_v_fltr_inst/add_4_tmp_reg[5]/C
                            (rising edge-triggered cell FDRE clocked by tm3_clk_v0  {rise@0.000ns fall@0.750ns period=1.500ns})
  Destination:            scaler_inst_left/scl_h_fltr_inst/ints_sh_reg_4_0/dout_1_reg[1]_srl2/D
                            (rising edge-triggered cell SRL16E clocked by tm3_clk_v0  {rise@0.000ns fall@0.750ns period=1.500ns})
  Path Group:             tm3_clk_v0
  Path Type:              Hold (Min at Fast Process Corner)
  Requirement:            0.000ns  (tm3_clk_v0 rise@0.000ns - tm3_clk_v0 rise@0.000ns)
  Data Path Delay:        0.218ns  (logic 0.118ns (54.187%)  route 0.100ns (45.813%))
  Logic Levels:           0  
  Clock Path Skew:        0.013ns (DCD - SCD - CPR)
    Destination Clock Delay (DCD):    0.781ns
    Source Clock Delay      (SCD):    0.585ns
    Clock Pessimism Removal (CPR):    0.183ns

    Location             Delay type                Incr(ns)  Path(ns)    Netlist Resource(s)
  -------------------------------------------------------------------    -------------------
                         (clock tm3_clk_v0 rise edge)
                                                      0.000     0.000 r  
                                                      0.000     0.000 r  tm3_clk_v0
                         net (fo=0)                   0.000     0.000    tm3_clk_v0
                                                                      r  tm3_clk_v0_IBUF_inst/I
                         IBUF (Prop_ibuf_I_O)         0.052     0.052 r  tm3_clk_v0_IBUF_inst/O
                         net (fo=1, unplaced)         0.253     0.305    tm3_clk_v0_IBUF
                                                                      r  tm3_clk_v0_IBUF_BUFG_inst/I
                         BUFG (Prop_bufg_I_O)         0.026     0.331 r  tm3_clk_v0_IBUF_BUFG_inst/O
                         net (fo=9322, unplaced)      0.253     0.585    scaler_inst_left/scl_v_fltr_inst/tm3_clk_v0_IBUF_BUFG
                                                                      r  scaler_inst_left/scl_v_fltr_inst/add_4_tmp_reg[5]/C
  -------------------------------------------------------------------    -------------------
                         FDRE (Prop_fdre_C_Q)         0.118     0.703 r  scaler_inst_left/scl_v_fltr_inst/add_4_tmp_reg[5]/Q
                         net (fo=1, unplaced)         0.100     0.803    scaler_inst_left/scl_h_fltr_inst/ints_sh_reg_4_0/I1[1]
                         SRL16E                                       r  scaler_inst_left/scl_h_fltr_inst/ints_sh_reg_4_0/dout_1_reg[1]_srl2/D
  -------------------------------------------------------------------    -------------------

                         (clock tm3_clk_v0 rise edge)
                                                      0.000     0.000 r  
                                                      0.000     0.000 r  tm3_clk_v0
                         net (fo=0)                   0.000     0.000    tm3_clk_v0
                                                                      r  tm3_clk_v0_IBUF_inst/I
                         IBUF (Prop_ibuf_I_O)         0.217     0.217 r  tm3_clk_v0_IBUF_inst/O
                         net (fo=1, unplaced)         0.267     0.484    tm3_clk_v0_IBUF
                                                                      r  tm3_clk_v0_IBUF_BUFG_inst/I
                         BUFG (Prop_bufg_I_O)         0.030     0.514 r  tm3_clk_v0_IBUF_BUFG_inst/O
                         net (fo=9322, unplaced)      0.267     0.781    scaler_inst_left/scl_h_fltr_inst/ints_sh_reg_4_0/tm3_clk_v0_IBUF_BUFG
                                                                      r  scaler_inst_left/scl_h_fltr_inst/ints_sh_reg_4_0/dout_1_reg[1]_srl2/CLK
                         clock pessimism             -0.183     0.598    
                         SRL16E (Hold_srl16e_CLK_D)
                                                      0.102     0.700    scaler_inst_left/scl_h_fltr_inst/ints_sh_reg_4_0/dout_1_reg[1]_srl2
  -------------------------------------------------------------------
                         required time                         -0.700    
                         arrival time                           0.803    
  -------------------------------------------------------------------
                         slack                                  0.102    

Slack (MET) :             0.102ns  (arrival time - required time)
  Source:                 scaler_inst_left/scl_v_fltr_inst/add_4_tmp_reg[9]/C
                            (rising edge-triggered cell FDRE clocked by tm3_clk_v0  {rise@0.000ns fall@0.750ns period=1.500ns})
  Destination:            scaler_inst_left/scl_h_fltr_inst/ints_sh_reg_4_0/dout_1_reg[5]_srl2/D
                            (rising edge-triggered cell SRL16E clocked by tm3_clk_v0  {rise@0.000ns fall@0.750ns period=1.500ns})
  Path Group:             tm3_clk_v0
  Path Type:              Hold (Min at Fast Process Corner)
  Requirement:            0.000ns  (tm3_clk_v0 rise@0.000ns - tm3_clk_v0 rise@0.000ns)
  Data Path Delay:        0.218ns  (logic 0.118ns (54.187%)  route 0.100ns (45.813%))
  Logic Levels:           0  
  Clock Path Skew:        0.013ns (DCD - SCD - CPR)
    Destination Clock Delay (DCD):    0.781ns
    Source Clock Delay      (SCD):    0.585ns
    Clock Pessimism Removal (CPR):    0.183ns

    Location             Delay type                Incr(ns)  Path(ns)    Netlist Resource(s)
  -------------------------------------------------------------------    -------------------
                         (clock tm3_clk_v0 rise edge)
                                                      0.000     0.000 r  
                                                      0.000     0.000 r  tm3_clk_v0
                         net (fo=0)                   0.000     0.000    tm3_clk_v0
                                                                      r  tm3_clk_v0_IBUF_inst/I
                         IBUF (Prop_ibuf_I_O)         0.052     0.052 r  tm3_clk_v0_IBUF_inst/O
                         net (fo=1, unplaced)         0.253     0.305    tm3_clk_v0_IBUF
                                                                      r  tm3_clk_v0_IBUF_BUFG_inst/I
                         BUFG (Prop_bufg_I_O)         0.026     0.331 r  tm3_clk_v0_IBUF_BUFG_inst/O
                         net (fo=9322, unplaced)      0.253     0.585    scaler_inst_left/scl_v_fltr_inst/tm3_clk_v0_IBUF_BUFG
                                                                      r  scaler_inst_left/scl_v_fltr_inst/add_4_tmp_reg[9]/C
  -------------------------------------------------------------------    -------------------
                         FDRE (Prop_fdre_C_Q)         0.118     0.703 r  scaler_inst_left/scl_v_fltr_inst/add_4_tmp_reg[9]/Q
                         net (fo=1, unplaced)         0.100     0.803    scaler_inst_left/scl_h_fltr_inst/ints_sh_reg_4_0/I1[5]
                         SRL16E                                       r  scaler_inst_left/scl_h_fltr_inst/ints_sh_reg_4_0/dout_1_reg[5]_srl2/D
  -------------------------------------------------------------------    -------------------

                         (clock tm3_clk_v0 rise edge)
                                                      0.000     0.000 r  
                                                      0.000     0.000 r  tm3_clk_v0
                         net (fo=0)                   0.000     0.000    tm3_clk_v0
                                                                      r  tm3_clk_v0_IBUF_inst/I
                         IBUF (Prop_ibuf_I_O)         0.217     0.217 r  tm3_clk_v0_IBUF_inst/O
                         net (fo=1, unplaced)         0.267     0.484    tm3_clk_v0_IBUF
                                                                      r  tm3_clk_v0_IBUF_BUFG_inst/I
                         BUFG (Prop_bufg_I_O)         0.030     0.514 r  tm3_clk_v0_IBUF_BUFG_inst/O
                         net (fo=9322, unplaced)      0.267     0.781    scaler_inst_left/scl_h_fltr_inst/ints_sh_reg_4_0/tm3_clk_v0_IBUF_BUFG
                                                                      r  scaler_inst_left/scl_h_fltr_inst/ints_sh_reg_4_0/dout_1_reg[5]_srl2/CLK
                         clock pessimism             -0.183     0.598    
                         SRL16E (Hold_srl16e_CLK_D)
                                                      0.102     0.700    scaler_inst_left/scl_h_fltr_inst/ints_sh_reg_4_0/dout_1_reg[5]_srl2
  -------------------------------------------------------------------
                         required time                         -0.700    
                         arrival time                           0.803    
  -------------------------------------------------------------------
                         slack                                  0.102    

Slack (MET) :             0.102ns  (arrival time - required time)
  Source:                 scaler_inst_right/scl_v_fltr_inst/add_2_tmp_reg[2]/C
                            (rising edge-triggered cell FDRE clocked by tm3_clk_v0  {rise@0.000ns fall@0.750ns period=1.500ns})
  Destination:            scaler_inst_right/scl_h_fltr_inst/ints_sh_reg_2_0/dout_1_reg[0]_srl2/D
                            (rising edge-triggered cell SRL16E clocked by tm3_clk_v0  {rise@0.000ns fall@0.750ns period=1.500ns})
  Path Group:             tm3_clk_v0
  Path Type:              Hold (Min at Fast Process Corner)
  Requirement:            0.000ns  (tm3_clk_v0 rise@0.000ns - tm3_clk_v0 rise@0.000ns)
  Data Path Delay:        0.218ns  (logic 0.118ns (54.187%)  route 0.100ns (45.813%))
  Logic Levels:           0  
  Clock Path Skew:        0.013ns (DCD - SCD - CPR)
    Destination Clock Delay (DCD):    0.781ns
    Source Clock Delay      (SCD):    0.585ns
    Clock Pessimism Removal (CPR):    0.183ns

    Location             Delay type                Incr(ns)  Path(ns)    Netlist Resource(s)
  -------------------------------------------------------------------    -------------------
                         (clock tm3_clk_v0 rise edge)
                                                      0.000     0.000 r  
                                                      0.000     0.000 r  tm3_clk_v0
                         net (fo=0)                   0.000     0.000    tm3_clk_v0
                                                                      r  tm3_clk_v0_IBUF_inst/I
                         IBUF (Prop_ibuf_I_O)         0.052     0.052 r  tm3_clk_v0_IBUF_inst/O
                         net (fo=1, unplaced)         0.253     0.305    tm3_clk_v0_IBUF
                                                                      r  tm3_clk_v0_IBUF_BUFG_inst/I
                         BUFG (Prop_bufg_I_O)         0.026     0.331 r  tm3_clk_v0_IBUF_BUFG_inst/O
                         net (fo=9322, unplaced)      0.253     0.585    scaler_inst_right/scl_v_fltr_inst/tm3_clk_v0_IBUF_BUFG
                                                                      r  scaler_inst_right/scl_v_fltr_inst/add_2_tmp_reg[2]/C
  -------------------------------------------------------------------    -------------------
                         FDRE (Prop_fdre_C_Q)         0.118     0.703 r  scaler_inst_right/scl_v_fltr_inst/add_2_tmp_reg[2]/Q
                         net (fo=1, unplaced)         0.100     0.803    scaler_inst_right/scl_h_fltr_inst/ints_sh_reg_2_0/Q[0]
                         SRL16E                                       r  scaler_inst_right/scl_h_fltr_inst/ints_sh_reg_2_0/dout_1_reg[0]_srl2/D
  -------------------------------------------------------------------    -------------------

                         (clock tm3_clk_v0 rise edge)
                                                      0.000     0.000 r  
                                                      0.000     0.000 r  tm3_clk_v0
                         net (fo=0)                   0.000     0.000    tm3_clk_v0
                                                                      r  tm3_clk_v0_IBUF_inst/I
                         IBUF (Prop_ibuf_I_O)         0.217     0.217 r  tm3_clk_v0_IBUF_inst/O
                         net (fo=1, unplaced)         0.267     0.484    tm3_clk_v0_IBUF
                                                                      r  tm3_clk_v0_IBUF_BUFG_inst/I
                         BUFG (Prop_bufg_I_O)         0.030     0.514 r  tm3_clk_v0_IBUF_BUFG_inst/O
                         net (fo=9322, unplaced)      0.267     0.781    scaler_inst_right/scl_h_fltr_inst/ints_sh_reg_2_0/tm3_clk_v0_IBUF_BUFG
                                                                      r  scaler_inst_right/scl_h_fltr_inst/ints_sh_reg_2_0/dout_1_reg[0]_srl2/CLK
                         clock pessimism             -0.183     0.598    
                         SRL16E (Hold_srl16e_CLK_D)
                                                      0.102     0.700    scaler_inst_right/scl_h_fltr_inst/ints_sh_reg_2_0/dout_1_reg[0]_srl2
  -------------------------------------------------------------------
                         required time                         -0.700    
                         arrival time                           0.803    
  -------------------------------------------------------------------
                         slack                                  0.102    

Slack (MET) :             0.102ns  (arrival time - required time)
  Source:                 scaler_inst_right/scl_v_fltr_inst/add_2_tmp_reg[6]/C
                            (rising edge-triggered cell FDRE clocked by tm3_clk_v0  {rise@0.000ns fall@0.750ns period=1.500ns})
  Destination:            scaler_inst_right/scl_h_fltr_inst/ints_sh_reg_2_0/dout_1_reg[4]_srl2/D
                            (rising edge-triggered cell SRL16E clocked by tm3_clk_v0  {rise@0.000ns fall@0.750ns period=1.500ns})
  Path Group:             tm3_clk_v0
  Path Type:              Hold (Min at Fast Process Corner)
  Requirement:            0.000ns  (tm3_clk_v0 rise@0.000ns - tm3_clk_v0 rise@0.000ns)
  Data Path Delay:        0.218ns  (logic 0.118ns (54.187%)  route 0.100ns (45.813%))
  Logic Levels:           0  
  Clock Path Skew:        0.013ns (DCD - SCD - CPR)
    Destination Clock Delay (DCD):    0.781ns
    Source Clock Delay      (SCD):    0.585ns
    Clock Pessimism Removal (CPR):    0.183ns

    Location             Delay type                Incr(ns)  Path(ns)    Netlist Resource(s)
  -------------------------------------------------------------------    -------------------
                         (clock tm3_clk_v0 rise edge)
                                                      0.000     0.000 r  
                                                      0.000     0.000 r  tm3_clk_v0
                         net (fo=0)                   0.000     0.000    tm3_clk_v0
                                                                      r  tm3_clk_v0_IBUF_inst/I
                         IBUF (Prop_ibuf_I_O)         0.052     0.052 r  tm3_clk_v0_IBUF_inst/O
                         net (fo=1, unplaced)         0.253     0.305    tm3_clk_v0_IBUF
                                                                      r  tm3_clk_v0_IBUF_BUFG_inst/I
                         BUFG (Prop_bufg_I_O)         0.026     0.331 r  tm3_clk_v0_IBUF_BUFG_inst/O
                         net (fo=9322, unplaced)      0.253     0.585    scaler_inst_right/scl_v_fltr_inst/tm3_clk_v0_IBUF_BUFG
                                                                      r  scaler_inst_right/scl_v_fltr_inst/add_2_tmp_reg[6]/C
  -------------------------------------------------------------------    -------------------
                         FDRE (Prop_fdre_C_Q)         0.118     0.703 r  scaler_inst_right/scl_v_fltr_inst/add_2_tmp_reg[6]/Q
                         net (fo=1, unplaced)         0.100     0.803    scaler_inst_right/scl_h_fltr_inst/ints_sh_reg_2_0/Q[4]
                         SRL16E                                       r  scaler_inst_right/scl_h_fltr_inst/ints_sh_reg_2_0/dout_1_reg[4]_srl2/D
  -------------------------------------------------------------------    -------------------

                         (clock tm3_clk_v0 rise edge)
                                                      0.000     0.000 r  
                                                      0.000     0.000 r  tm3_clk_v0
                         net (fo=0)                   0.000     0.000    tm3_clk_v0
                                                                      r  tm3_clk_v0_IBUF_inst/I
                         IBUF (Prop_ibuf_I_O)         0.217     0.217 r  tm3_clk_v0_IBUF_inst/O
                         net (fo=1, unplaced)         0.267     0.484    tm3_clk_v0_IBUF
                                                                      r  tm3_clk_v0_IBUF_BUFG_inst/I
                         BUFG (Prop_bufg_I_O)         0.030     0.514 r  tm3_clk_v0_IBUF_BUFG_inst/O
                         net (fo=9322, unplaced)      0.267     0.781    scaler_inst_right/scl_h_fltr_inst/ints_sh_reg_2_0/tm3_clk_v0_IBUF_BUFG
                                                                      r  scaler_inst_right/scl_h_fltr_inst/ints_sh_reg_2_0/dout_1_reg[4]_srl2/CLK
                         clock pessimism             -0.183     0.598    
                         SRL16E (Hold_srl16e_CLK_D)
                                                      0.102     0.700    scaler_inst_right/scl_h_fltr_inst/ints_sh_reg_2_0/dout_1_reg[4]_srl2
  -------------------------------------------------------------------
                         required time                         -0.700    
                         arrival time                           0.803    
  -------------------------------------------------------------------
                         slack                                  0.102    

Slack (MET) :             0.102ns  (arrival time - required time)
  Source:                 scaler_inst_right/scl_v_fltr_inst/add_4_tmp_reg[5]/C
                            (rising edge-triggered cell FDRE clocked by tm3_clk_v0  {rise@0.000ns fall@0.750ns period=1.500ns})
  Destination:            scaler_inst_right/scl_h_fltr_inst/ints_sh_reg_4_0/dout_1_reg[1]_srl2/D
                            (rising edge-triggered cell SRL16E clocked by tm3_clk_v0  {rise@0.000ns fall@0.750ns period=1.500ns})
  Path Group:             tm3_clk_v0
  Path Type:              Hold (Min at Fast Process Corner)
  Requirement:            0.000ns  (tm3_clk_v0 rise@0.000ns - tm3_clk_v0 rise@0.000ns)
  Data Path Delay:        0.218ns  (logic 0.118ns (54.187%)  route 0.100ns (45.813%))
  Logic Levels:           0  
  Clock Path Skew:        0.013ns (DCD - SCD - CPR)
    Destination Clock Delay (DCD):    0.781ns
    Source Clock Delay      (SCD):    0.585ns
    Clock Pessimism Removal (CPR):    0.183ns

    Location             Delay type                Incr(ns)  Path(ns)    Netlist Resource(s)
  -------------------------------------------------------------------    -------------------
                         (clock tm3_clk_v0 rise edge)
                                                      0.000     0.000 r  
                                                      0.000     0.000 r  tm3_clk_v0
                         net (fo=0)                   0.000     0.000    tm3_clk_v0
                                                                      r  tm3_clk_v0_IBUF_inst/I
                         IBUF (Prop_ibuf_I_O)         0.052     0.052 r  tm3_clk_v0_IBUF_inst/O
                         net (fo=1, unplaced)         0.253     0.305    tm3_clk_v0_IBUF
                                                                      r  tm3_clk_v0_IBUF_BUFG_inst/I
                         BUFG (Prop_bufg_I_O)         0.026     0.331 r  tm3_clk_v0_IBUF_BUFG_inst/O
                         net (fo=9322, unplaced)      0.253     0.585    scaler_inst_right/scl_v_fltr_inst/tm3_clk_v0_IBUF_BUFG
                                                                      r  scaler_inst_right/scl_v_fltr_inst/add_4_tmp_reg[5]/C
  -------------------------------------------------------------------    -------------------
                         FDRE (Prop_fdre_C_Q)         0.118     0.703 r  scaler_inst_right/scl_v_fltr_inst/add_4_tmp_reg[5]/Q
                         net (fo=1, unplaced)         0.100     0.803    scaler_inst_right/scl_h_fltr_inst/ints_sh_reg_4_0/I1[1]
                         SRL16E                                       r  scaler_inst_right/scl_h_fltr_inst/ints_sh_reg_4_0/dout_1_reg[1]_srl2/D
  -------------------------------------------------------------------    -------------------

                         (clock tm3_clk_v0 rise edge)
                                                      0.000     0.000 r  
                                                      0.000     0.000 r  tm3_clk_v0
                         net (fo=0)                   0.000     0.000    tm3_clk_v0
                                                                      r  tm3_clk_v0_IBUF_inst/I
                         IBUF (Prop_ibuf_I_O)         0.217     0.217 r  tm3_clk_v0_IBUF_inst/O
                         net (fo=1, unplaced)         0.267     0.484    tm3_clk_v0_IBUF
                                                                      r  tm3_clk_v0_IBUF_BUFG_inst/I
                         BUFG (Prop_bufg_I_O)         0.030     0.514 r  tm3_clk_v0_IBUF_BUFG_inst/O
                         net (fo=9322, unplaced)      0.267     0.781    scaler_inst_right/scl_h_fltr_inst/ints_sh_reg_4_0/tm3_clk_v0_IBUF_BUFG
                                                                      r  scaler_inst_right/scl_h_fltr_inst/ints_sh_reg_4_0/dout_1_reg[1]_srl2/CLK
                         clock pessimism             -0.183     0.598    
                         SRL16E (Hold_srl16e_CLK_D)
                                                      0.102     0.700    scaler_inst_right/scl_h_fltr_inst/ints_sh_reg_4_0/dout_1_reg[1]_srl2
  -------------------------------------------------------------------
                         required time                         -0.700    
                         arrival time                           0.803    
  -------------------------------------------------------------------
                         slack                                  0.102    




