Copyright 1986-2014 Xilinx, Inc. All Rights Reserved.
------------------------------------------------------------------------------------
| Tool Version : Vivado v.2014.3 (lin64) Build 1034051 Fri Oct  3 16:32:59 MDT 2014
| Date         : Wed Apr  8 18:00:25 2015
| Host         : paasei running 64-bit Scientific Linux release 6.5 (Carbon)
| Command      : report_utilization -file postRoute.utilization.rpt
| Design       : system
| Device       : xcku035
| Design State : Routed
------------------------------------------------------------------------------------

Utilization Design Information

Table of Contents
-----------------
1. CLB Logic
1.1 Summary of Registers by Type
2. CLB Logic Distribution
3. BLOCKRAM
4. ARITHMETIC
5. I/O
6. CLOCK
7. ADVANCED
8. CONFIGURATION
9. Primitives
10. Black Boxes
11. Instantiated Netlists

1. CLB Logic
------------

+-------------------------+------+-------+-----------+-------+
|        Site Type        | Used | Fixed | Available | Util% |
+-------------------------+------+-------+-----------+-------+
| CLB LUTs                |  725 |     0 |    203128 |  0.35 |
|   LUT as Logic          |  725 |     0 |    203128 |  0.35 |
|   LUT as Memory         |    0 |     0 |    112800 |  0.00 |
| CLB Registers           |  278 |     0 |    406256 |  0.06 |
|   Register as Flip Flop |  278 |     0 |    406256 |  0.06 |
|   Register as Latch     |    0 |     0 |    406256 |  0.00 |
| CARRY8                  |   12 |     0 |     30300 |  0.03 |
| F7 Muxes                |   12 |     0 |    121200 | <0.01 |
| F8 Muxes                |    0 |     0 |     60600 |  0.00 |
| F9 Muxes                |    0 |     0 |     30300 |  0.00 |
+-------------------------+------+-------+-----------+-------+


1.1 Summary of Registers by Type
--------------------------------

+-------+--------------+-------------+--------------+
| Total | Clock Enable | Synchronous | Asynchronous |
+-------+--------------+-------------+--------------+
| 0     |            _ |           - |            - |
| 0     |            _ |           - |          Set |
| 0     |            _ |           - |        Reset |
| 0     |            _ |         Set |            - |
| 0     |            _ |       Reset |            - |
| 0     |          Yes |           - |            - |
| 0     |          Yes |           - |          Set |
| 0     |          Yes |           - |        Reset |
| 0     |          Yes |         Set |            - |
| 278   |          Yes |       Reset |            - |
+-------+--------------+-------------+--------------+


2. CLB Logic Distribution
-------------------------

+-------------------------------------------------------------+----------+-------+-----------+-------+
|                          Site Type                          |   Used   | Fixed | Available | Util% |
+-------------------------------------------------------------+----------+-------+-----------+-------+
| CLB                                                         |      185 |     0 |     30300 |  0.61 |
|   CLBL                                                      |      122 |     0 |           |       |
|   CLBM                                                      |       63 |     0 |           |       |
| LUT as Logic                                                |      725 |     0 |    203128 |  0.35 |
|   using O5 output only                                      |       19 |       |           |       |
|   using O6 output only                                      |      646 |       |           |       |
|   using O5 and O6                                           |       60 |       |           |       |
| LUT as Memory                                               |        0 |     0 |    112800 |  0.00 |
|   LUT as Distributed RAM                                    |        0 |     0 |           |       |
|   LUT as Shift Register                                     |        0 |     0 |           |       |
| LUT Flip Flop Pairs                                         |      745 |     0 |    203128 |  0.36 |
|   fully used LUT-FF pairs                                   |      149 |       |           |       |
|   LUT-FF pairs with unused LUT                              |       39 |       |           |       |
|   LUT-FF pairs with unused Flip Flop                        |      557 |       |           |       |
| Unique Control Sets                                         |       14 |       |           |       |
| Minimum number of registers lost to control set restriction | 14(Lost) |       |           |       |
+-------------------------------------------------------------+----------+-------+-----------+-------+


3. BLOCKRAM
-----------

+-------------------+------+-------+-----------+-------+
|     Site Type     | Used | Fixed | Available | Util% |
+-------------------+------+-------+-----------+-------+
| Block RAM Tile    |   30 |     0 |       540 |  5.55 |
|   RAMB36/FIFO*    |   29 |     0 |       540 |  5.37 |
|     RAMB36E2 only |   29 |       |           |       |
|   RAMB18          |    2 |     0 |      1080 |  0.18 |
|     RAMB18E2 only |    2 |       |           |       |
+-------------------+------+-------+-----------+-------+
* Note: Each Block RAM Tile only has one FIFO logic available and therefore can accommodate only one FIFO36E2 or one FIFO18E2. However, if a FIFO18E2 occupies a Block RAM Tile, that tile can still accommodate a RAMB18E2


4. ARITHMETIC
-------------

+----------------+------+-------+-----------+-------+
|    Site Type   | Used | Fixed | Available | Util% |
+----------------+------+-------+-----------+-------+
| DSPs           |    1 |     0 |      1700 |  0.05 |
|   DSP48E2 only |    1 |       |           |       |
+----------------+------+-------+-----------+-------+


5. I/O
------

+------------------+------+-------+-----------+-------+
|     Site Type    | Used | Fixed | Available | Util% |
+------------------+------+-------+-----------+-------+
| Bonded IOB       |  128 |     0 |       520 | 24.61 |
| HPIOB            |   32 |     0 |       416 |  7.69 |
|   INPUT          |   32 |       |           |       |
|   OUTPUT         |    0 |       |           |       |
|   BIDIR          |    0 |       |           |       |
| HRIO             |   96 |     0 |       104 | 92.30 |
|   INPUT          |   64 |       |           |       |
|   OUTPUT         |   32 |       |           |       |
|   BIDIR          |    0 |       |           |       |
| HPIOBDIFFINBUF   |    0 |     0 |       192 |  0.00 |
| HPIOBDIFFOUTBUF  |    0 |     0 |       192 |  0.00 |
| HRIODIFFINBUF    |    0 |     0 |        48 |  0.00 |
| HRIODIFFOUTBUF   |    0 |     0 |        48 |  0.00 |
| BITSLICE_CONTROL |    0 |     0 |        80 |  0.00 |
| BITSLICE_RX_TX   |    0 |     0 |       520 |  0.00 |
| BITSLICE_TX      |    0 |     0 |        80 |  0.00 |
| RIU_OR           |    0 |     0 |        40 |  0.00 |
+------------------+------+-------+-----------+-------+


6. CLOCK
--------

+----------------------+------+-------+-----------+-------+
|       Site Type      | Used | Fixed | Available | Util% |
+----------------------+------+-------+-----------+-------+
| GLOBAL CLOCK BUFFERs |    1 |     0 |       240 |  0.41 |
|   BUFGCE             |    1 |     0 |           |       |
| BUFG_GT_SYNC         |    0 |     0 |        55 |  0.00 |
| BUFG_GT              |    0 |     0 |       120 |  0.00 |
| PLLE3_ADV            |    0 |     0 |        20 |  0.00 |
| MMCME3_ADV           |    0 |     0 |        10 |  0.00 |
+----------------------+------+-------+-----------+-------+
* Note: Each used BUFGCTRL counts as two global buffer resources.


7. ADVANCED
-----------

+-----------------+------+-------+-----------+-------+
|    Site Type    | Used | Fixed | Available | Util% |
+-----------------+------+-------+-----------+-------+
| GTHE3_CHANNEL   |    0 |     0 |        20 |  0.00 |
| GTHE3_COMMON    |    0 |     0 |         5 |  0.00 |
| IBUFDS_GTE3     |    0 |     0 |         5 |  0.00 |
| OBUFDS_GTE3     |    0 |     0 |         5 |  0.00 |
| OBUFDS_GTE3_ADV |    0 |     0 |         5 |  0.00 |
| PCIE_3_1        |    0 |     0 |         3 |  0.00 |
| SYSMONE1        |    0 |     0 |         1 |  0.00 |
+-----------------+------+-------+-----------+-------+


8. CONFIGURATION
----------------

+-----------+------+-------+-----------+-------+
| Site Type | Used | Fixed | Available | Util% |
+-----------+------+-------+-----------+-------+
| BSCANE2   |    0 |     0 |         4 |  0.00 |
| EFUSE_USR |    0 |     0 |         1 |  0.00 |
+-----------+------+-------+-----------+-------+


9. Primitives
-------------

+----------+------+---------------------+
| Ref Name | Used | Functional Category |
+----------+------+---------------------+
| FDRE     |  278 |            Register |
| LUT5     |  246 |                 CLB |
| LUT6     |  201 |                 CLB |
| LUT3     |  152 |                 CLB |
| INBUF    |   96 |                 I/O |
| IBUFCTRL |   96 |              Others |
| LUT4     |   78 |                 CLB |
| LUT2     |   57 |                 CLB |
| LUT1     |   51 |                 CLB |
| OBUF     |   32 |                 I/O |
| RAMB36E2 |   29 |           Block Ram |
| MUXF7    |   12 |                 CLB |
| CARRY8   |   12 |                 CLB |
| RAMB18E2 |    2 |           Block Ram |
| DSP48E2  |    1 |          Arithmetic |
| BUFGCE   |    1 |               Clock |
+----------+------+---------------------+


10. Black Boxes
---------------

+----------+------+
| Ref Name | Used |
+----------+------+


11. Instantiated Netlists
-------------------------

+----------+------+
| Ref Name | Used |
+----------+------+


